UUID {0A7C0CF8-7BAA-49FF-835A-0B97DA89B9D4}: URL https://paikkatieto.ymparisto.fi/arcgis/services/INSPIRE/SYKE_VaestonTerveysJaTurvallisuus/MapServer/WMSServer?request=GetCapabilities&service=WMS failed - URL responded with status code: 404
UUID 251b0d02-d251-4189-be4f-48963bb50f18: URL https://paikkatietopalvelu.pirnet.fi/arcgis/services/orivesi/kaava_ajantasa_WxS/MapServer/WMSServer?request=GetCapabilities&service=WMS failed - URL responded with status code: 400
UUID bf238561-eb04-4c0b-b9dc-113fb5c6b3c4: URL https://openwms.fmi.fi/geoserver/Weather/wms?service=WMS&version=1.3.0&request=GetCapabilities failed - URL responded with status code: 404
UUID 24e6a5a3-36d3-48b1-a53c-81ca65e2b9c1: URL https://paikkatieto.sweco.fi/wms/kauhava/kartta failed - HTTPSConnectionPool(host='paikkatieto.sweco.fi', port=443): Max retries exceeded with url: /wms/kauhava/kartta (Caused by SSLError(SSLCertVerificationError(1, "[SSL: CERTIFICATE_VERIFY_FAILED] certificate verify failed: Hostname mismatch, certificate is not valid for 'paikkatieto.sweco.fi'. (_ssl.c:1006)")))
UUID 0adc3a08-0a5a-40a9-a6d0-a7979d7522fc: URL https://geosrv.sipoo.fi/geoserver/ows?service=WMS&request=getcapabilities failed - HTTPSConnectionPool(host='geosrv.sipoo.fi', port=443): Max retries exceeded with url: /geoserver/ows?service=WMS&request=getcapabilities (Caused by ProxyError('Unable to connect to proxy', OSError('Tunnel connection failed: 503 Service Unavailable')))
UUID {5F95B099-0EAC-44DC-A1D5-B5B4A388A862}: URL https://paikkatieto.ymparisto.fi/arcgis/services/INSPIRE/SYKE_Ortoilmakuvat/MapServer/WMSServer?request=GetCapabilities&service=WMS failed - URL responded with status code: 404
UUID {27D3884E-3E00-47C0-8043-ECCEF659F93C}: URL https://paikkatieto.ymparisto.fi/arcgis/services/INSPIRE/SYKE_AlueidenHallintaJaRajoitukset3/MapServer/WMSServer?request=GetCapabilities&service=WMS failed - URL responded with status code: 404
UUID {CF5DEA48-E8E4-49AA-8EDB-DBE862B92F07}: URL https://paikkatieto.ymparisto.fi/arcgis/services/INSPIRE/SYKE_AlueidenHallintaJaRajoitukset2/MapServer/WMSServer?request=GetCapabilities&service=WMS failed - URL responded with status code: 404
UUID {0FD2F424-2C22-4384-A0C6-65AF19DED2A9}: URL https://paikkatieto.ymparisto.fi/arcgis/services/INSPIRE/SYKE_Ortoilmakuvat/MapServer/WMSServer?request=GetCapabilities&service=WMS failed - URL responded with status code: 404
UUID {94D48E72-5150-4D21-86E6-361506DAD28A}: URL https://paikkatieto.ymparisto.fi/arcgis/services/INSPIRE/SYKE_Ortoilmakuvat/MapServer/WMSServer?request=GetCapabilities&service=WMS failed - URL responded with status code: 404
UUID c6b7bd33-6d99-430c-9030-aea4f880ae5d: URL https://geosrv.sipoo.fi/geoserver/ows?service=WMS&request=getcapabilities failed - HTTPSConnectionPool(host='geosrv.sipoo.fi', port=443): Max retries exceeded with url: /geoserver/ows?service=WMS&request=getcapabilities (Caused by ProxyError('Unable to connect to proxy', OSError('Tunnel connection failed: 503 Service Unavailable')))
UUID {AFBC7507-2167-4224-8CBA-37E1B6C975A3}: URL https://paikkatieto.ymparisto.fi/arcgis/services/INSPIRE/SYKE_AlueidenHallintaJaRajoitukset2/MapServer/WMSServer?request=GetCapabilities&service=WMS failed - URL responded with status code: 404
UUID {5168AC0A-DD96-4231-9B4A-26DEAC055DC4}: URL https://paikkatieto.ymparisto.fi/arcgis/services/INSPIRE/SYKE_YmparistontilanSeuranta/MapServer/WMSServer?request=GetCapabilities&service=WMS failed - URL responded with status code: 404
UUID {AF913A8D-484D-4313-ABD4-AE65A46A391E}: URL https://paikkatieto.ymparisto.fi/arcgis/services/INSPIRE/SYKE_Luonnonriskialueet/MapServer/WMSServer?request=GetCapabilities&service=WMS failed - URL responded with status code: 404
UUID b31d8059-1660-4d1f-9d40-8b14bad0870a: URL http://193.208.197.20/ValkeakoskiWMS.mapdef?service=WMS&request=GetCapabilities&Version=1.1.1 failed - URL responded with status code: 503
UUID b31d8059-1660-4d1f-9d40-8b14bad0870a: URL http://193.208.197.20/ValkeakoskiWMS.mapdef?service=WMS&request=GetCapabilities&Version=1.1.1 failed - URL responded with status code: 503
UUID a338db6d-d43f-45fc-b1a7-3e644e9e31e4: URL https://avoindata.kotka.fi:8443/geoserver/KOTKA/wms?SERVICE=WMS&request=GetCapabilities failed - HTTPSConnectionPool(host='avoindata.kotka.fi', port=8443): Read timed out. (read timeout=5)
UUID 859de0e1-f189-49ae-8e89-dd2eae806a07: URL https://kartta.tuusula.fi/tuusula_ows/ows.ashx?request=GetCapabilities&Service=WMS failed - URL responded with status code: 401
UUID 63ac4ea4-be2c-4f79-8c44-6d2927aee17c: URL https://paikkatietopalvelu.pirnet.fi/arcgis/services/orivesi/kaava_suunnittelutarvealue/MapServer/WMSServer?request=GetCapabilities&service=WMS failed - URL responded with status code: 400
UUID 5cd6826d-cf1f-4ed7-9b38-401d0a102d1d: URL https://geosrv.sipoo.fi/geoserver/ows?service=WMS&request=getcapabilities failed - HTTPSConnectionPool(host='geosrv.sipoo.fi', port=443): Max retries exceeded with url: /geoserver/ows?service=WMS&request=getcapabilities (Caused by ProxyError('Unable to connect to proxy', OSError('Tunnel connection failed: 503 Service Unavailable')))
UUID 47722710-bcc0-42ea-be0c-e40f1b03a1d2: URL https://paikkatietopalvelu.pirnet.fi/arcgis/services/orivesi/kaava_rakennuskielto/MapServer/WMSServer?request=GetCapabilities&service=WMS failed - URL responded with status code: 400
UUID c884b8f2-d8b2-44eb-a7c2-5311d955c5a1: URL https://sopimus-karttakuva.maanmittauslaitos.fi/sopimus/service/wms?service=WMS&version=1.3.0&request=GetCapabilities failed - URL responded with status code: 401
UUID d54dbd1d-4a8e-49af-99c2-76cb45398edf: URL https://extranet.liikennevirasto.fi/inspirepalvelu/TransportNetworks/wms failed - URL responded with status code: 503
UUID 3152a3c5-802b-4f0d-85f1-18b50c9f8d98: URL https://kartta.sastamala.fi/arcgis/services/INSPIRE/PLU_YK/MapServer/WMSServer?request=GetCapabilities&service=WMS failed - HTTPSConnectionPool(host='kartta.sastamala.fi', port=443): Read timed out. (read timeout=5)
UUID 2f642310-df2d-4334-b2e4-a8ad747f96dd: URL http://kartat.espoo.fi/TeklaOgcWeb/WMS.ashx?REQUEST=GetCapabilities&SERVICE=WMS&VERSION=1.1.1. failed - URL responded with status code: 404
UUID {8F45F7BF-669F-4434-A8DB-8E686933F6FF}: URL https://paikkatieto.ymparisto.fi/arcgis/services/INSPIRE/SYKE_Geologia/MapServer/WMSServer?request=GetCapabilities&service=WMS failed - URL responded with status code: 404
UUID 8bb8de41-010f-4f9d-8195-e893a97be44d: URL https://geosrv.sipoo.fi/geoserver/ows?service=WMS&request=getcapabilities failed - HTTPSConnectionPool(host='geosrv.sipoo.fi', port=443): Max retries exceeded with url: /geoserver/ows?service=WMS&request=getcapabilities (Caused by ProxyError('Unable to connect to proxy', OSError('Tunnel connection failed: 503 Service Unavailable')))
UUID {11F3E166-1B35-4628-BE18-45D1A09A097F}: URL https://paikkatieto.ymparisto.fi/arcgis/services/INSPIRE/SYKE_AlueidenHallintaJaRajoitukset2/MapServer/WMSServer?request=GetCapabilities&service=WMS failed - URL responded with status code: 404
UUID {193219CE-197F-4717-8D40-E7EDF6884A1E}: URL https://paikkatieto.ymparisto.fi/arcgis/services/INSPIRE/SYKE_EliomaantieteellisetAlueet/MapServer/WMSServer?request=GetCapabilities&service=WMS failed - URL responded with status code: 404
UUID 8bc5dfd6-752a-40bc-9620-d67e43ab07ae: URL https://ws.nls.fi/rasteriaineistot/capabilities.xml?service=WMS&request=GetCapabilities&version=1.3.0&updatesequence=0&language=fin failed - URL responded with status code: 403
UUID {E15CD0B3-3934-4ABC-BF23-A8C622FA6A57}: URL https://paikkatieto.ymparisto.fi/arcgis/services/INSPIRE/SYKE_Hydrografia/MapServer/WMSServer?request=GetCapabilities&service=WMS failed - URL responded with status code: 404
UUID {6AF42DE4-EB9A-4568-9E6C-90BEF19673D0}: URL https://paikkatieto.ymparisto.fi/arcgis/services/INSPIRE/SYKE_AlueidenHallintaJaRajoitukset1/MapServer/WMSServer?request=GetCapabilities&service=WMS failed - URL responded with status code: 404
UUID {664BE696-C6A5-4FC4-8D6A-7D2E63D0E9C6}: URL https://paikkatieto.ymparisto.fi/arcgis/services/INSPIRE/SYKE_EliomaantieteellisetAlueet/MapServer/WMSServer?request=GetCapabilities&service=WMS failed - URL responded with status code: 404
UUID {A3748B80-6E63-4460-A8B7-72CB9884F69B}: URL https://paikkatieto.ymparisto.fi/arcgis/services/INSPIRE/SYKE_AlueidenHallintaJaRajoitukset1/MapServer/WMSServer?request=GetCapabilities&service=WMS failed - URL responded with status code: 404
UUID ef98a396-4b22-4471-ae9e-b1f7ccf160d8: URL https://geosrv.sipoo.fi/geoserver/ows?service=WMS&request=getcapabilities failed - HTTPSConnectionPool(host='geosrv.sipoo.fi', port=443): Max retries exceeded with url: /geoserver/ows?service=WMS&request=getcapabilities (Caused by ProxyError('Unable to connect to proxy', OSError('Tunnel connection failed: 503 Service Unavailable')))
UUID d3cb5f91-e0ce-4c6c-9395-956d6f8c7fe2: URL https://geosrv.sipoo.fi/geoserver/ows?service=WMS&request=getcapabilities failed - HTTPSConnectionPool(host='geosrv.sipoo.fi', port=443): Max retries exceeded with url: /geoserver/ows?service=WMS&request=getcapabilities (Caused by ProxyError('Unable to connect to proxy', OSError('Tunnel connection failed: 503 Service Unavailable')))
UUID 2cfe9509-1cdc-45e3-aba6-2c63512c216c: URL https://kartta.hsy.fi/geoserver/wms?request=GetCapabilities&service=WMS failed - HTTPSConnectionPool(host='kartta.hsy.fi', port=443): Max retries exceeded with url: /geoserver/wms?request=GetCapabilities&service=WMS (Caused by SSLError(SSLCertVerificationError(1, '[SSL: CERTIFICATE_VERIFY_FAILED] certificate verify failed: unable to get local issuer certificate (_ssl.c:1006)')))
UUID 53cd4b95-66bd-4fb6-9404-f10accdc1851: URL https://kartta.sastamala.fi/arcgis/services/INSPIRE/PLU_AK/MapServer/WMSServer?request=GetCapabilities&service=WMS failed - HTTPSConnectionPool(host='kartta.sastamala.fi', port=443): Read timed out. (read timeout=5)
UUID 1d430def-6096-4825-8833-47c41ee05a9e: URL https://kartta.hsy.fi/geoserver/wms?request=GetCapabilities&service=WMS failed - HTTPSConnectionPool(host='kartta.hsy.fi', port=443): Max retries exceeded with url: /geoserver/wms?request=GetCapabilities&service=WMS (Caused by SSLError(SSLCertVerificationError(1, '[SSL: CERTIFICATE_VERIFY_FAILED] certificate verify failed: unable to get local issuer certificate (_ssl.c:1006)')))
UUID 3eb62faf-e130-4411-995f-bab425d8dbf7: URL https://geosrv.sipoo.fi/geoserver/ows?service=WMS&request=getcapabilities failed - HTTPSConnectionPool(host='geosrv.sipoo.fi', port=443): Max retries exceeded with url: /geoserver/ows?service=WMS&request=getcapabilities (Caused by ProxyError('Unable to connect to proxy', OSError('Tunnel connection failed: 503 Service Unavailable')))
UUID 28309863-8ca5-46da-aa6e-69b75b82cc11: URL https://geosrv.sipoo.fi/geoserver/ows?service=WMS&request=getcapabilities failed - HTTPSConnectionPool(host='geosrv.sipoo.fi', port=443): Max retries exceeded with url: /geoserver/ows?service=WMS&request=getcapabilities (Caused by ProxyError('Unable to connect to proxy', OSError('Tunnel connection failed: 503 Service Unavailable')))
UUID {ED80465E-135B-4391-AA8A-FE2038FB224D}: URL https://paikkatieto.ymparisto.fi/arcgis/services/INSPIRE/SYKE_SuojellutAlueet/MapServer/WMSServer?request=GetCapabilities&service=WMS failed - URL responded with status code: 404
UUID {B0ADFE1E-F6A9-4EA5-ACBA-729C6104E961}: URL https://paikkatieto.ymparisto.fi/arcgis/services/INSPIRE/SYKE_YmparistontilanSeuranta/MapServer/WMSServer?request=GetCapabilities&service=WMS failed - URL responded with status code: 404
UUID {A4E22721-F8B2-4AC7-87AA-C68AACD6AA5B}: URL https://paikkatieto.ymparisto.fi/arcgis/services/INSPIRE/SYKE_TuotantoJaTeollisuuslaitokset/MapServer/WMSServer?request=GetCapabilities&service=WMS failed - URL responded with status code: 404
UUID {D8975CE2-CD68-4A0A-A628-D061BFAD9F2B}: URL https://paikkatieto.ymparisto.fi/arcgis/services/INSPIRE/SYKE_Luonnonriskialueet/MapServer/WMSServer?request=GetCapabilities&service=WMS failed - URL responded with status code: 404
UUID {54BE2675-97A3-4258-A625-83E198ED0FFA}: URL https://paikkatieto.ymparisto.fi/arcgis/services/INSPIRE/SYKE_YmparistontilanSeuranta/MapServer/WMSServer?request=GetCapabilities&service=WMS failed - URL responded with status code: 404
UUID {D24AA9B6-1204-47F5-9C57-2FE42803F17F}: URL https://paikkatieto.ymparisto.fi/arcgis/services/INSPIRE/SYKE_YmparistontilanSeuranta/MapServer/WMSServer?request=GetCapabilities&service=WMS failed - URL responded with status code: 404
UUID {4F51E747-E3DC-4223-BD0D-50108396F8A1}: URL https://paikkatieto.ymparisto.fi/arcgis/services/INSPIRE/SYKE_LajienLevinneisyys1/MapServer/WMSServer?request=GetCapabilities&service=WMS failed - URL responded with status code: 404
UUID {C365FF04-F995-469D-A5DA-75005829C7B0}: URL https://paikkatieto.ymparisto.fi/arcgis/services/INSPIRE/SYKE_YleishyodyllisetPalvelut1/MapServer/WMSServer?request=GetCapabilities&service=WMS failed - URL responded with status code: 404
UUID {2AE7F991-3450-43D7-975D-B1E9639696AC}: URL https://paikkatieto.ymparisto.fi/arcgis/services/INSPIRE/SYKE_AlueidenHallintaJaRajoitukset3/MapServer/WMSServer?request=GetCapabilities&service=WMS failed - URL responded with status code: 404
UUID 4f3acd98-afd7-45db-97c5-1dfd4d77b349: URL https://kartta.hsy.fi/geoserver/wms failed - HTTPSConnectionPool(host='kartta.hsy.fi', port=443): Max retries exceeded with url: /geoserver/wms (Caused by SSLError(SSLCertVerificationError(1, '[SSL: CERTIFICATE_VERIFY_FAILED] certificate verify failed: unable to get local issuer certificate (_ssl.c:1006)')))
UUID {EEE47DAE-72EF-403A-AED4-7F5E78E53739}: URL https://paikkatieto.ymparisto.fi/arcgis/services/INSPIRE/SYKE_LajienLevinneisyys2/MapServer/WMSServer?request=GetCapabilities&service=WMS failed - URL responded with status code: 404
UUID {DC4AD1E9-F4E5-4998-825D-D2CA4836A2F5}: URL https://paikkatieto.ymparisto.fi/arcgis/services/INSPIRE/SYKE_Korkeus/MapServer/WMSServer?request=GetCapabilities&service=WMS failed - URL responded with status code: 404
UUID {A0DF9C40-CC7B-4359-8595-5C76B760257C}: URL https://paikkatieto.ymparisto.fi/arcgis/services/INSPIRE/SYKE_ElinymparistotJaBiotoopit/MapServer/WMSServer?request=GetCapabilities&service=WMS failed - URL responded with status code: 404
UUID {C8FC4A42-A2C3-40C4-92CD-2299C688514E}: URL https://paikkatieto.ymparisto.fi/arcgis/services/INSPIRE/SYKE_SuojellutAlueet/MapServer/WMSServer?request=GetCapabilities&service=WMS failed - URL responded with status code: 404
UUID {8172AF18-00FA-44AF-89BC-CBAA3E8EBFE8}: URL https://paikkatieto.ymparisto.fi/arcgis/services/INSPIRE/SYKE_SuojellutAlueet/MapServer/WMSServer?request=GetCapabilities&service=WMS failed - URL responded with status code: 404
