UUID da15ef97-30a1-4e88-a52c-9b7225e31f3e: URL https://inspire.ine.pt/SU/atom/downloadservice.xml failed - HTTPSConnectionPool(host='inspire.ine.pt', port=443): Max retries exceeded with url: /SU/atom/downloadservice.xml (Caused by ProxyError('Unable to connect to proxy', RemoteDisconnected('Remote end closed connection without response')))
UUID ebd6fc2f-d679-4c58-92f6-0e1b941fceac: URL https://inspire.ine.pt/SU/atom/downloadservice.xml failed - HTTPSConnectionPool(host='inspire.ine.pt', port=443): Max retries exceeded with url: /SU/atom/downloadservice.xml (Caused by ProxyError('Unable to connect to proxy', RemoteDisconnected('Remote end closed connection without response')))
UUID c360a39d-e567-447b-83e5-0451d1ce1ce4: URL https://inspire.ine.pt/geoserver/POPRES_BGRI2011_RAA_GRUPOCENTRAL_ORIENTAL/wfs?REQUEST=GetCapabilities&service=wfs&version=2.0.0 failed - HTTPSConnectionPool(host='inspire.ine.pt', port=443): Max retries exceeded with url: /geoserver/POPRES_BGRI2011_RAA_GRUPOCENTRAL_ORIENTAL/wfs?REQUEST=GetCapabilities&service=wfs&version=2.0.0 (Caused by ProxyError('Unable to connect to proxy', RemoteDisconnected('Remote end closed connection without response')))
UUID c011ca27-6cea-4357-9dec-717056dda3b2: URL https://inspire.ine.pt/SU/atom/downloadservice.xml failed - HTTPSConnectionPool(host='inspire.ine.pt', port=443): Max retries exceeded with url: /SU/atom/downloadservice.xml (Caused by ProxyError('Unable to connect to proxy', RemoteDisconnected('Remote end closed connection without response')))
UUID beaaef3b-ad79-4613-ac6d-002b4f96d101: URL https://inspire.ine.pt/geoserver/POPRESH_BGRI2011_RAA_GRUPOCENTRAL_ORIENTAL/wfs?service=wfs&version=2.0.0&request=GetCapabilities failed - HTTPSConnectionPool(host='inspire.ine.pt', port=443): Max retries exceeded with url: /geoserver/POPRESH_BGRI2011_RAA_GRUPOCENTRAL_ORIENTAL/wfs?service=wfs&version=2.0.0&request=GetCapabilities (Caused by ProxyError('Unable to connect to proxy', RemoteDisconnected('Remote end closed connection without response')))
UUID d9e4bd45-5a2f-4471-90e1-7aa262692bce: URL https://inspire.ine.pt/geoserver/FAMILIAS_BGRI2011_RAA_GRUPOOCIDENTAL/wfs?service=wfs&version=2.0.0&request=GetCapabilities failed - HTTPSConnectionPool(host='inspire.ine.pt', port=443): Max retries exceeded with url: /geoserver/FAMILIAS_BGRI2011_RAA_GRUPOOCIDENTAL/wfs?service=wfs&version=2.0.0&request=GetCapabilities (Caused by ProxyError('Unable to connect to proxy', RemoteDisconnected('Remote end closed connection without response')))
UUID cf380ea7-db28-452c-99fb-8cf49d8ad205: URL https://inspire.ine.pt/geoserver/FAMILIAS_BGRI2011_PT_CONTINENTAL/wfs?service=wfs&version=2.0.0&request=GetCapabilities failed - HTTPSConnectionPool(host='inspire.ine.pt', port=443): Max retries exceeded with url: /geoserver/FAMILIAS_BGRI2011_PT_CONTINENTAL/wfs?service=wfs&version=2.0.0&request=GetCapabilities (Caused by ProxyError('Unable to connect to proxy', RemoteDisconnected('Remote end closed connection without response')))
UUID be12bbc7-4f82-4286-beb6-7c628c86e385: URL https://inspire.ine.pt/geoserver/POPRES_BGRI2011_RAA_GRUPOOCIDENTAL/wfs?REQUEST=GetCapabilities&service=wfs&version=2.0.0 failed - HTTPSConnectionPool(host='inspire.ine.pt', port=443): Max retries exceeded with url: /geoserver/POPRES_BGRI2011_RAA_GRUPOOCIDENTAL/wfs?REQUEST=GetCapabilities&service=wfs&version=2.0.0 (Caused by ProxyError('Unable to connect to proxy', RemoteDisconnected('Remote end closed connection without response')))
UUID e1c137d1-794b-486b-ae73-8d5714f76484: URL https://inspire.ine.pt/SU/atom/downloadservice.xml failed - HTTPSConnectionPool(host='inspire.ine.pt', port=443): Max retries exceeded with url: /SU/atom/downloadservice.xml (Caused by ProxyError('Unable to connect to proxy', RemoteDisconnected('Remote end closed connection without response')))
UUID cd594978-8ca1-4339-bd59-ad210a5403c8: URL https://inspire.ine.pt/SU/atom/downloadservice.xml failed - HTTPSConnectionPool(host='inspire.ine.pt', port=443): Max retries exceeded with url: /SU/atom/downloadservice.xml (Caused by ProxyError('Unable to connect to proxy', RemoteDisconnected('Remote end closed connection without response')))
UUID d9342754-b49a-4d50-9ff5-4b21e10f1f0e: URL https://inspire.ine.pt/geoserver/AGUA_SEGURA_RAA_GRUPOCENTRAL_ORIENTAL/wfs?service=wfs&version=2.0.0&request=GetCapabilities failed - HTTPSConnectionPool(host='inspire.ine.pt', port=443): Max retries exceeded with url: /geoserver/AGUA_SEGURA_RAA_GRUPOCENTRAL_ORIENTAL/wfs?service=wfs&version=2.0.0&request=GetCapabilities (Caused by ProxyError('Unable to connect to proxy', RemoteDisconnected('Remote end closed connection without response')))
UUID b1c9b4bf-df0c-40bb-8bd0-e928f15a111e: URL https://inspire.ine.pt/SU/atom/downloadservice.xml failed - HTTPSConnectionPool(host='inspire.ine.pt', port=443): Max retries exceeded with url: /SU/atom/downloadservice.xml (Caused by ProxyError('Unable to connect to proxy', RemoteDisconnected('Remote end closed connection without response')))
UUID d19a78c7-7e4c-4e19-a684-4aab1bc41149: URL https://inspire.ine.pt/geoserver/AGUA_SEGURA_PT_CONTINENTAL/wfs?service=wfs&version=2.0.0&request=GetCapabilities failed - HTTPSConnectionPool(host='inspire.ine.pt', port=443): Max retries exceeded with url: /geoserver/AGUA_SEGURA_PT_CONTINENTAL/wfs?service=wfs&version=2.0.0&request=GetCapabilities (Caused by ProxyError('Unable to connect to proxy', RemoteDisconnected('Remote end closed connection without response')))
UUID aff70999-f1ae-41dc-8856-d4f8694ea9a7: URL https://inspire.ine.pt/geoserver/POPRES_BGRI2011_RAM/wfs?service=wfs&version=2.0.0&request=GetCapabilities failed - HTTPSConnectionPool(host='inspire.ine.pt', port=443): Max retries exceeded with url: /geoserver/POPRES_BGRI2011_RAM/wfs?service=wfs&version=2.0.0&request=GetCapabilities (Caused by ProxyError('Unable to connect to proxy', RemoteDisconnected('Remote end closed connection without response')))
UUID dcb861e9-4da8-4839-8e3e-de7d95cedee7: URL http://inspire.ine.pt/AD/atom/downloadservice.xml failed - HTTPSConnectionPool(host='inspire.ine.pt', port=443): Max retries exceeded with url: /AD/atom/downloadservice.xml (Caused by ProxyError('Unable to connect to proxy', RemoteDisconnected('Remote end closed connection without response')))
UUID 9f1548d8-e5ba-47ac-b928-b890c9de700f: URL https://inspire.ine.pt/SU/atom/downloadservice.xml failed - HTTPSConnectionPool(host='inspire.ine.pt', port=443): Max retries exceeded with url: /SU/atom/downloadservice.xml (Caused by ProxyError('Unable to connect to proxy', RemoteDisconnected('Remote end closed connection without response')))
UUID fffba73c-d048-4f61-8982-7b2b154fbbae: URL https://inspire.ine.pt/SU/atom/downloadservice.xml failed - HTTPSConnectionPool(host='inspire.ine.pt', port=443): Max retries exceeded with url: /SU/atom/downloadservice.xml (Caused by ProxyError('Unable to connect to proxy', RemoteDisconnected('Remote end closed connection without response')))
UUID 9dfe1658-553d-4af4-8696-01eabaf1bc6e: URL https://inspire.ine.pt/SU/atom/downloadservice.xml failed - HTTPSConnectionPool(host='inspire.ine.pt', port=443): Max retries exceeded with url: /SU/atom/downloadservice.xml (Caused by ProxyError('Unable to connect to proxy', RemoteDisconnected('Remote end closed connection without response')))
UUID fe509532-beda-4a08-972e-92375a626524: URL https://inspire.ine.pt/SU/atom/downloadservice.xml failed - HTTPSConnectionPool(host='inspire.ine.pt', port=443): Max retries exceeded with url: /SU/atom/downloadservice.xml (Caused by ProxyError('Unable to connect to proxy', RemoteDisconnected('Remote end closed connection without response')))
UUID 9af420aa-102c-42e4-a561-86631e0e936e: URL https://inspire.ine.pt/SU/atom/downloadservice.xml failed - HTTPSConnectionPool(host='inspire.ine.pt', port=443): Max retries exceeded with url: /SU/atom/downloadservice.xml (Caused by ProxyError('Unable to connect to proxy', RemoteDisconnected('Remote end closed connection without response')))
UUID a970e8c5-0c9c-43bf-b3c2-cbbae0af942b: URL https://inspire.ine.pt/SU/atom/downloadservice.xml failed - HTTPSConnectionPool(host='inspire.ine.pt', port=443): Max retries exceeded with url: /SU/atom/downloadservice.xml (Caused by ProxyError('Unable to connect to proxy', RemoteDisconnected('Remote end closed connection without response')))
UUID 9a242bc1-adce-40c3-9bf6-14b5e4926c53: URL https://inspire.ine.pt/SU/atom/downloadservice.xml failed - HTTPSConnectionPool(host='inspire.ine.pt', port=443): Max retries exceeded with url: /SU/atom/downloadservice.xml (Caused by ProxyError('Unable to connect to proxy', RemoteDisconnected('Remote end closed connection without response')))
UUID 6864cb40-c1fb-43d9-a60b-9a04768f88dc: URL http://inspire.ine.pt/AD/atom/downloadservice.xml failed - HTTPSConnectionPool(host='inspire.ine.pt', port=443): Max retries exceeded with url: /AD/atom/downloadservice.xml (Caused by ProxyError('Unable to connect to proxy', RemoteDisconnected('Remote end closed connection without response')))
UUID 917d1bde-88fc-448a-8227-1ed5a5cca605: URL https://inspire.ine.pt/geoserver/AGUA_SEGURA_RAM/wfs?service=wfs&version=2.0.0&request=GetCapabilities failed - HTTPSConnectionPool(host='inspire.ine.pt', port=443): Max retries exceeded with url: /geoserver/AGUA_SEGURA_RAM/wfs?service=wfs&version=2.0.0&request=GetCapabilities (Caused by ProxyError('Unable to connect to proxy', RemoteDisconnected('Remote end closed connection without response')))
UUID 9034a520-8544-444e-b77d-d4de3ef4133c: URL https://inspire.ine.pt/SU/atom/downloadservice.xml failed - HTTPSConnectionPool(host='inspire.ine.pt', port=443): Max retries exceeded with url: /SU/atom/downloadservice.xml (Caused by ProxyError('Unable to connect to proxy', RemoteDisconnected('Remote end closed connection without response')))
UUID 8a87e19f-d9a8-444c-b27b-c42593944af1: URL https://inspire.ine.pt/SU/atom/downloadservice.xml failed - HTTPSConnectionPool(host='inspire.ine.pt', port=443): Max retries exceeded with url: /SU/atom/downloadservice.xml (Caused by ProxyError('Unable to connect to proxy', RemoteDisconnected('Remote end closed connection without response')))
UUID 85250be0-608b-4e91-9f77-92e7f5739f6b: URL https://inspire.ine.pt/SU/atom/downloadservice.xml failed - HTTPSConnectionPool(host='inspire.ine.pt', port=443): Max retries exceeded with url: /SU/atom/downloadservice.xml (Caused by ProxyError('Unable to connect to proxy', RemoteDisconnected('Remote end closed connection without response')))
UUID 59fe8e9e-3007-4d92-bbf2-549565dbe411: URL https://inspire.ine.pt/SU/atom/downloadservice.xml failed - HTTPSConnectionPool(host='inspire.ine.pt', port=443): Max retries exceeded with url: /SU/atom/downloadservice.xml (Caused by ProxyError('Unable to connect to proxy', RemoteDisconnected('Remote end closed connection without response')))
UUID 6699a9ef-164e-48fe-b21d-0575fbdf52b7: URL https://inspire.ine.pt/SU/atom/downloadservice.xml failed - HTTPSConnectionPool(host='inspire.ine.pt', port=443): Max retries exceeded with url: /SU/atom/downloadservice.xml (Caused by ProxyError('Unable to connect to proxy', RemoteDisconnected('Remote end closed connection without response')))
UUID 84bededd-c64c-4a83-8526-7b4b73cb1b7f: URL https://inspire.ine.pt/SU/atom/downloadservice.xml failed - HTTPSConnectionPool(host='inspire.ine.pt', port=443): Max retries exceeded with url: /SU/atom/downloadservice.xml (Caused by ProxyError('Unable to connect to proxy', RemoteDisconnected('Remote end closed connection without response')))
UUID 63153e85-9427-4e0b-8db9-ea13d35a9ca9: URL http://inspire.ine.pt/SU/atom/downloadservice.xml failed - HTTPSConnectionPool(host='inspire.ine.pt', port=443): Max retries exceeded with url: /SU/atom/downloadservice.xml (Caused by ProxyError('Unable to connect to proxy', RemoteDisconnected('Remote end closed connection without response')))
UUID 57379ca4-1fd3-4242-82be-f10412069144: URL https://inspire.ine.pt/SU/atom/downloadservice.xml failed - HTTPSConnectionPool(host='inspire.ine.pt', port=443): Max retries exceeded with url: /SU/atom/downloadservice.xml (Caused by ProxyError('Unable to connect to proxy', RemoteDisconnected('Remote end closed connection without response')))
UUID 6d4cb49a-6385-4b47-97d6-5949bc31866d: URL http://wssiglrec.azores.gov.pt/geoserver/borehole/wfs?service=wfs&version=2.0.0&request=GetCapabilities failed - URL responded with status code: 403
UUID 56e60815-c164-44a4-9204-3534ce43b024: URL https://inspire.ine.pt/SU/atom/downloadservice.xml failed - HTTPSConnectionPool(host='inspire.ine.pt', port=443): Max retries exceeded with url: /SU/atom/downloadservice.xml (Caused by ProxyError('Unable to connect to proxy', RemoteDisconnected('Remote end closed connection without response')))
UUID 80c09533-4f32-4f3b-967f-915af356c7a8: URL https://inspire.ine.pt/SU/atom/downloadservice.xml failed - HTTPSConnectionPool(host='inspire.ine.pt', port=443): Max retries exceeded with url: /SU/atom/downloadservice.xml (Caused by ProxyError('Unable to connect to proxy', RemoteDisconnected('Remote end closed connection without response')))
UUID 3fc0ed25-28ac-4320-a275-80e9c0eb6433: URL https://inspire.ine.pt/SU/atom/downloadservice.xml failed - HTTPSConnectionPool(host='inspire.ine.pt', port=443): Max retries exceeded with url: /SU/atom/downloadservice.xml (Caused by ProxyError('Unable to connect to proxy', RemoteDisconnected('Remote end closed connection without response')))
UUID 7ae7454a-fd0b-45a6-9c54-8eee6c3fd592: URL http://inspire.ine.pt/AD/atom/downloadservice.xml failed - HTTPSConnectionPool(host='inspire.ine.pt', port=443): Max retries exceeded with url: /AD/atom/downloadservice.xml (Caused by ProxyError('Unable to connect to proxy', RemoteDisconnected('Remote end closed connection without response')))
UUID 3c2cbefa-d74e-4bb6-86c6-b0e129857d14: URL https://inspire.ine.pt/geoserver/POPRES_BGRI2011_PT_CONTINENTAL/wfs?REQUEST=GetCapabilities&service=wfs&version=2.0.0 failed - HTTPSConnectionPool(host='inspire.ine.pt', port=443): Max retries exceeded with url: /geoserver/POPRES_BGRI2011_PT_CONTINENTAL/wfs?REQUEST=GetCapabilities&service=wfs&version=2.0.0 (Caused by ProxyError('Unable to connect to proxy', RemoteDisconnected('Remote end closed connection without response')))
UUID 371360d2-cf3f-4233-a19a-a73c2676256a: URL https://inspire.ine.pt/SU/atom/downloadservice.xml failed - HTTPSConnectionPool(host='inspire.ine.pt', port=443): Max retries exceeded with url: /SU/atom/downloadservice.xml (Caused by ProxyError('Unable to connect to proxy', RemoteDisconnected('Remote end closed connection without response')))
UUID 25400c88-f7f4-4ff0-a6fb-8c0bb188752d: URL https://inspire.ine.pt/SU/atom/downloadservice.xml failed - HTTPSConnectionPool(host='inspire.ine.pt', port=443): Max retries exceeded with url: /SU/atom/downloadservice.xml (Caused by ProxyError('Unable to connect to proxy', RemoteDisconnected('Remote end closed connection without response')))
UUID 216c2930-caf5-4e6e-803f-1c6dddd95096: URL https://inspire.ine.pt/geoserver/POPRESM_BGRI2011_RAM/wfs?service=wfs&version=2.0.0&request=GetCapabilities failed - HTTPSConnectionPool(host='inspire.ine.pt', port=443): Max retries exceeded with url: /geoserver/POPRESM_BGRI2011_RAM/wfs?service=wfs&version=2.0.0&request=GetCapabilities (Caused by ProxyError('Unable to connect to proxy', RemoteDisconnected('Remote end closed connection without response')))
UUID 419c774d-9abc-4f7a-9abb-01dea68014c4: URL https://inspire.ine.pt/SU/atom/downloadservice.xml failed - HTTPSConnectionPool(host='inspire.ine.pt', port=443): Max retries exceeded with url: /SU/atom/downloadservice.xml (Caused by ProxyError('Unable to connect to proxy', RemoteDisconnected('Remote end closed connection without response')))
UUID 2f540542-293c-4b5f-a446-d8660668f845: URL https://inspire.ine.pt/geoserver/POPRESH_BGRI2011_RAM/wfs?service=wfs&version=2.0.0&request=GetCapabilities failed - HTTPSConnectionPool(host='inspire.ine.pt', port=443): Max retries exceeded with url: /geoserver/POPRESH_BGRI2011_RAM/wfs?service=wfs&version=2.0.0&request=GetCapabilities (Caused by ProxyError('Unable to connect to proxy', RemoteDisconnected('Remote end closed connection without response')))
UUID 2aaa38d6-c796-4f9a-a24c-fde5d5db7e9f: URL https://inspire.ine.pt/SU/atom/downloadservice.xml failed - HTTPSConnectionPool(host='inspire.ine.pt', port=443): Max retries exceeded with url: /SU/atom/downloadservice.xml (Caused by ProxyError('Unable to connect to proxy', RemoteDisconnected('Remote end closed connection without response')))
UUID 2a6b954c-80be-47f1-8a78-588e01b79f4b: URL https://inspire.ine.pt/SU/atom/downloadservice.xml failed - HTTPSConnectionPool(host='inspire.ine.pt', port=443): Max retries exceeded with url: /SU/atom/downloadservice.xml (Caused by ProxyError('Unable to connect to proxy', RemoteDisconnected('Remote end closed connection without response')))
UUID ee588634-c99d-4f53-b385-af2f2b365884: URL https://wssig3.azores.gov.pt/geoserver/nz/wfs?service=wfs&version=2.0.0&request=GetCapabilities failed - URL responded with status code: 403
UUID ee588634-c99d-4f53-b385-af2f2b365884: URL https://wssig3.azores.gov.pt/geoserver/plu-pgria/wfs?service=wfs&version=2.0.0&request=GetCapabilities failed - URL responded with status code: 403
UUID ee588634-c99d-4f53-b385-af2f2b365884: URL https://visualizador-idea.ambiente.azores.gov.pt/postgresql/idea/public/pgria/cgi-bin/qgis_mapserv.fcgi?request=GetCapabilities&service=WFS&version=1.0.0 failed - URL responded with status code: 403
UUID 106010ef-48a8-4464-a294-6f2cecd18978: URL https://inspire.ine.pt/geoserver/POPRESH_BGRI2011_RAA_GRUPOOCIDENTAL/wfs?service=wfs&version=2.0.0&request=GetCapabilities failed - HTTPSConnectionPool(host='inspire.ine.pt', port=443): Max retries exceeded with url: /geoserver/POPRESH_BGRI2011_RAA_GRUPOOCIDENTAL/wfs?service=wfs&version=2.0.0&request=GetCapabilities (Caused by ProxyError('Unable to connect to proxy', RemoteDisconnected('Remote end closed connection without response')))
UUID 10314a3a-f052-42bf-986b-b765c7c649b0: URL https://inspire.ine.pt/geoserver/POPRESM_BGRI2011_RAA_GRUPOOCIDENTAL/wfs?service=wfs&version=2.0.0&request=GetCapabilities failed - HTTPSConnectionPool(host='inspire.ine.pt', port=443): Max retries exceeded with url: /geoserver/POPRESM_BGRI2011_RAA_GRUPOOCIDENTAL/wfs?service=wfs&version=2.0.0&request=GetCapabilities (Caused by ProxyError('Unable to connect to proxy', RemoteDisconnected('Remote end closed connection without response')))
UUID feb257b6-acea-49e3-8c6c-7ce6aef09d3e: URL https://inspire.ine.pt/SU/atom/downloadservice.xml failed - HTTPSConnectionPool(host='inspire.ine.pt', port=443): Max retries exceeded with url: /SU/atom/downloadservice.xml (Caused by ProxyError('Unable to connect to proxy', RemoteDisconnected('Remote end closed connection without response')))
UUID 0f76ce2e-eff2-4eb1-9432-1397c0410fa5: URL https://inspire.ine.pt/SU/atom/downloadservice.xml failed - HTTPSConnectionPool(host='inspire.ine.pt', port=443): Max retries exceeded with url: /SU/atom/downloadservice.xml (Caused by ProxyError('Unable to connect to proxy', RemoteDisconnected('Remote end closed connection without response')))
UUID c86c37aa-cb5f-42e4-99cc-605bde895712: URL http://sraf-sdi-inspire.azores.gov.pt/geoserver/LandUse/wfs?service=wfs&version=2.0.0&request=GetCapabilities failed - URL responded with status code: 403
UUID 0a0cc804-5fbd-4dc5-b6fb-e085822ae30e: URL https://inspire.ine.pt/SU/atom/downloadservice.xml failed - HTTPSConnectionPool(host='inspire.ine.pt', port=443): Max retries exceeded with url: /SU/atom/downloadservice.xml (Caused by ProxyError('Unable to connect to proxy', RemoteDisconnected('Remote end closed connection without response')))
UUID d9b1c27f-9952-4c86-8b1e-5cd39ddce0bb: URL https://wssig3.azores.gov.pt/geoserver/sd-diretiva-habitats-2006/wfs?service=wfs&version=2.0.0&request=GetCapabilities failed - URL responded with status code: 403
UUID a4e23511-8ce5-47b8-a401-d21f9f91e7db: URL https://wssig3.azores.gov.pt/geoserver/lc-cosa-2007/wfs?service=wfs&version=2.0.0&request=GetCapabilities failed - URL responded with status code: 403
UUID a4e23511-8ce5-47b8-a401-d21f9f91e7db: URL https://visualizador-idea.ambiente.azores.gov.pt/postgresql/idea/public/cosa/cgi-bin/qgis_mapserv.fcgi?request=GetCapabilities&service=WFS&version=1.0.0 failed - URL responded with status code: 403
UUID 56cb09dc-cf7e-4be7-a128-b091e822332a: URL https://inspire.ine.pt/geoserver/AGUA_SEGURA_RAA_GRUPOOCIDENTAL/wfs?service=wfs&version=2.0.0&request=GetCapabilities failed - HTTPSConnectionPool(host='inspire.ine.pt', port=443): Max retries exceeded with url: /geoserver/AGUA_SEGURA_RAA_GRUPOOCIDENTAL/wfs?service=wfs&version=2.0.0&request=GetCapabilities (Caused by ProxyError('Unable to connect to proxy', RemoteDisconnected('Remote end closed connection without response')))
UUID ec2b0c53-d030-4655-9ebc-6caa622b09ec: URL https://inspire.ine.pt/geoserver/FAMILIAS_BGRI2011_RAA_GRUPOCENTRAL_ORIENTAL/wfs?service=wfs&version=2.0.0&request=GetCapabilities failed - HTTPSConnectionPool(host='inspire.ine.pt', port=443): Max retries exceeded with url: /geoserver/FAMILIAS_BGRI2011_RAA_GRUPOCENTRAL_ORIENTAL/wfs?service=wfs&version=2.0.0&request=GetCapabilities (Caused by ProxyError('Unable to connect to proxy', RemoteDisconnected('Remote end closed connection without response')))
UUID cb5d4c1f-768c-4758-ba2c-d0e8e259d154: URL https://inspire.ine.pt/SU/atom/downloadservice.xml failed - HTTPSConnectionPool(host='inspire.ine.pt', port=443): Max retries exceeded with url: /SU/atom/downloadservice.xml (Caused by ProxyError('Unable to connect to proxy', RemoteDisconnected('Remote end closed connection without response')))
UUID aa8109ee-0c4e-4c56-9f53-a0a736d4b9ce: URL https://inspire.ine.pt/SU/atom/downloadservice.xml failed - HTTPSConnectionPool(host='inspire.ine.pt', port=443): Max retries exceeded with url: /SU/atom/downloadservice.xml (Caused by ProxyError('Unable to connect to proxy', RemoteDisconnected('Remote end closed connection without response')))
UUID 96ac52e8-bd8a-42a8-b8e4-d909a0f171c1: URL https://wssig3.azores.gov.pt/geoserver/lc-clc-1990/wfs?service=wfs&version=2.0.0&request=GetCapabilities failed - URL responded with status code: 403
UUID 96002627-4a2c-4937-ad20-d6def230b006: URL https://inspire.ine.pt/geoserver/FAMILIAS_BGRI2011_RAM/wfs?service=wfs&version=2.0.0&request=GetCapabilities failed - HTTPSConnectionPool(host='inspire.ine.pt', port=443): Max retries exceeded with url: /geoserver/FAMILIAS_BGRI2011_RAM/wfs?service=wfs&version=2.0.0&request=GetCapabilities (Caused by ProxyError('Unable to connect to proxy', RemoteDisconnected('Remote end closed connection without response')))
UUID 9473ed01-198d-4ad3-affe-2705fd3b63aa: URL https://inspire.ine.pt/geoserver/POPRESM_BGRI2011_PT_CONTINENTAL/wfs?service=wfs&version=2.0.0&request=GetCapabilities failed - HTTPSConnectionPool(host='inspire.ine.pt', port=443): Max retries exceeded with url: /geoserver/POPRESM_BGRI2011_PT_CONTINENTAL/wfs?service=wfs&version=2.0.0&request=GetCapabilities (Caused by ProxyError('Unable to connect to proxy', RemoteDisconnected('Remote end closed connection without response')))
UUID 5b0718ed-dda8-4e84-9627-8c12035cb229: URL https://wssig3.azores.gov.pt/geoserver/lc-clc-2000/wfs?service=wfs&version=2.0.0&request=GetCapabilities failed - URL responded with status code: 403
UUID 56cecec5-f04a-466e-8d89-42a48f751949: URL https://wssig3.azores.gov.pt/geoserver/lc-clc-2006/wfs?service=wfs&version=2.0.0&request=GetCapabilities failed - URL responded with status code: 403
UUID 17a2e7e5-8c6b-4efd-9f30-516fc6cb142d: URL https://inspire.ine.pt/geoserver/POPRES_GRID1K2013_PT/wfs?REQUEST=GetCapabilities&service=wfs&version=2.0.0 failed - HTTPSConnectionPool(host='inspire.ine.pt', port=443): Max retries exceeded with url: /geoserver/POPRES_GRID1K2013_PT/wfs?REQUEST=GetCapabilities&service=wfs&version=2.0.0 (Caused by ProxyError('Unable to connect to proxy', RemoteDisconnected('Remote end closed connection without response')))
UUID 1b772914-e3e9-4663-8557-a6aef5aa596a: URL http://inspire.ine.pt/AD/atom/downloadservice.xml failed - HTTPSConnectionPool(host='inspire.ine.pt', port=443): Max retries exceeded with url: /AD/atom/downloadservice.xml (Caused by ProxyError('Unable to connect to proxy', RemoteDisconnected('Remote end closed connection without response')))
UUID 28d58c90-5cde-4cac-87ac-37bf4e0ff3c5: URL https://wssig3.azores.gov.pt/geoserver/hbd/wfs?service=wfs&version=2.0.0&request=GetCapabilities failed - URL responded with status code: 403
UUID 16facce9-fb2c-4ae2-aff8-e2a5d8648e9c: URL https://inspire.ine.pt/SU/atom/downloadservice.xml failed - HTTPSConnectionPool(host='inspire.ine.pt', port=443): Max retries exceeded with url: /SU/atom/downloadservice.xml (Caused by ProxyError('Unable to connect to proxy', RemoteDisconnected('Remote end closed connection without response')))
UUID 0ce3debd-4031-48d8-b3bb-efbe226277da: URL https://inspire.ine.pt/SU/atom/downloadservice.xml failed - HTTPSConnectionPool(host='inspire.ine.pt', port=443): Max retries exceeded with url: /SU/atom/downloadservice.xml (Caused by ProxyError('Unable to connect to proxy', RemoteDisconnected('Remote end closed connection without response')))
UUID 0bd4df9a-938c-4476-a2fd-0dc48629466f: URL https://inspire.ine.pt/SU/atom/downloadservice.xml failed - HTTPSConnectionPool(host='inspire.ine.pt', port=443): Max retries exceeded with url: /SU/atom/downloadservice.xml (Caused by ProxyError('Unable to connect to proxy', RemoteDisconnected('Remote end closed connection without response')))
UUID eb017219-696b-4d22-ba40-f8a09e5abc79: URL https://webgis.dgrm.mm.gov.pt/arcgis/services/DA/e_aquicultura/MapServer/WFSServer?request=GetCapabilities&service=WFS failed - URL responded with status code: 499
UUID E89F2B87-DCB6-47DC-990F-6A2ADB37B879: URL http://sraf-sdi-inspire.azores.gov.pt/geoserver/tn-ro/wfs?service=wfs&version=2.0.0&request=GetCapabilities failed - URL responded with status code: 403
UUID E744BA33-B16B-472E-BDC2-FCC8CCC0EC77: URL http://sraf-sdi-inspire.azores.gov.pt/geoserver/LandUse/wfs?service=wfs&version=2.0.0&request=GetCapabilities failed - URL responded with status code: 403
UUID e6ecc69a-265b-428a-b503-f87aea217487: URL https://wssig3.azores.gov.pt/geoserver/hb/wfs?service=wfs&version=2.0.0&request=GetCapabilities failed - URL responded with status code: 403
UUID D9456670-6D48-46F2-8B50-501DA21224F9: URL http://sraf-sdi-inspire.azores.gov.pt/geoserver/LandUse/wfs?service=wfs&version=2.0.0&request=GetCapabilities failed - URL responded with status code: 403
UUID e86a2bf2-6412-49e2-9021-a049248c4d51: URL https://wssig3.azores.gov.pt/geoserver/ps/wfs?service=wfs&version=2.0.0&request=GetCapabilities failed - URL responded with status code: 403
UUID d8b89120-5bcf-4c4b-b733-521766341e54: URL http://sraf-sdi-inspire.azores.gov.pt/geoserver/ManagementRestrictionOrRegulationZone/wfs?service=wfs&version=2.0.0&request=GetCapabilities failed - URL responded with status code: 403
UUID C3123789-4FFE-4BCE-8EBE-895F4D09FC76: URL http://sraf-sdi-inspire.azores.gov.pt/geoserver/ManagementRestrictionOrRegulationZone/wfs?service=2.0.0&request=GetCapabilities failed - URL responded with status code: 403
UUID D44494CF-E86B-4094-9F30-E5BD27166A8D: URL http://sraf-sdi-inspire.azores.gov.pt/geoserver/ManagementRestrictionOrRegulationZone/wfs?service=wfs&version=2.0.0&request=GetCapabilities failed - URL responded with status code: 403
UUID D33816E3-0608-416E-AA04-CF4905CE1C2D: URL http://sraf-sdi-inspire.azores.gov.pt/geoserver/tn-ro/wfs?service=wfs&version=2.0.0&request=GetCapabilities failed - URL responded with status code: 403
UUID D1507675-D321-49B0-A0A8-39C400366C24: URL http://sraf-sdi-inspire.azores.gov.pt/geoserver/ManagementRestrictionOrRegulationZone/wfs?service=wfs&version=2.0.0&request=GetCapabilities failed - URL responded with status code: 403
UUID D41980F2-343A-41EF-A6BE-7FF414B73E77: URL https://wssig3.azores.gov.pt/geoserver/plu-pooc/wfs?service=wfs&version=2.0.0&request=GetCapabilities failed - URL responded with status code: 403
UUID D41980F2-343A-41EF-A6BE-7FF414B73E77: URL https://wssig2.azores.gov.pt/arcgis/services/SRIT/POOC_Corvo_Condicionantes/MapServer/WFSServer?request=GetCapabilities&service=WFS failed - URL responded with status code: 403
UUID D41980F2-343A-41EF-A6BE-7FF414B73E77: URL https://wssig2.azores.gov.pt/arcgis/services/SRIT/POOC_Corvo_Sintese/MapServer/WFSServer?request=GetCapabilities&service=WFS failed - URL responded with status code: 403
UUID f9d19586-cb53-4fb1-87c9-69ec11a7be9d: URL http://sraf-sdi-inspire.azores.gov.pt/geoserver/tn-ro/wfs?service=wfs&version=2.0.0&request=GetCapabilities failed - URL responded with status code: 403
UUID BCB84D99-8BDD-4EC7-B716-424D28C33317: URL http://sraf-sdi-inspire.azores.gov.pt/geoserver/LandUse/wfs?service=wfs&version=2.0.0&request=GetCapabilities failed - URL responded with status code: 403
UUID c17cfc84-9a11-4920-a91b-2bccca0a09f0: URL https://inspire.ine.pt/geoserver/POPRESH_BGRI2011_PT_CONTINENTAL/wfs?service=wfs&version=2.0.0&request=GetCapabilities failed - HTTPSConnectionPool(host='inspire.ine.pt', port=443): Max retries exceeded with url: /geoserver/POPRESH_BGRI2011_PT_CONTINENTAL/wfs?service=wfs&version=2.0.0&request=GetCapabilities (Caused by ProxyError('Unable to connect to proxy', RemoteDisconnected('Remote end closed connection without response')))
UUID B8616A52-8F7C-4F07-8F50-4E7BC340E7B8: URL http://sraf-sdi-inspire.azores.gov.pt/geoserver/ManagementRestrictionOrRegulationZone/wfs?service=wfs&version=2.0.0&request=GetCapabilities failed - URL responded with status code: 403
UUID ca9e3e17-c199-4180-a105-5a62f91751a6: URL http://sraf-sdi-inspire.azores.gov.pt/geoserver/ManagementRestrictionOrRegulationZone/wfs?service=wfs&version=2.0.0&request=GetCapabilities failed - URL responded with status code: 403
UUID C0848021-155B-40F6-AC67-351E78028AFE: URL http://sraf-sdi-inspire.azores.gov.pt/geoserver/ManagementRestrictionOrRegulationZone/wfs?service=wfs&version=2.0.0&request=GetCapabilities failed - URL responded with status code: 403
UUID BD36C799-A4A9-41ED-95ED-A6E14B057DC4: URL https://wssig3.azores.gov.pt/geoserver/plu-pooc/wfs?service=wfs&version=2.0.0&request=GetCapabilities failed - URL responded with status code: 403
UUID BD36C799-A4A9-41ED-95ED-A6E14B057DC4: URL https://wssig2.azores.gov.pt/arcgis/services/SRIT/POOC_Flores_Condicionantes/MapServer/WFSServer?request=GetCapabilities&service=WFS failed - URL responded with status code: 403
UUID BD36C799-A4A9-41ED-95ED-A6E14B057DC4: URL https://wssig2.azores.gov.pt/arcgis/services/SRIT/POOC_Flores_Sintese/MapServer/WFSServer?request=GetCapabilities&service=WFS failed - URL responded with status code: 403
UUID c0b6a64e-2fac-4b9d-9b16-385953af773f: URL https://wssig3.azores.gov.pt/geoserver/el-bat-costeira/wfs?service=wfs&version=2.0.0&request=GetCapabilities failed - URL responded with status code: 403
UUID bb6a9dcc-d1a7-4bec-86b6-f8f600dfddfd: URL https://wssig3.azores.gov.pt/geoserver/sd-diretiva-habitats-2012/wfs?service=wfs&version=2.0.0&request=GetCapabilities failed - URL responded with status code: 403
UUID a198129d-6be0-464f-8c63-25e43c33abf7: URL http://sraf-sdi-inspire.azores.gov.pt/geoserver/ManagementRestrictionOrRegulationZone/wfs?service=wfs&version=2.0.0&request=GetCapabilities failed - URL responded with status code: 403
UUID C573AAA1-6EA1-4BDA-B90D-1CF27F47EC4B: URL http://sraf-sdi-inspire.azores.gov.pt/geoserver/tn-ro/wfs?service=wfs&version=2.0.0&request=GetCapabilities failed - URL responded with status code: 403
UUID c70b5fc7-8ba0-4733-b56b-9243e482c963: URL https://wssig3.azores.gov.pt/geoserver/gn/wfs?service=wfs&version=2.0.0&request=GetCapabilities failed - URL responded with status code: 403
UUID B1BB1EE1-4BAD-404B-B8E1-4DC2C39384B2: URL https://wssig3.azores.gov.pt/geoserver/am-wb/wfs?service=wfs&version=2.0.0&request=GetCapabilities failed - URL responded with status code: 403
UUID a15cfdca-67ee-419c-87a1-2a1fa616801e: URL http://sraf-sdi-inspire.azores.gov.pt/geoserver/ManagementRestrictionOrRegulationZone/wfs?service=wfs&version=2.0.0&request=GetCapabilities failed - URL responded with status code: 403
UUID c7dec0e2-ef76-4e98-b237-5ec56f1a141c: URL https://wssig3.azores.gov.pt/geoserver/ge-hg/wfs?service=wfs&version=2.0.0&request=GetCapabilities failed - URL responded with status code: 403
UUID c7dec0e2-ef76-4e98-b237-5ec56f1a141c: URL https://visualizador-idea.ambiente.azores.gov.pt/postgresql/idea/public/sria/cgi-bin/qgis_mapserv.fcgi?request=GetCapabilities&service=WFS&version=1.0.0 failed - URL responded with status code: 403
UUID B5F5B5C4-17F6-4736-864C-DE2C85AB0425: URL https://wssig3.azores.gov.pt/geoserver/plu-pobhl/wfs?service=wfs&version=2.0.0&request=GetCapabilities failed - URL responded with status code: 403
UUID B5F5B5C4-17F6-4736-864C-DE2C85AB0425: URL https://wssig2.azores.gov.pt/arcgis/services/SRIT/POBHL_SaoMiguel_Condicionantes/MapServer/WFSServer?request=GetCapabilities&service=WFS failed - URL responded with status code: 403
UUID B5F5B5C4-17F6-4736-864C-DE2C85AB0425: URL https://wssig2.azores.gov.pt/arcgis/services/SRIT/POBHL_SaoMiguel_Sintese/MapServer/WFSServer?request=GetCapabilities&service=WFS failed - URL responded with status code: 403
UUID 9E5178E1-E747-46FF-978D-D10564DB8652: URL http://sraf-sdi-inspire.azores.gov.pt/geoserver/LandUse/wfs?service=wfs&version=2.0.0&request=GetCapabilities failed - URL responded with status code: 403
UUID a519672e-8a72-48e2-a9a7-48358f3196a1: URL https://wssig3.azores.gov.pt/geoserver/plu-pobhl/wfs?service=wfs&version=2.0.0&request=GetCapabilities failed - URL responded with status code: 403
UUID a519672e-8a72-48e2-a9a7-48358f3196a1: URL https://wssig2.azores.gov.pt/arcgis/services/SRIT/POBHL_Furnas_Condicionantes_I_1a_Alteracao/MapServer/WFSServer?request=GetCapabilities&service=WFS failed - URL responded with status code: 403
UUID a519672e-8a72-48e2-a9a7-48358f3196a1: URL https://wssig2.azores.gov.pt/arcgis/services/SRIT/POBHL_Furnas_Condicionantes_II_1a_Alteracao/MapServer/WFSServer?request=GetCapabilities&service=WFS failed - URL responded with status code: 403
UUID a519672e-8a72-48e2-a9a7-48358f3196a1: URL https://wssig2.azores.gov.pt/arcgis/services/SRIT/POBHL_Furnas_Sintese_1a_Alteracao/MapServer/WFSServer?request=GetCapabilities&service=WFS failed - URL responded with status code: 403
UUID 9c044ffa-fb39-4e14-876e-bb57294a8dab: URL http://sraf-sdi-inspire.azores.gov.pt/geoserver/ManagementRestrictionOrRegulationZone/wfs?service=wfs&version=2.0.0&request=GetCapabilities failed - URL responded with status code: 403
UUID 96DE7868-8795-480D-94E1-5965D1CEB884: URL http://sraf-sdi-inspire.azores.gov.pt/geoserver/tn-ro/wfs?service=wfs&version=2.0.0&request=GetCapabilities failed - URL responded with status code: 403
UUID 864ace6a-3865-4e57-be62-1f9f8f22a244: URL http://sraf-sdi-inspire.azores.gov.pt/geoserver/ManagementRestrictionOrRegulationZone/wfs?service=wfs&version=2.0.0&request=GetCapabilities failed - URL responded with status code: 403
UUID 940e6791-1dd0-4a96-8777-30618eae3eb6: URL http://sraf-sdi-inspire.azores.gov.pt/geoserver/ManagementRestrictionOrRegulationZone/wfs?service=wfs&version=2.0.0&request=GetCapabilities failed - URL responded with status code: 403
UUID 8CCF6D89-4646-4404-8308-ACD55E56933D: URL http://sraf-sdi-inspire.azores.gov.pt/geoserver/ManagementRestrictionOrRegulationZone/wfs?service=wfs&version=2.0.0&request=GetCapabilities failed - URL responded with status code: 403
UUID 874dbece-bb0b-4260-8791-9a2690aeeefb: URL https://wssig3.azores.gov.pt/geoserver/ps/wfs?service=wfs&version=2.0.0&request=GetCapabilities failed - URL responded with status code: 403
UUID 874dbece-bb0b-4260-8791-9a2690aeeefb: URL https://visualizador-idea.ambiente.azores.gov.pt/postgresql/idea/public/prac_azo/cgi-bin/qgis_mapserv.fcgi?request=GetCapabilities&service=WFS&version=1.0.0 failed - URL responded with status code: 403
UUID 95b614c6-ebba-48f1-b511-31ccd8fbdbee: URL https://wssig3.azores.gov.pt/geoserver/plu-pooc/wfs?service=wfs&version=2.0.0&request=GetCapabilities failed - URL responded with status code: 403
UUID 95b614c6-ebba-48f1-b511-31ccd8fbdbee: URL https://wssig2.azores.gov.pt/arcgis/services/SRIT/POOC_Graciosa_Condicionantes/MapServer/WFSServer?request=GetCapabilities&service=WFS failed - URL responded with status code: 403
UUID 95b614c6-ebba-48f1-b511-31ccd8fbdbee: URL https://wssig2.azores.gov.pt/arcgis/services/SRIT/POOC_Graciosa_Sintese/MapServer/WFSServer?request=GetCapabilities&service=WFS failed - URL responded with status code: 403
UUID 81D56A40-734C-4714-A361-C2E430D08CEF: URL https://wssig3.azores.gov.pt/geoserver/plu-pobhl/wfs?service=wfs&version=2.0.0&request=GetCapabilities failed - URL responded with status code: 403
UUID 81D56A40-734C-4714-A361-C2E430D08CEF: URL https://wssig2.azores.gov.pt/arcgis/services/SRIT/POBHL_Pico_Condicionantes/MapServer/WFSServer?request=GetCapabilities&service=WFS failed - URL responded with status code: 403
UUID 81D56A40-734C-4714-A361-C2E430D08CEF: URL https://wssig2.azores.gov.pt/arcgis/services/SRIT/POBHL_Pico_Sintese/MapServer/WFSServer?request=GetCapabilities&service=WFS failed - URL responded with status code: 403
UUID 8CDB355C-AE42-42CA-B310-3216D31A6413: URL https://wssig3.azores.gov.pt/geoserver/am-wb/wfs?service=wfs&version=2.0.0&request=GetCapabilities failed - URL responded with status code: 403
UUID 65f4bc13-4246-4e4e-88d2-adf28d1c554f: URL http://sraf-sdi-inspire.azores.gov.pt/geoserver/ManagementRestrictionOrRegulationZone/wfs?service=wfs&version=2.0.0&request=GetCapabilities failed - URL responded with status code: 403
UUID 64944A3E-7592-4719-8BF1-2225730B8288: URL https://wssig3.azores.gov.pt/geoserver/plu-pooc/wfs?service=wfs&version=2.0.0&request=GetCapabilities failed - URL responded with status code: 403
UUID 64944A3E-7592-4719-8BF1-2225730B8288: URL https://wssig2.azores.gov.pt/arcgis/services/SRIT/POOC_SaoMiguel_Sul_Condicionantes/MapServer/WFSServer?request=GetCapabilities&service=WFS failed - URL responded with status code: 403
UUID 64944A3E-7592-4719-8BF1-2225730B8288: URL https://wssig2.azores.gov.pt/arcgis/services/SRIT/POOC_SaoMiguel_Sul_Sintese/MapServer/WFSServer?request=GetCapabilities&service=WFS failed - URL responded with status code: 403
UUID 6F7EB26F-41FB-40E0-B8EA-48F0E0FB818B: URL https://wssig3.azores.gov.pt/geoserver/plu-pooc/wfs?service=wfs&version=2.0.0&request=GetCapabilities failed - URL responded with status code: 403
UUID 6F7EB26F-41FB-40E0-B8EA-48F0E0FB818B: URL https://wssig2.azores.gov.pt/arcgis/services/SRIT/POOC_Faial_Condicionantes/MapServer/WFSServer?request=GetCapabilities&service=WFS failed - URL responded with status code: 403
UUID 6F7EB26F-41FB-40E0-B8EA-48F0E0FB818B: URL https://wssig2.azores.gov.pt/arcgis/services/SRIT/POOC_Faial_Sintese/MapServer/WFSServer?request=GetCapabilities&service=WFS failed - URL responded with status code: 403
UUID 693c3592-34d3-4df6-918a-956ddb4fbf74: URL https://wssig3.azores.gov.pt/geoserver/am-nvz/wfs?service=wfs&version=2.0.0&request=GetCapabilities failed - URL responded with status code: 403
UUID 63D30F88-2011-40DC-98A6-29B8B2563AA4: URL http://sraf-sdi-inspire.azores.gov.pt/geoserver/LandUse/wfs?service=wfs&version=2.0.0&request=GetCapabilities failed - URL responded with status code: 403
UUID 77A6BADD-2BC5-432E-AA05-7673C28C7426: URL https://wssig3.azores.gov.pt/geoserver/plu-pooc/wfs?service=wfs&version=2.0.0&request=GetCapabilities failed - URL responded with status code: 403
UUID 77A6BADD-2BC5-432E-AA05-7673C28C7426: URL https://wssig2.azores.gov.pt/arcgis/services/SRIT/POOC_SantaMaria_Condicionantes/MapServer/WFSServer?request=GetCapabilities&service=WFS failed - URL responded with status code: 403
UUID 77A6BADD-2BC5-432E-AA05-7673C28C7426: URL https://wssig2.azores.gov.pt/arcgis/services/SRIT/POOC_SantaMaria_Sintese/MapServer/WFSServer?request=GetCapabilities&service=WFS failed - URL responded with status code: 403
UUID 7db2640e-6e1a-4239-bf26-0711cd5273e3: URL https://wssig3.azores.gov.pt/geoserver/ef-rh/wfs?service=wfs&version=2.0.0&request=GetCapabilities failed - URL responded with status code: 403
UUID 7db2640e-6e1a-4239-bf26-0711cd5273e3: URL https://visualizador-idea.ambiente.azores.gov.pt/postgresql/idea/public/sria/cgi-bin/qgis_mapserv.fcgi?request=GetCapabilities&service=WFS&version=1.0.0 failed - URL responded with status code: 403
UUID 5AEB9943-10C3-44EF-AB71-8A06D9EC56EA: URL http://sraf-sdi-inspire.azores.gov.pt/geoserver/ManagementRestrictionOrRegulationZone/wfs?service=wfs&version=2.0.0&request=GetCapabilities failed - URL responded with status code: 403
UUID 5F555991-32B2-42C1-99B0-63B7D078EF30: URL http://sraf-sdi-inspire.azores.gov.pt/geoserver/ManagementRestrictionOrRegulationZone/wfs?service=2.0.0&request=GetCapabilities failed - URL responded with status code: 403
UUID 5DFF11EB-FED7-4C7A-B869-00ED6B20DFA3: URL http://sraf-sdi-inspire.azores.gov.pt/geoserver/ManagementRestrictionOrRegulationZone/wfs?service=2.0.0&request=GetCapabilities failed - URL responded with status code: 403
UUID 5D42C02E-99E3-457A-8B20-BD7FDF4F285E: URL http://sraf-sdi-inspire.azores.gov.pt/geoserver/ManagementRestrictionOrRegulationZone/wfs?service=wfs&version=2.0.0&request=GetCapabilities failed - URL responded with status code: 403
UUID 4976275E-7718-4FBF-B488-71A30E9295CC: URL http://sraf-sdi-inspire.azores.gov.pt/geoserver/ManagementRestrictionOrRegulationZone/wfs?service=wfs&version=2.0.0&request=GetCapabilities failed - URL responded with status code: 403
UUID 3724E4B8-A51D-4E36-90D3-538B5FBF3928: URL http://sraf-sdi-inspire.azores.gov.pt/geoserver/tn-ro/wfs?service=wfs&version=2.0.0&request=GetCapabilities failed - URL responded with status code: 403
UUID 4401eb7d-7651-4d67-ad5d-25ef404bcbb1: URL http://sraf-sdi-inspire.azores.gov.pt/geoserver/ManagementRestrictionOrRegulationZone/wfs?service=wfs&version=2.0.0&request=GetCapabilities failed - URL responded with status code: 403
UUID 40FF9F93-90E4-449B-9945-55136F3DD3EB: URL http://sraf-sdi-inspire.azores.gov.pt/geoserver/tn-ro/wfs?service=wfs&version=2.0.0&request=GetCapabilities failed - URL responded with status code: 403
UUID 400A7819-59E9-4DE2-9741-E66553D3CC38: URL http://sraf-sdi-inspire.azores.gov.pt/geoserver/LandUse/wfs?service=wfs&version=2.0.0&request=GetCapabilities failed - URL responded with status code: 403
UUID 3FCC0C86-6D3F-400C-B4ED-3DA85A5404AA: URL http://sraf-sdi-inspire.azores.gov.pt/geoserver/ManagementRestrictionOrRegulationZone/wfs?service=wfs&version=2.0.0&request=GetCapabilities failed - URL responded with status code: 403
UUID 2ee7c721-7369-4ac0-b258-f206f284f842: URL https://wssig3.azores.gov.pt/geoserver/sd-diretiva-aves-2018/wfs?service=wfs&version=2.0.0&request=GetCapabilities failed - URL responded with status code: 403
UUID 26B7958F-08BB-4E34-BB89-A5F7C472FDC0: URL http://sraf-sdi-inspire.azores.gov.pt/geoserver/LandUse/wfs?service=wfs&version=2.0.0&request=GetCapabilities failed - URL responded with status code: 403
UUID 2432B67E-CD0D-46E3-9EC4-5793E43A324A: URL http://sraf-sdi-inspire.azores.gov.pt/geoserver/LandUse/wfs?service=wfs&version=2.0.0&request=GetCapabilities failed - URL responded with status code: 403
UUID 2b6a4462-de6d-4213-92b1-af83be3a9279: URL https://wssig3.azores.gov.pt/geoserver/ps/wfs?service=wfs&version=2.0.0&request=GetCapabilities failed - URL responded with status code: 403
UUID 2b6a4462-de6d-4213-92b1-af83be3a9279: URL https://visualizador-idea.ambiente.azores.gov.pt/postgresql/idea/public/prac_azo/cgi-bin/qgis_mapserv.fcgi?request=GetCapabilities&service=WFS&version=1.0.0 failed - URL responded with status code: 403
UUID 1A615512-1207-470B-BFE8-C5D6F67F8A5E: URL https://wssig3.azores.gov.pt/geoserver/plu-pooc/wfs?service=wfs&version=2.0.0&request=GetCapabilities failed - URL responded with status code: 403
UUID 1A615512-1207-470B-BFE8-C5D6F67F8A5E: URL https://wssig2.azores.gov.pt/arcgis/services/SRIT/POOC_Pico_Condicionantes/MapServer/WFSServer?request=GetCapabilities&service=WFS failed - URL responded with status code: 403
UUID 1A615512-1207-470B-BFE8-C5D6F67F8A5E: URL https://wssig2.azores.gov.pt/arcgis/services/SRIT/POOC_Pico_Sintese/MapServer/WFSServer?request=GetCapabilities&service=WFS failed - URL responded with status code: 403
UUID 25C8F82E-5F5B-40AD-B0C2-3B058F0C0540: URL https://wssig3.azores.gov.pt/geoserver/plu-pooc/wfs?service=wfs&version=2.0.0&request=GetCapabilities failed - URL responded with status code: 403
UUID 25C8F82E-5F5B-40AD-B0C2-3B058F0C0540: URL https://wssig2.azores.gov.pt/arcgis/services/SRIT/POOC_SaoMiguel_Norte_Condicionantes/MapServer/WFSServer?request=GetCapabilities&service=WFS failed - URL responded with status code: 403
UUID 25C8F82E-5F5B-40AD-B0C2-3B058F0C0540: URL https://wssig2.azores.gov.pt/arcgis/services/SRIT/POOC_SaoMiguel_Norte_Sintese/MapServer/WFSServer?request=GetCapabilities&service=WFS failed - URL responded with status code: 403
UUID 27EAAF45-8DC0-409F-8A9B-46A3F7644AF4: URL https://wssig3.azores.gov.pt/geoserver/el-bat-10m/wfs?service=wfs&version=2.0.0&request=GetCapabilities failed - URL responded with status code: 403
UUID 25BAFA18-0635-4ADE-9179-B628336CA125: URL https://wssig3.azores.gov.pt/geoserver/plu-prota/wfs?service=wfs&version=2.0.0&request=GetCapabilities failed - URL responded with status code: 403
UUID 20986ED6-CFF8-4FB2-838F-B74B6227570A: URL http://sraf-sdi-inspire.azores.gov.pt/geoserver/ManagementRestrictionOrRegulationZone/wfs?service=wfs&version=2.0.0&request=GetCapabilities failed - URL responded with status code: 403
UUID 1D774A19-ADD8-42A2-B516-3D63105B46F4: URL http://sraf-sdi-inspire.azores.gov.pt/geoserver/tn-ro/wfs?service=wfs&version=2.0.0&request=GetCapabilities failed - URL responded with status code: 403
UUID 1b41fd40-ecbb-47eb-bcc1-56db68909531: URL https://wssig3.azores.gov.pt/geoserver/ps/wfs?service=wfs&version=2.0.0&request=GetCapabilities failed - URL responded with status code: 403
UUID 220FFB34-18A1-467D-A4E3-DB5FAF2A89C4: URL https://wssig3.azores.gov.pt/geoserver/am-wb/wfs?service=wfs&version=2.0.0&request=GetCapabilities failed - URL responded with status code: 403
UUID 0F07611C-1A13-41FC-AF4E-3D45A629D831: URL http://sraf-sdi-inspire.azores.gov.pt/geoserver/ManagementRestrictionOrRegulationZone/wfs?service=wfs&version=2.0.0&request=GetCapabilities failed - URL responded with status code: 403
UUID 12c58561-7489-462e-9365-1c8c23df26bf: URL https://wssig3.azores.gov.pt/geoserver/plu-pobhl/wfs?service=wfs&version=2.0.0&request=GetCapabilities failed - URL responded with status code: 403
UUID 12c58561-7489-462e-9365-1c8c23df26bf: URL https://wssig2.azores.gov.pt/arcgis/services/SRIT/POBHL_SeteCidades_Condicionantes_I_1a_Alteracao/MapServer/WFSServer?request=GetCapabilities&service=WFS failed - URL responded with status code: 403
UUID 12c58561-7489-462e-9365-1c8c23df26bf: URL https://wssig2.azores.gov.pt/arcgis/services/SRIT/POBHL_SeteCidades_Condicionantes_II_1a_Alteracao/MapServer/WFSServer?request=GetCapabilities&service=WFS failed - URL responded with status code: 403
UUID 12c58561-7489-462e-9365-1c8c23df26bf: URL https://wssig2.azores.gov.pt/arcgis/services/SRIT/POBHL_SeteCidades_Sintese_1a_Alteracao/MapServer/WFSServer?request=GetCapabilities&service=WFS failed - URL responded with status code: 403
UUID 1D8DB1E8-B702-4047-9AA0-896FB143F2A3: URL https://wssig3.azores.gov.pt/geoserver/plu-pobhl/wfs?service=wfs&version=2.0.0&request=GetCapabilities failed - URL responded with status code: 403
UUID 1D8DB1E8-B702-4047-9AA0-896FB143F2A3: URL https://wssig2.azores.gov.pt/arcgis/services/SRIT/POBHL_Flores_Condicionantes/MapServer/WFSServer?request=GetCapabilities&service=WFS failed - URL responded with status code: 403
UUID 1D8DB1E8-B702-4047-9AA0-896FB143F2A3: URL https://wssig2.azores.gov.pt/arcgis/services/SRIT/POBHL_Flores_Sintese/MapServer/WFSServer?request=GetCapabilities&service=WFS failed - URL responded with status code: 403
UUID 05DFCD3A-4E8E-49FE-9DAD-FB9B5227A68F: URL http://sraf-sdi-inspire.azores.gov.pt/geoserver/ManagementRestrictionOrRegulationZone/wfs?service=2.0.0&request=GetCapabilities failed - URL responded with status code: 403
UUID f3183625-3628-4a54-9ce2-6b3a1e60bc6e: URL https://inspire.ine.pt/geoserver/COD2014_PT_CONTINENTAL/wfs?service=wfs&version=2.0.0&request=GetCapabilities failed - HTTPSConnectionPool(host='inspire.ine.pt', port=443): Max retries exceeded with url: /geoserver/COD2014_PT_CONTINENTAL/wfs?service=wfs&version=2.0.0&request=GetCapabilities (Caused by ProxyError('Unable to connect to proxy', RemoteDisconnected('Remote end closed connection without response')))
UUID f401dfd9-5228-4394-8d71-058edaf52c11: URL https://wssig3.azores.gov.pt/geoserver/hy-p/wfs?service=wfs&version=2.0.0&request=GetCapabilities failed - URL responded with status code: 403
UUID cfea04fc-4ea1-40c7-b353-d39a76100c65: URL https://inspire.ine.pt/geoserver/POPRESM_BGRI2011_RAA_GRUPOCENTRAL_ORIENTAL/wfs?service=wfs&version=2.0.0&request=GetCapabilities failed - HTTPSConnectionPool(host='inspire.ine.pt', port=443): Max retries exceeded with url: /geoserver/POPRESM_BGRI2011_RAA_GRUPOCENTRAL_ORIENTAL/wfs?service=wfs&version=2.0.0&request=GetCapabilities (Caused by ProxyError('Unable to connect to proxy', RemoteDisconnected('Remote end closed connection without response')))
UUID dcf0a95c-8f11-4276-aad5-e52ab55072eb: URL https://wssig3.azores.gov.pt/geoserver/so/wfs?service=wfs&version=2.0.0&request=GetCapabilities failed - URL responded with status code: 403
UUID c88e7cab-e2c7-4052-9599-8a979a654dd6: URL https://wssig3.azores.gov.pt/geoserver/ps/wfs?service=wfs&version=2.0.0&request=GetCapabilities failed - URL responded with status code: 403
UUID e18d1f12-cd37-4607-ad77-44d1da8f749a: URL https://wssig3.azores.gov.pt/geoserver/ps/wfs?service=wfs&version=2.0.0&request=GetCapabilities failed - URL responded with status code: 403
UUID F5F4F272-B459-4E7C-84AD-B944217C2B49: URL https://wssig3.azores.gov.pt/geoserver/plu-popp/wfs?service=wfs&version=2.0.0&request=GetCapabilities failed - URL responded with status code: 403
UUID F5F4F272-B459-4E7C-84AD-B944217C2B49: URL https://wssig2.azores.gov.pt/arcgis/services/SRIT/POAP_POPP_Pico_Condicionantes_1a_Alteracao/MapServer/WFSServer?request=GetCapabilities&service=WFS failed - URL responded with status code: 403
UUID F5F4F272-B459-4E7C-84AD-B944217C2B49: URL https://wssig2.azores.gov.pt/arcgis/services/SRIT/POAP_POPP_Pico_Sintese_1a_Alteracao/MapServer/WFSServer?request=GetCapabilities&service=WFS failed - URL responded with status code: 403
UUID f7cbbc04-c31a-4296-8860-9bdcc5437f9e: URL https://wssig3.azores.gov.pt/geoserver/ps/wfs?service=wfs&version=2.0.0&request=GetCapabilities failed - URL responded with status code: 403
UUID b87719a5-c19b-4945-bd54-aac04fabe0e1: URL https://inspire.lneg.pt/arcgis/services/ZonasRisco/CartaRadiometrica/MapServer/WCSServer?request=GetCapabilities&service=WCS failed - URL responded with status code: 400
UUID b459d610-30ae-483b-825e-411138e58638: URL https://wssig3.azores.gov.pt/geoserver/am-dwp/wfs?service=wfs&version=2.0.0&request=GetCapabilities failed - URL responded with status code: 403
UUID b459d610-30ae-483b-825e-411138e58638: URL https://visualizador-idea.ambiente.azores.gov.pt/postgresql/idea/public/sria/cgi-bin/qgis_mapserv.fcgi?request=GetCapabilities&service=WFS&version=1.0.0 failed - URL responded with status code: 403
UUID a68d9c66f9264b13823ea77ff8c2d53e: URL http://mapas.dgterritorio.pt/inspire/atom/downloadservice.xml failed - HTTPConnectionPool(host='ps-isp-usr.cec.eu.int', port=8012): Read timed out. (read timeout=10)
UUID AD22A8B3-EB4E-477D-971A-546F4878C941: URL http://sraf-sdi-inspire.azores.gov.pt/geoserver/ManagementRestrictionOrRegulationZone/wfs?service=1.3.0&request=GetCapabilities failed - URL responded with status code: 403
UUID 9ce31570-893a-4ba7-81da-d6df0f7f35d2: URL https://wssig3.azores.gov.pt/geoserver/am-rb/wfs?service=wfs&version=2.0.0&request=GetCapabilities failed - URL responded with status code: 403
UUID 9ce31570-893a-4ba7-81da-d6df0f7f35d2: URL https://wssig3.azores.gov.pt/geoserver/plu-pgrh/wfs?service=wfs&version=2.0.0&request=GetCapabilities failed - URL responded with status code: 403
UUID 9ce31570-893a-4ba7-81da-d6df0f7f35d2: URL https://visualizador-idea.ambiente.azores.gov.pt/postgresql/idea/public/pgrh_2016_2021/cgi-bin/qgis_mapserv.fcgi?request=GetCapabilities&service=WFS&version=1.0.0 failed - URL responded with status code: 403
UUID 8804acd9-9d0f-40fb-bc2e-e4dff8c2b4b1: URL https://wssig3.azores.gov.pt/geoserver/plu-prac/wfs?service=wfs&version=2.0.0&request=GetCapabilities failed - URL responded with status code: 403
UUID 8804acd9-9d0f-40fb-bc2e-e4dff8c2b4b1: URL https://visualizador-idea.ambiente.azores.gov.pt/postgresql/idea/public/prac_azo/cgi-bin/qgis_mapserv.fcgi?request=GetCapabilities&service=WFS&version=1.0.0 failed - URL responded with status code: 403
UUID 90e984b1-c70c-4f51-bcec-a47dd4dbdbf7: URL https://wssig3.azores.gov.pt/geoserver/plu-pae/wfs?service=wfs&version=2.0.0&request=GetCapabilities failed - URL responded with status code: 403
UUID 90e984b1-c70c-4f51-bcec-a47dd4dbdbf7: URL https://wssig2.azores.gov.pt/arcgis/services/SRIT/PAE_Condicionantes/MapServer/WFSServer?request=GetCapabilities&service=WFS failed - URL responded with status code: 403
UUID 90e984b1-c70c-4f51-bcec-a47dd4dbdbf7: URL https://wssig2.azores.gov.pt/arcgis/services/SRIT/PAE_Ordenamento/MapServer/WFSServer?request=GetCapabilities&service=WFS failed - URL responded with status code: 403
UUID 90e984b1-c70c-4f51-bcec-a47dd4dbdbf7: URL https://wssig2.azores.gov.pt/arcgis/services/SRIT/PAE_Identificacao/MapServer/WFSServer?request=GetCapabilities&service=WFS failed - URL responded with status code: 403
UUID 90e984b1-c70c-4f51-bcec-a47dd4dbdbf7: URL https://visualizador-idea.ambiente.azores.gov.pt/postgresql/idea/public/pae/cgi-bin/qgis_mapserv.fcgi?request=GetCapabilities&service=WFS&version=1.0.0 failed - URL responded with status code: 403
UUID 7c073c0d-97f4-4040-a2c3-bddf8bc8b6ca: URL https://wssig3.azores.gov.pt/geoserver/ge-hg/wfs?service=wfs&version=2.0.0&request=GetCapabilities failed - URL responded with status code: 403
UUID 7c073c0d-97f4-4040-a2c3-bddf8bc8b6ca: URL https://visualizador-idea.ambiente.azores.gov.pt/postgresql/idea/public/sria/cgi-bin/qgis_mapserv.fcgi?request=GetCapabilities&service=WFS&version=1.0.0 failed - URL responded with status code: 403
UUID 62995ce3-c4e1-410c-a9ed-74b1e1f1fe57: URL https://wssig3.azores.gov.pt/geoserver/ef/wfs?service=wfs&version=2.0.0&request=GetCapabilities failed - URL responded with status code: 403
UUID 62995ce3-c4e1-410c-a9ed-74b1e1f1fe57: URL https://visualizador-idea.ambiente.azores.gov.pt/postgresql/idea/public/sria/cgi-bin/qgis_mapserv.fcgi?request=GetCapabilities&service=WFS&version=1.0.0 failed - URL responded with status code: 403
UUID 5ed78544-4cbc-455a-802f-02470f292a24: URL https://wssig4.azores.gov.pt/geoserver/cosa/wfs?service=wfs&version=2.0.0&request=GetCapabilities failed - URL responded with status code: 403
UUID 5ed78544-4cbc-455a-802f-02470f292a24: URL https://visualizador-idea.ambiente.azores.gov.pt/postgresql/idea/public/cosa/cgi-bin/qgis_mapserv.fcgi?request=GetCapabilities&service=WFS&version=1.0.0 failed - URL responded with status code: 403
UUID 5ed78544-4cbc-455a-802f-02470f292a24: URL https://wssig3.azores.gov.pt/geoserver/lc-cosa-2018/wfs?service=wfs&version=2.0.0&request=GetCapabilities failed - URL responded with status code: 403
UUID 58190136-cb66-4a59-adfe-234e72cbdf96: URL https://wssig3.azores.gov.pt/geoserver/sd-diretiva-habitats-2018/wfs?service=wfs&version=2.0.0&request=GetCapabilities failed - URL responded with status code: 403
UUID 4D6AEA5B-FEBB-4A53-B01E-635EA6553C0B: URL https://inspire.apambiente.pt/getogc/rest/services/INSPIRE/HY_PhysicalWaters_Catchments_Drainage_Basin/MapServer/exts/InspireFeatureDownload/service?VERSION=2.0.0&SERVICE=WFS&REQUEST=getcapabilities failed - URL responded with status code: 500
UUID 4fb247ee-b9e5-4e44-a959-88c27422e523: URL https://wssig3.azores.gov.pt/geoserver/ge/wfs?service=wfs&version=2.0.0&request=GetCapabilities failed - URL responded with status code: 403
UUID 4fb247ee-b9e5-4e44-a959-88c27422e523: URL https://visualizador-idea.ambiente.azores.gov.pt/postgresql/idea/public/sria/cgi-bin/qgis_mapserv.fcgi?request=GetCapabilities&service=WFS&version=1.0.0 failed - URL responded with status code: 403
UUID 5615f93d-24cf-4430-a037-f2b66c12a522: URL https://wssig3.azores.gov.pt/geoserver/ge/wfs?service=wfs&version=2.0.0&request=GetCapabilities failed - URL responded with status code: 403
UUID 3ec40a92-b050-4c47-bede-a2976debb8c7: URL https://inspire.ine.pt/geoserver/gn/wfs?REQUEST=GetCapabilities&service=wfs&version=2.0.0 failed - HTTPSConnectionPool(host='inspire.ine.pt', port=443): Max retries exceeded with url: /geoserver/gn/wfs?REQUEST=GetCapabilities&service=wfs&version=2.0.0 (Caused by ProxyError('Unable to connect to proxy', RemoteDisconnected('Remote end closed connection without response')))
UUID 0b26bd46-15c6-4456-bb3f-e7d267631164: URL https://wssig3.azores.gov.pt/geoserver/ef-ar/wfs?service=wfs&version=2.0.0&request=GetCapabilities failed - URL responded with status code: 403
UUID 1f427a5a-8e11-4cea-814b-ba09288346b5: URL https://inspire.ine.pt/SU/atom/downloadservice.xml failed - HTTPSConnectionPool(host='inspire.ine.pt', port=443): Max retries exceeded with url: /SU/atom/downloadservice.xml (Caused by ProxyError('Unable to connect to proxy', RemoteDisconnected('Remote end closed connection without response')))
UUID 0a3854e9-3e64-48ee-ba0d-0df81c1f6781: URL https://inspire.ine.pt/geoserver/COD2014_RAA_GRUPOCENTRAL_ORIENTAL/wfs?service=wfs&version=2.0.0&request=GetCapabilities failed - HTTPSConnectionPool(host='inspire.ine.pt', port=443): Max retries exceeded with url: /geoserver/COD2014_RAA_GRUPOCENTRAL_ORIENTAL/wfs?service=wfs&version=2.0.0&request=GetCapabilities (Caused by ProxyError('Unable to connect to proxy', RemoteDisconnected('Remote end closed connection without response')))
UUID 0a4303e4-5eec-4966-962a-efc29313e130: URL https://wssig3.azores.gov.pt/geoserver/ge-hg/wfs?service=wfs&version=2.0.0&request=GetCapabilities failed - URL responded with status code: 403
UUID 1d985f08-57d4-4825-824c-fa1244dbbd8a: URL https://wssig3.azores.gov.pt/geoserver/ef/wfs?service=wfs&version=2.0.0&request=GetCapabilities failed - URL responded with status code: 403
UUID 1d985f08-57d4-4825-824c-fa1244dbbd8a: URL https://visualizador-idea.ambiente.azores.gov.pt/postgresql/idea/public/sria/cgi-bin/qgis_mapserv.fcgi?request=GetCapabilities&service=WFS&version=1.0.0 failed - URL responded with status code: 403
UUID 679aaaf0-da60-4e4e-a12d-ae65aefdd1a8: URL https://inspire.ine.pt/geoserver/COD2014_RAM/wfs?service=wfs&version=2.0.0&request=GetCapabilities failed - HTTPSConnectionPool(host='inspire.ine.pt', port=443): Max retries exceeded with url: /geoserver/COD2014_RAM/wfs?service=wfs&version=2.0.0&request=GetCapabilities (Caused by ProxyError('Unable to connect to proxy', RemoteDisconnected('Remote end closed connection without response')))
UUID 042f8592-cc71-4b81-b8c8-ea3b338b4f2b: URL https://wssig3.azores.gov.pt/geoserver/ps/wfs?service=wfs&version=2.0.0&request=GetCapabilities failed - URL responded with status code: 403
UUID 16129ac5-e07a-42a5-9d10-a302878144e0: URL https://inspire.ine.pt/SU/atom/downloadservice.xml failed - HTTPSConnectionPool(host='inspire.ine.pt', port=443): Max retries exceeded with url: /SU/atom/downloadservice.xml (Caused by ProxyError('Unable to connect to proxy', RemoteDisconnected('Remote end closed connection without response')))
UUID 9f563652-ee7f-41fc-9b19-97ea97b8e85b: URL https://inspire.ine.pt/geoserver/COD2014_RAA_GRUPOOCIDENTAL/wfs?service=wfs&version=2.0.0&request=GetCapabilities failed - HTTPSConnectionPool(host='inspire.ine.pt', port=443): Max retries exceeded with url: /geoserver/COD2014_RAA_GRUPOOCIDENTAL/wfs?service=wfs&version=2.0.0&request=GetCapabilities (Caused by ProxyError('Unable to connect to proxy', RemoteDisconnected('Remote end closed connection without response')))
UUID b310fc8d-8a3a-4b3d-abfb-952fb3f0fbd8: URL http://wssiglrec.azores.gov.pt/geoserver/observedEvent/wfs?service=wfs&version=2.0.0&request=GetCapabilities failed - URL responded with status code: 403
UUID 57cfd4ff-c58d-4530-b492-950c3a7b0905: URL https://inspire.ine.pt/SU/atom/downloadservice.xml failed - HTTPSConnectionPool(host='inspire.ine.pt', port=443): Max retries exceeded with url: /SU/atom/downloadservice.xml (Caused by ProxyError('Unable to connect to proxy', RemoteDisconnected('Remote end closed connection without response')))
UUID fd254cb9-0181-40ee-8e49-1a1ed5ddb7c2: URL https://wssig3.azores.gov.pt/geoserver/hy-p/wfs?service=wfs&version=2.0.0&request=GetCapabilities failed - URL responded with status code: 403
UUID fd254cb9-0181-40ee-8e49-1a1ed5ddb7c2: URL https://visualizador-idea.ambiente.azores.gov.pt/postgresql/idea/public/sria/cgi-bin/qgis_mapserv.fcgi?request=GetCapabilities&service=WFS&version=1.0.0 failed - URL responded with status code: 403
UUID 4ae723cf-b849-4e9e-8596-ed08f186fe73: URL https://wssig3.azores.gov.pt/geoserver/hy-p/wfs?service=wfs&version=2.0.0&request=GetCapabilities failed - URL responded with status code: 403
UUID 661d12f6-03db-4d7f-b7c0-99d503b78844: URL https://wssig3.azores.gov.pt/geoserver/ps/wfs?service=wfs&version=2.0.0&request=GetCapabilities failed - URL responded with status code: 403
UUID a47914cb-2dfa-4f00-8962-c256ab037fb3: URL https://wssig3.azores.gov.pt/geoserver/sr/wfs?service=wfs&version=2.0.0&request=GetCapabilities failed - URL responded with status code: 403
UUID a47914cb-2dfa-4f00-8962-c256ab037fb3: URL https://visualizador-idea.ambiente.azores.gov.pt/postgresql/idea/public/sria/cgi-bin/qgis_mapserv.fcgi?request=GetCapabilities&service=WFS&version=1.0.0 failed - URL responded with status code: 403
UUID f333e326-661d-4eeb-b30c-0af2b2a70515: URL https://wssig2.azores.gov.pt/arcgis/services/SRIT/POOC_Terceira_Sintese_Alteracao/MapServer/WFSServer?request=GetCapabilities&service=WFS failed - URL responded with status code: 403
UUID f333e326-661d-4eeb-b30c-0af2b2a70515: URL https://wssig2.azores.gov.pt/arcgis/services/SRIT/POOC_Terceira_Condicionantes_Alteracao/MapServer/WFSServer?request=GetCapabilities&service=WFS failed - URL responded with status code: 403
UUID 829bf1df-8dd7-4a45-8e03-0285c7772beb: URL https://inspire.lneg.pt/arcgis/rest/services/RecursosMinerais/RecursosMinerais/MapServer/exts/InspireView/service?request=GetCapabilities&service=WMS&version=1.3.0 failed - URL responded with status code: 500
UUID 2827d9cb-7bfd-45b7-8cad-0ae35f6a9d5f: URL https://wssig3.azores.gov.pt/geoserver/el-bat-lagoas/wfs?service=wfs&version=2.0.0&request=GetCapabilities failed - URL responded with status code: 403
UUID dc8ee8a9-1f38-4684-82db-358abceeeca8: URL https://wssig3.azores.gov.pt/geoserver/ge/wfs?service=wfs&version=2.0.0&request=GetCapabilities failed - URL responded with status code: 403
UUID a3c387f0-30a5-4c6d-8b9d-61eabaee415c: URL https://wssig3.azores.gov.pt/geoserver/sd-diretiva-aves-2012/wfs?service=wfs&version=2.0.0&request=GetCapabilities failed - URL responded with status code: 403
UUID 0409f3b5-08f7-4e9e-9500-73e080337eb8: URL https://wssig2.azores.gov.pt/arcgis/services/SRIT/POOC_SaoJorge_Condicionantes_Alteracao/MapServer/WFSServer?request=GetCapabilities&service=WFS failed - URL responded with status code: 403
UUID 0409f3b5-08f7-4e9e-9500-73e080337eb8: URL https://wssig2.azores.gov.pt/arcgis/services/SRIT/POOC_SaoJorge_Sintese_Alteracao/MapServer/WFSServer?request=GetCapabilities&service=WFS failed - URL responded with status code: 403
UUID 655D3EDB-FC6E-40F5-9EC8-4F1A3B9889C7: URL https://inspire.apambiente.pt/getogc/rest/services/INSPIRE/LU_SupplementaryRegulation_LagoasAguasPublicas/MapServer/exts/InspireFeatureDownload/service?VERSION=2.0.0&SERVICE=WFS&REQUEST=getcapabilities failed - URL responded with status code: 500
UUID 60b9e2cd-ca3d-4623-82b5-8b8a873b7636: URL https://wssig3.azores.gov.pt/geoserver/ge/wfs?service=wfs&version=2.0.0&request=GetCapabilities failed - URL responded with status code: 403
UUID 40643141-a4aa-4b34-ba26-416c0a4bd971: URL https://wssig3.azores.gov.pt/geoserver/am-wb/wfs?service=wfs&version=2.0.0&request=GetCapabilities failed - URL responded with status code: 403
UUID 1ab218c8-0174-40df-8d33-296a4a43ff2f: URL https://wssig3.azores.gov.pt/geoserver/ps/wfs?service=wfs&version=2.0.0&request=GetCapabilities failed - URL responded with status code: 403
UUID 4949c92d-09e5-4b42-960c-0543fcbbc54f: URL https://inspire.lneg.pt/arcgis/rest/services/CartografiaGeologica/CGP50k/MapServer/exts/InspireFeatureDownload/service?request=GetCapabilities&service=WFS&version=2.0.0 failed - URL responded with status code: 500
