UUID 193aa72d-f345-4007-b3d8-56839b85ec1c: URL https://services.sandre.eaufrance.fr/geo/MasseDEau_VRAP2016?SERVICE=WFS&VERSION=2.0.0&REQUEST=GetFeature&typename=TronconElemMasseDEauRiviere_VRAP2016_FXX&SRSNAME=EPSG:2154&OUTPUTFORMAT=SHAPEZIP failed - HTTPSConnectionPool(host='services.sandre.eaufrance.fr', port=443): Read timed out. (read timeout=10)
UUID 7d92c240-9b89-4e04-9757-d510aebbe167: URL https://services.sandre.eaufrance.fr/geo/MasseDEau_VRAP2016?SERVICE=WFS&VERSION=2.0.0&REQUEST=GetFeature&typename=TronconElemMasseDEauRiviere_VRAP2016&SRSNAME=EPSG:4326&OUTPUTFORMAT=SHAPEZIP failed - HTTPSConnectionPool(host='services.sandre.eaufrance.fr', port=443): Read timed out. (read timeout=10)
UUID 7d92c240-9b89-4e04-9757-d510aebbe167: URL https://services.sandre.eaufrance.fr/geo/MasseDEau_VRAP2016?SERVICE=WFS&VERSION=2.0.0&REQUEST=GetFeature&typename=TronconElemMasseDEauRiviere_VRAP2016&OUTPUTFORMAT=GPKG failed - HTTPSConnectionPool(host='services.sandre.eaufrance.fr', port=443): Read timed out. (read timeout=10)
UUID 20d02a2d-b93a-4ab7-8e9c-648a5ecd3736: URL https://services.sandre.eaufrance.fr/geo/MasseDEau_VRAP2016?SERVICE=WFS&VERSION=2.1.0&REQUEST=GetFeature&typename=MasseDEauRiviere_VRAP2016_GLP&SRSNAME=EPSG:4559&OUTPUTFORMAT=SHAPEZIP failed - URL responded with status code: 400
UUID BDML_TCH.xml: URL https://services.data.shom.fr/INSPIRE/wfs/ failed - URL responded with status code: 401
UUID 3c126d49-0f17-457b-ae74-918808371268: URL https://services.sandre.eaufrance.fr/geo/MasseDEau_VRAP2016?SERVICE=WFS&VERSION=2.0.0&REQUEST=GetFeature&typename=MasseDEauRiviere_VRAP2016_FXX&SRSNAME=EPSG:2154&OUTPUTFORMAT=SHAPEZIP failed - HTTPSConnectionPool(host='services.sandre.eaufrance.fr', port=443): Read timed out. (read timeout=10)
UUID 3c126d49-0f17-457b-ae74-918808371268: URL https://services.sandre.eaufrance.fr/geo/MasseDEau_VRAP2016?SERVICE=WFS&VERSION=2.0.0&REQUEST=GetFeature&typename=MasseDEauRiviere_VRAP2016_FXX&SRSNAME=EPSG:2154&OUTPUTFORMAT=GPKG failed - HTTPSConnectionPool(host='services.sandre.eaufrance.fr', port=443): Read timed out. (read timeout=10)
UUID BDML_LIMITE_LIM.xml: URL https://services.data.shom.fr/INSPIRE/wfs failed - URL responded with status code: 401
UUID BDML_LIMITE_LIM.xml: URL https://services.data.shom.fr/INSPIRE/wfs failed - URL responded with status code: 401
UUID 5439c51d-a980-4b0d-bad4-e5b33d5ee59b: URL https://services.sandre.eaufrance.fr/geo/MasseDEau_VRAP2010?SERVICE=WFS&VERSION=2.0.0&REQUEST=GetFeature&typename=TronconElemMasseDEauRiviere_VRAP2010_FXX&SRSNAME=EPSG:2154&OUTPUTFORMAT=SHAPEZIP failed - HTTPSConnectionPool(host='services.sandre.eaufrance.fr', port=443): Read timed out. (read timeout=10)
UUID 5439c51d-a980-4b0d-bad4-e5b33d5ee59b: URL https://services.sandre.eaufrance.fr/geo/MasseDEau_VRAP2010?SERVICE=WFS&VERSION=2.0.0&REQUEST=GetFeature&typename=TronconElemMasseDEauRiviere_VRAP2010_FXX&SRSNAME=EPSG:2154&OUTPUTFORMAT=MIDMIF failed - URL responded with status code: 400
UUID 5439c51d-a980-4b0d-bad4-e5b33d5ee59b: URL https://services.sandre.eaufrance.fr/geo/MasseDEau_VRAP2010?SERVICE=WFS&VERSION=2.0.0&REQUEST=GetFeature&typename=TronconElemMasseDEauRiviere_VRAP2010_FXX&SRSNAME=EPSG:2154&OUTPUTFORMAT=GPKG failed - HTTPSConnectionPool(host='services.sandre.eaufrance.fr', port=443): Read timed out. (read timeout=10)
UUID 8ddc0f01-6708-4b23-a79a-e9bac3beeee6: URL https://services.sandre.eaufrance.fr/geo/zrpe?SERVICE=WFS&VERSION=2.0.0&REQUEST=GetFeature&typename=ZoneVuln_com_FXX&SRSNAME=EPSG:2154&OUTPUTFORMAT=SHAPEZIP failed - HTTPSConnectionPool(host='services.sandre.eaufrance.fr', port=443): Read timed out. (read timeout=10)
UUID 8ddc0f01-6708-4b23-a79a-e9bac3beeee6: URL https://services.sandre.eaufrance.fr/geo/zrpe?SERVICE=WFS&VERSION=2.0.0&REQUEST=GetFeature&typename=ZoneVuln_com_FXX&SRSNAME=EPSG:2154&OUTPUTFORMAT=GPKG failed - HTTPSConnectionPool(host='services.sandre.eaufrance.fr', port=443): Read timed out. (read timeout=10)
UUID 8ddc0f01-6708-4b23-a79a-e9bac3beeee6: URL https://services.sandre.eaufrance.fr/geo/zrpe?SERVICE=WFS&VERSION=2.0.0&REQUEST=GetFeature&typename=ZoneVuln_cad_FXX&SRSNAME=EPSG:2154&OUTPUTFORMAT=SHAPEZIP failed - HTTPSConnectionPool(host='services.sandre.eaufrance.fr', port=443): Read timed out. (read timeout=10)
UUID 8ddc0f01-6708-4b23-a79a-e9bac3beeee6: URL https://services.sandre.eaufrance.fr/geo/zrpe?SERVICE=WFS&VERSION=2.0.0&REQUEST=GetFeature&typename=ZoneVuln_cad_FXX&SRSNAME=EPSG:2154&OUTPUTFORMAT=GPKG failed - HTTPSConnectionPool(host='services.sandre.eaufrance.fr', port=443): Read timed out. (read timeout=10)
UUID 8ddc0f01-6708-4b23-a79a-e9bac3beeee6: URL https://services.sandre.eaufrance.fr/geo/zrpe?SERVICE=WFS&VERSION=2.0.0&REQUEST=GetFeature&typename=ZoneVuln_SectionCadastrale&SRSNAME=EPSG:4326&OUTPUTFORMAT=CSV failed - HTTPSConnectionPool(host='services.sandre.eaufrance.fr', port=443): Read timed out. (read timeout=10)
UUID 4295742f-8f41-4918-9be7-a42b34e5283a: URL https://services.sandre.eaufrance.fr/geo/MasseDEau_VRAP2016?SERVICE=WFS&VERSION=2.0.0&REQUEST=GetFeature&typename=MasseDEauSouterraine_VRAP2016_FXX&SRSNAME=EPSG:2154&OUTPUTFORMAT=SHAPEZIP failed - HTTPSConnectionPool(host='services.sandre.eaufrance.fr', port=443): Read timed out. (read timeout=10)
UUID 4295742f-8f41-4918-9be7-a42b34e5283a: URL https://services.sandre.eaufrance.fr/geo/MasseDEau_VRAP2016?SERVICE=WFS&VERSION=2.0.0&REQUEST=GetFeature&typename=MasseDEauSouterraine_VRAP2016_FXX&OUTPUTFORMAT=GPKG failed - HTTPSConnectionPool(host='services.sandre.eaufrance.fr', port=443): Read timed out. (read timeout=10)
UUID bd7c0d56-5c93-49ab-91fe-2f677796b178: URL https://services.sandre.eaufrance.fr/geo/mdo?SERVICE=WFS&VERSION=2.0.0&REQUEST=GetFeature&typename=SsBassinDCEAdmin&OUTPUTFORMAT=GPKG failed - HTTPSConnectionPool(host='services.sandre.eaufrance.fr', port=443): Read timed out. (read timeout=10)
UUID bd7c0d56-5c93-49ab-91fe-2f677796b178: URL https://services.sandre.eaufrance.fr/geo/mdo?SERVICE=WFS&VERSION=2.0.0&REQUEST=GetFeature&typename=SsBassinDCEAdmin&OUTPUTFORMAT=SHAPEZIP failed - HTTPSConnectionPool(host='services.sandre.eaufrance.fr', port=443): Read timed out. (read timeout=10)
UUID bd7c0d56-5c93-49ab-91fe-2f677796b178: URL https://services.sandre.eaufrance.fr/geo/mdo?SERVICE=WFS&VERSION=2.0.0&REQUEST=GetFeature&typename=SsBassinDCEAdmin_2013&OUTPUTFORMAT=SHAPEZIP failed - URL responded with status code: 400
UUID 0fe01bae-811b-4692-8099-9f301b6792a5: URL https://inpn-inspire.mnhn.fr/geoservices/INPN_INSPIRE/ows?service=WFS&version=1.0.0&request=GetFeature&typeName=INPN_INSPIRE:DO_2013&outputFormat=DOtoDS failed - HTTPSConnectionPool(host='inpn-inspire.mnhn.fr', port=443): Read timed out. (read timeout=10)
UUID ef0e5795-b6da-4409-a18b-c4371217115d: URL https://services.sandre.eaufrance.fr/geo/MasseDEau_VRAP2010?SERVICE=WFS&VERSION=2.0.0&REQUEST=GetFeature&typename=TronconElemMasseDEauRiviere_VRAP2010&SRSNAME=EPSG:4326&OUTPUTFORMAT=SHAPEZIP failed - HTTPSConnectionPool(host='services.sandre.eaufrance.fr', port=443): Read timed out. (read timeout=10)
UUID ef0e5795-b6da-4409-a18b-c4371217115d: URL https://services.sandre.eaufrance.fr/geo/MasseDEau_VRAP2010?SERVICE=WFS&VERSION=2.0.0&REQUEST=GetFeature&typename=TronconElemMasseDEauRiviere_VRAP2010&OUTPUTFORMAT=GPKG failed - HTTPSConnectionPool(host='services.sandre.eaufrance.fr', port=443): Read timed out. (read timeout=10)
UUID ef0e5795-b6da-4409-a18b-c4371217115d: URL https://services.sandre.eaufrance.fr/geo/MasseDEau_VRAP2010?SERVICE=WFS&VERSION=2.0.0&REQUEST=GetFeature&typename=TronconElemMasseDEauRiviere_VRAP2010&SRSNAME=EPSG:4326&OUTPUTFORMAT=MIDMIF failed - URL responded with status code: 400
UUID 3cc9aee4-25ee-473e-8139-f4ddfdcff7ba: URL https://services.sandre.eaufrance.fr/geo/zrpe?SERVICE=WFS&VERSION=2.0.0&REQUEST=GetFeature&typename=ZoneVuln_historique&SRSNAME=EPSG:2154&OUTPUTFORMAT=SHAPEZIP failed - URL responded with status code: 400
UUID 3cc9aee4-25ee-473e-8139-f4ddfdcff7ba: URL https://services.sandre.eaufrance.fr/geo/zrpe?SERVICE=WFS&VERSION=2.0.0&REQUEST=GetFeature&typename=ZoneVuln_historique&SRSNAME=EPSG:2154&OUTPUTFORMAT=GPKG failed - URL responded with status code: 400
UUID 3cc9aee4-25ee-473e-8139-f4ddfdcff7ba: URL https://services.sandre.eaufrance.fr/geo/zrpe?SERVICE=WFS&VERSION=2.0.0&REQUEST=GetFeature&typename=ZoneVuln_com_historique&SRSNAME=EPSG:2154&OUTPUTFORMAT=SHAPEZIP failed - HTTPSConnectionPool(host='services.sandre.eaufrance.fr', port=443): Read timed out. (read timeout=10)
UUID 3cc9aee4-25ee-473e-8139-f4ddfdcff7ba: URL https://services.sandre.eaufrance.fr/geo/zrpe?SERVICE=WFS&VERSION=2.0.0&REQUEST=GetFeature&typename=ZoneVuln_com_historique&SRSNAME=EPSG:2154&OUTPUTFORMAT=GPKG failed - HTTPSConnectionPool(host='services.sandre.eaufrance.fr', port=443): Read timed out. (read timeout=10)
UUID 3cc9aee4-25ee-473e-8139-f4ddfdcff7ba: URL https://services.sandre.eaufrance.fr/geo/zrpe?SERVICE=WFS&VERSION=2.0.0&REQUEST=GetFeature&typename=ZoneVuln_cad_historique&SRSNAME=EPSG:2154&OUTPUTFORMAT=SHAPEZIP failed - HTTPSConnectionPool(host='services.sandre.eaufrance.fr', port=443): Read timed out. (read timeout=10)
UUID 3cc9aee4-25ee-473e-8139-f4ddfdcff7ba: URL https://services.sandre.eaufrance.fr/geo/zrpe?SERVICE=WFS&VERSION=2.0.0&REQUEST=GetFeature&typename=ZoneVuln_cad_historique&SRSNAME=EPSG:2154&OUTPUTFORMAT=GPKG failed - HTTPSConnectionPool(host='services.sandre.eaufrance.fr', port=443): Read timed out. (read timeout=10)
UUID 3cc9aee4-25ee-473e-8139-f4ddfdcff7ba: URL https://services.sandre.eaufrance.fr/geo/zrpe?SERVICE=WFS&VERSION=2.0.0&REQUEST=GetFeature&typename=ZoneVuln_Commune&SRSNAME=EPSG:4326&OUTPUTFORMAT=CSV failed - HTTPSConnectionPool(host='services.sandre.eaufrance.fr', port=443): Read timed out. (read timeout=10)
UUID 3cc9aee4-25ee-473e-8139-f4ddfdcff7ba: URL https://services.sandre.eaufrance.fr/geo/zrpe?SERVICE=WFS&VERSION=2.0.0&REQUEST=GetFeature&typename=SectionCadastrale_Commune&SRSNAME=EPSG:4326&OUTPUTFORMAT=CSV failed - URL responded with status code: 400
UUID a3013538-4e8e-47f8-b114-42fadabacc88: URL https://services.sandre.eaufrance.fr/geo/MasseDEau_VRAP2016?SERVICE=WFS&VERSION=2.0.0&REQUEST=GETFEATURE&TYPENAME=MasseDEauRiviere_VRAP2016&SRSNAME=EPSG:4326&OUTPUTFORMAT=SHAPEZIP failed - HTTPSConnectionPool(host='services.sandre.eaufrance.fr', port=443): Read timed out. (read timeout=10)
UUID f8b144c6-da5b-4f9e-bdb0-c7104842b7c9: URL https://services.sandre.eaufrance.fr/geo/MasseDEau_VRAP2016?SERVICE=WFS&VERSION=2.0.0&REQUEST=GetFeature&typename=PolygMasseDEauSouterraine_VRAP2016&OUTPUTFORMAT=GPKG failed - HTTPSConnectionPool(host='services.sandre.eaufrance.fr', port=443): Read timed out. (read timeout=10)
UUID d182a1f9-f5ba-4aaf-8939-3c7ebb034b4f: URL https://services.sandre.eaufrance.fr/geo/mdo?SERVICE=WFS&VERSION=2.0.0&REQUEST=GetFeature&typename=BassinDCE&SRSNAME=EPSG:4326&OUTPUTFORMAT=GPKG failed - HTTPSConnectionPool(host='services.sandre.eaufrance.fr', port=443): Read timed out. (read timeout=10)
UUID d182a1f9-f5ba-4aaf-8939-3c7ebb034b4f: URL https://services.sandre.eaufrance.fr/geo/mdo?SERVICE=WFS&VERSION=2.0.0&REQUEST=GetFeature&typename=BassinDCE&SRSNAME=EPSG:4326&OUTPUTFORMAT=SHAPEZIP failed - HTTPSConnectionPool(host='services.sandre.eaufrance.fr', port=443): Read timed out. (read timeout=10)
UUID ce590f67-e204-424a-bdd6-1e687b71bb51: URL https://services.sandre.eaufrance.fr/geo/MasseDEau_VRAP2010?SERVICE=WFS&VERSION=2.0.0&REQUEST=GetFeature&typename=MasseDEauSouterraine_VRAP2010_FXX&SRSNAME=EPSG:2154&OUTPUTFORMAT=SHAPEZIP failed - HTTPSConnectionPool(host='services.sandre.eaufrance.fr', port=443): Read timed out. (read timeout=10)
UUID BDML_LIMITE_LTM.xml: URL https://services.data.shom.fr/INSPIRE/wfs/ failed - URL responded with status code: 401
UUID BDML_LIMITE_LTM.xml: URL https://services.data.shom.fr/INSPIRE/wfs/ failed - URL responded with status code: 401
UUID BDML_LIMITE_LSE.xml: URL https://services.data.shom.fr/INSPIRE/wfs failed - URL responded with status code: 401
UUID BDML_LIMITE_LSE.xml: URL https://services.data.shom.fr/INSPIRE/wfs failed - URL responded with status code: 401
