UUID bc2c53f6-c908-4d7c-a6c0-78d9a2855640: URL https://geodata.nationaalgeoregister.nl/provincies/nz/wfs/v1?SERVICE=WFS&REQUEST=GetCapabilities&version=2.0.0 failed - URL responded with status code: 404
UUID bc2c53f6-c908-4d7c-a6c0-78d9a2855640: URL https://geodata.nationaalgeoregister.nl/provincies/nz/wfs/v1?request=GetFeature&service=WFS&version=2.0.0&typeName=NZ_ExposedElement_nlnz-ogk&outputFormat=text%2Fxml%3B%20subtype%3Dgml%2F3.1.1 failed - URL responded with status code: 404
UUID bc2c53f6-c908-4d7c-a6c0-78d9a2855640: URL https://geodata.nationaalgeoregister.nl/provincies/nz/wfs/v1?request=GetFeature&service=WFS&version=2.0.0&typeName=NZ_HazardArea_nlnz-ogk&outputFormat=text%2Fxml%3B%20subtype%3Dgml%2F3.1.1 failed - URL responded with status code: 404
UUID bc2c53f6-c908-4d7c-a6c0-78d9a2855640: URL https://geodata.nationaalgeoregister.nl/provincies/nz/wfs/v1?request=GetFeature&service=WFS&version=2.0.0&typeName=NZ_ObservedEvent_nlnz-ogk&outputFormat=text%2Fxml%3B%20subtype%3Dgml%2F3.1.1 failed - URL responded with status code: 404
UUID bc2c53f6-c908-4d7c-a6c0-78d9a2855640: URL https://geodata.nationaalgeoregister.nl/provincies/nz/wfs/v1?request=GetFeature&service=WFS&version=2.0.0&typeName=NZ_RiskZone_nlnz-ogk&outputFormat=text%2Fxml%3B%20subtype%3Dgml%2F3.1.1 failed - URL responded with status code: 404
UUID bc2c53f6-c908-4d7c-a6c0-78d9a2855640: URL https://geodata.nationaalgeoregister.nl/provincies/nz/atom/v1/nz-nlnz-ogk.xml failed - URL responded with status code: 404
UUID bc2c53f6-c908-4d7c-a6c0-78d9a2855640: URL http://geodata.nationaalgeoregister.nl/provincies/nz/atom/v1/downloads/nz-nlnz-ogk/inspire-pv-nz.nlnz-ogk.zip failed - URL responded with status code: 404
UUID 3e57ce43-7707-43ed-a4b9-72b3a6d812f8: URL http://geodata.rivm.nl/geoserver/wfs?request=GetCapabilities failed - URL responded with status code: 503
UUID 844404a2-9cd0-452e-b29a-74588777485a: URL http://geodata.rivm.nl/geoserver/wfs?request=GetCapabilities failed - URL responded with status code: 503
UUID 002d9127-c16d-4b8d-9f5e-102a8c8e36c4: URL https://geodata.nationaalgeoregister.nl/ienw/geluidskaartspoorwegennacht/v1/wfs?request=GetCapabilities&service=WFS failed - URL responded with status code: 404
UUID 2daad588-11ef-47de-9832-6fe2c3b93e6d: URL https://geodata.nationaalgeoregister.nl/provincies/nz/wfs/v1?SERVICE=WFS&REQUEST=GetCapabilities&version=2.0.0 failed - URL responded with status code: 404
UUID 2daad588-11ef-47de-9832-6fe2c3b93e6d: URL https://geodata.nationaalgeoregister.nl/provincies/nz/wfs/v1?request=GetFeature&service=WFS&version=2.0.0&typeName=NZ_ExposedElement_nlnz-ork&outputFormat=text%2Fxml%3B%20subtype%3Dgml%2F3.1.1 failed - URL responded with status code: 404
UUID 2daad588-11ef-47de-9832-6fe2c3b93e6d: URL https://geodata.nationaalgeoregister.nl/provincies/nz/wfs/v1?request=GetFeature&service=WFS&version=2.0.0&typeName=NZ_HazardArea_nlnz-ork&outputFormat=text%2Fxml%3B%20subtype%3Dgml%2F3.1.1 failed - URL responded with status code: 404
UUID 2daad588-11ef-47de-9832-6fe2c3b93e6d: URL https://geodata.nationaalgeoregister.nl/provincies/nz/wfs/v1?request=GetFeature&service=WFS&version=2.0.0&typeName=NZ_ObservedEvent_nlnz-ork&outputFormat=text%2Fxml%3B%20subtype%3Dgml%2F3.1.1 failed - URL responded with status code: 404
UUID 2daad588-11ef-47de-9832-6fe2c3b93e6d: URL https://geodata.nationaalgeoregister.nl/provincies/nz/wfs/v1?request=GetFeature&service=WFS&version=2.0.0&typeName=NZ_RiskZone_nlnz-ork&outputFormat=text%2Fxml%3B%20subtype%3Dgml%2F3.1.1 failed - URL responded with status code: 404
UUID 2daad588-11ef-47de-9832-6fe2c3b93e6d: URL https://geodata.nationaalgeoregister.nl/provincies/nz/atom/v1/nz-nlnz-ork.xml failed - URL responded with status code: 404
UUID 2daad588-11ef-47de-9832-6fe2c3b93e6d: URL http://geodata.nationaalgeoregister.nl/provincies/nz/atom/v1/downloads/nz-nlnz-ork/inspire-pv-nz.nlnz-ork.zip failed - URL responded with status code: 404
UUID 110f9ec6-4464-462e-9765-83d90cefbeac: URL http://data.waterkwaliteitsportaal.nl/inspire/vs/AM?service=WFS&version=2.0.0&request=GetCapabilities failed - URL responded with status code: 404
UUID 110f9ec6-4464-462e-9765-83d90cefbeac: URL http://data.waterkwaliteitsportaal.nl/inspire/vs/AM?service=WFS&version=2.0.0&request=GetCapabilities failed - URL responded with status code: 404
UUID 110f9ec6-4464-462e-9765-83d90cefbeab: URL http://data.waterkwaliteitsportaal.nl/inspire/vs/AM?service=WFS&version=1.1.0&request=GetCapabilities failed - URL responded with status code: 404
UUID 110f9ec6-4464-462e-9765-83d90cefbeab: URL http://data.waterkwaliteitsportaal.nl/inspire/vs/AM?service=WFS&version=1.1.0&request=GetCapabilities failed - URL responded with status code: 404
UUID 83dab947-387b-49df-8ad2-32bb10d46d38: URL https://geodata.nationaalgeoregister.nl/ienw/geluidskaartschipholetmaal/v2/wfs?request=GetCapabilities&service=WFS failed - URL responded with status code: 404
UUID 83dab947-387b-49df-8ad2-32bb10d46d38: URL https://geodata.nationaalgeoregister.nl/ienw/geluidskaartschipholetmaal/v2/wfs?request=GetCapabilities failed - URL responded with status code: 404
UUID c3c004ad-5387-4b00-a225-9afbcaa5d31b: URL https://geodata.nationaalgeoregister.nl/ienw/geluidskaartspoorwegenetmaal/v1/wfs?&request=GetCapabilities&service=WFS failed - URL responded with status code: 404
UUID c3c004ad-5387-4b00-a225-9afbcaa5d31b: URL https://geodata.nationaalgeoregister.nl/ienw/geluidskaartspoorwegenetmaal/v1/wfs?request=GetCapabilities&service=WFS failed - URL responded with status code: 404
UUID 58d39928-f502-48c9-a8c1-03244dc181bf: URL https://geodata.nationaalgeoregister.nl/ienw/geluidskaartschipholnacht/v2/wfs?request=GetCapabilities&service=WFS failed - URL responded with status code: 404
UUID cfc800cb-e903-4364-9415-ddd3e0ecf49f: URL https://haleconnect.com/ows/services/org.292.6cef2128-a227-4aa7-bc74-0e3797644d51_wfs?service=WFS&version=2.0.0&request=GetCapabilities failed - URL responded with status code: 404
UUID cfc800cb-e903-4364-9415-ddd3e0ecf49f: URL https://haleconnect.com/ows/services/org.292.6cef2128-a227-4aa7-bc74-0e3797644d51_wfs?service=WFS&version=2.0.0&request=GetCapabilities failed - URL responded with status code: 404
UUID cfc800cb-e903-4364-9415-ddd3e0ecf49f: URL https://haleconnect.com/ows/services/org.292.6cef2128-a227-4aa7-bc74-0e3797644d51_wfs?service=WFS&version=2.0.0&request=GetCapabilities failed - URL responded with status code: 404
UUID cfc800cb-e903-4364-9415-ddd3e0ecf49f: URL https://haleconnect.com/ows/services/org.292.6cef2128-a227-4aa7-bc74-0e3797644d51_wfs?service=WFS&version=2.0.0&request=GetCapabilities failed - URL responded with status code: 404
UUID cfc800cb-e903-4364-9415-ddd3e0ecf49f: URL https://haleconnect.com/ows/services/org.292.6cef2128-a227-4aa7-bc74-0e3797644d51_wfs?service=WFS&version=2.0.0&request=GetCapabilities failed - URL responded with status code: 404
UUID cfc800cb-e903-4364-9415-ddd3e0ecf49f: URL https://haleconnect.com/ows/services/org.292.6cef2128-a227-4aa7-bc74-0e3797644d51_wfs?service=WFS&version=2.0.0&request=GetCapabilities failed - URL responded with status code: 404
UUID cfc800cb-e903-4364-9415-ddd3e0ecf49f: URL https://haleconnect.com/ows/services/org.292.6cef2128-a227-4aa7-bc74-0e3797644d51_wfs?service=WFS&version=2.0.0&request=GetCapabilities failed - URL responded with status code: 404
UUID cfc800cb-e903-4364-9415-ddd3e0ecf49f: URL https://haleconnect.com/ows/services/org.292.6cef2128-a227-4aa7-bc74-0e3797644d51_wfs?service=WFS&version=2.0.0&request=GetCapabilities failed - URL responded with status code: 404
UUID cfc800cb-e903-4364-9415-ddd3e0ecf49f: URL https://haleconnect.com/ows/services/org.292.6cef2128-a227-4aa7-bc74-0e3797644d51_wfs?service=WFS&version=2.0.0&request=GetCapabilities failed - URL responded with status code: 404
UUID cfc800cb-e903-4364-9415-ddd3e0ecf49f: URL https://haleconnect.com/ows/services/org.292.6cef2128-a227-4aa7-bc74-0e3797644d51_wfs?service=WFS&version=2.0.0&request=GetCapabilities failed - URL responded with status code: 404
UUID cfc800cb-e903-4364-9415-ddd3e0ecf49f: URL https://haleconnect.com/ows/services/org.292.6cef2128-a227-4aa7-bc74-0e3797644d51_wfs?service=WFS&version=2.0.0&request=GetCapabilities failed - URL responded with status code: 404
UUID 7fed469a-77e1-4545-a4cb-eedf389d851f: URL https://inspire.caris.nl/geoserver/tz/ows?service=WFS&version=2.0.0&request=GetCapabilities failed - URL responded with status code: 403
UUID 7fed469a-77e1-4545-a4cb-eedf389d851f: URL https://inspire.caris.nl/atom/maritieme-grenzen-zones-noordzee-Territoriale-Zee-Noordzee-feed.atom failed - URL responded with status code: 403
UUID c935f2ab-9b65-4dc4-94a0-73aeb840a941: URL https://geodata.nationaalgeoregister.nl/overheidsdiensten/atom/overheidsdiensten.xml failed - URL responded with status code: 404
UUID c2225e5d-b46f-4e38-8445-ab10fd40c0dc: URL https://inspire.caris.nl/gs5/ProspectingAndMiningPermitArea/wfs?service=WFS&version=2.0.0&request=GetCapabilities failed - URL responded with status code: 403
UUID 3296af93-cc8c-4a24-9356-1f68a57db712: URL https://inspire.caris.nl/geoserver/eez/ows?service=WFS&version=2.0.0&request=GetCapabilities failed - URL responded with status code: 403
UUID 3296af93-cc8c-4a24-9356-1f68a57db712: URL https://inspire.caris.nl/atom/maritieme-grenzen-zones-noordzee-EEZ-volgens-UNCLOS-feed.atom failed - URL responded with status code: 403
UUID F646DFB9-5BF6-EAB9-042B-CAB6FF2DC275: URL https://www.broinspireservices.nl/atom/dgm.atom failed - URL responded with status code: 404
UUID E7D9F0D6-2B8D-6699-F26E-4A781228F2DD: URL https://www.broinspireservices.nl/atom/rgs.atom failed - URL responded with status code: 404
UUID 7D35598D-DFBF-C64D-0F1A-92A80A45EB14: URL https://www.broinspireservices.nl/atom/gtp.atom failed - URL responded with status code: 404
UUID f44dac86-2228-412f-8355-e56446ca9933: URL https://inspire.caris.nl/gs5/MarineRegion/wfs?service=WFS&version=2.0.0&request=GetCapabilities failed - URL responded with status code: 403
UUID f1d27179-36eb-4376-8048-f51d2eb23a09: URL https://inspire.caris.nl/gs5/pssa_nl/ows?service=WFS&version=2.0.0&request=GetCapabilities failed - URL responded with status code: 403
UUID dc528841-cb0f-4962-83bc-5c84ca6c4926: URL https://inspire.caris.nl/geoserver/boundary/wfs?service=WFS&version=2.0.0&request=GetCapabilities failed - URL responded with status code: 403
UUID dc528841-cb0f-4962-83bc-5c84ca6c4926: URL https://inspire.caris.nl/atom/maritieme-grenzen-zones-noordzee-Maritieme-grenzen-Noordzee-feed.atom failed - URL responded with status code: 403
UUID 9986a7ef-e5e2-4a7a-9018-2e1f9631ba8c: URL https://geodata.nationaalgeoregister.nl/provincies/am/wfs/v1?SERVICE=WFS&REQUEST=GetCapabilities&version=2.0.0 failed - URL responded with status code: 504
UUID 9986a7ef-e5e2-4a7a-9018-2e1f9631ba8c: URL https://geodata.nationaalgeoregister.nl/provincies/am/wfs/v1?request=GetFeature&service=WFS&version=2.0.0&typeName=AM.ManagementRestrictionOrRegulationZone.nlam-lzr&outputFormat=text%2Fxml%3B%20subtype%3Dgml%2F3.1.1 failed - URL responded with status code: 404
UUID 9986a7ef-e5e2-4a7a-9018-2e1f9631ba8c: URL https://geodata.nationaalgeoregister.nl/provincies/am/wfs/v1?request=GetFeature&service=WFS&version=2.0.0&typeName=AM.ManagementRestrictionOrRegulationZone.nlam-lzr&outputFormat=text%2Fxml%3B%20subtype%3Dgml%2F3.1.1 failed - URL responded with status code: 404
UUID 9986a7ef-e5e2-4a7a-9018-2e1f9631ba8c: URL https://geodata.nationaalgeoregister.nl/provincies/am/atom/v1/am-nlam-lzr.xml failed - URL responded with status code: 404
UUID 9986a7ef-e5e2-4a7a-9018-2e1f9631ba8c: URL http://geodata.nationaalgeoregister.nl/provincies/am/atom/v1/downloads/am-nlam-lzr/inspire-pv-am.nlam-lzr.zip failed - URL responded with status code: 404
UUID 89fe9da7-5f6a-4fd5-ad46-2549d99d6bc2: URL https://inspire.caris.nl/gs4/LAT2018OF/ows?service=WFS&version=2.0.0&request=GetCapabilities failed - URL responded with status code: 403
UUID 89fe9da7-5f6a-4fd5-ad46-2549d99d6bc2: URL https://inspire.caris.nl/gs4/LAT2018OF/ows?service=WFS&version=2.0.0&request=GetCapabilities failed - URL responded with status code: 403
UUID 89fe9da7-5f6a-4fd5-ad46-2549d99d6bc2: URL https://inspire.caris.nl/gs4/LAT2018OF/ows?service=WFS&version=2.0.0&request=GetCapabilities failed - URL responded with status code: 403
UUID 424c1d5c-063b-4372-99f5-c85786b4a9d0: URL https://inspire.caris.nl/geoserver/cz/ows?service=WFS&version=2.0.0&request=GetCapabilities failed - URL responded with status code: 403
UUID 424c1d5c-063b-4372-99f5-c85786b4a9d0: URL https://inspire.caris.nl/atom/maritieme-grenzen-zones-noordzee-aansluitende-zone-feed.atom failed - URL responded with status code: 403
UUID 4617f0e0-6af4-4ac0-9044-31df9d03071c: URL https://inspire.caris.nl/gs5/am/wfs?service=WFS&version=2.0.0&request=GetCapabilities failed - URL responded with status code: 403
UUID 1c3450ea-e161-4f50-ad0e-97a36cdd1308: URL https://inspire.caris.nl/geoserver/gn/ows?service=WFS&version=2.0.0&request=GetCapabilities failed - URL responded with status code: 403
UUID 1c3450ea-e161-4f50-ad0e-97a36cdd1308: URL https://inspire.caris.nl/atom/namen-noordzee-feed.atom failed - URL responded with status code: 403
UUID 1249746f-c2a6-4639-98f2-251676b3528e: URL https://inspire.caris.nl/atom/maritieme-grenzen-zones-noordzee-baseline-feed.atom failed - URL responded with status code: 403
UUID 1249746f-c2a6-4639-98f2-251676b3528e: URL https://inspire.caris.nl/geoserver/baseline/ows?service=WFS&version=2.0.0&request=GetCapabilities failed - URL responded with status code: 403
UUID d0ee9220-8010-4a6c-8f2c-3e78ad1c7dbf: URL https://coverage.wetransform.eu/rws/hoogte_nl_1m/2023-08/ows?SERVICE=WCS&VERSION=2.1.0&REQUEST=GetCapabilities failed - URL responded with status code: 502
UUID 9d973c4a-ef03-4785-b7f6-942e86b385f8: URL https://inspire.caris.nl/geoserver3/rws/wcs?service=WCS&version=2.0.1&request=GetCapabilities failed - URL responded with status code: 403
