UUID 251b0d02-d251-4189-be4f-48963bb50f18: URL https://paikkatietopalvelu.pirnet.fi/arcgis/services/orivesi/kaava_ajantasa_WxS/MapServer/WFSServer?request=GetCapabilities&service=WFS failed - URL responded with status code: 400
UUID 25c093e9-8ae1-4a66-883b-f696a0343811: URL https://paikkatieto.sweco.fi/wfs/kauhava/kartta failed - HTTPSConnectionPool(host='paikkatieto.sweco.fi', port=443): Max retries exceeded with url: /wfs/kauhava/kartta (Caused by SSLError(SSLCertVerificationError(1, "[SSL: CERTIFICATE_VERIFY_FAILED] certificate verify failed: Hostname mismatch, certificate is not valid for 'paikkatieto.sweco.fi'. (_ssl.c:1006)")))
UUID 1956513c-90cb-4248-a3fe-e9d758c6999f: URL https://kartta.hyvinkaa.fi/wfs_1/ows.ashx failed - URL responded with status code: 401
UUID 20c4d1cc-8ee4-48ba-a7b7-396e0ea171f8: URL https://paikkatieto.sweco.fi/wfs/kauhava/kartta failed - HTTPSConnectionPool(host='paikkatieto.sweco.fi', port=443): Max retries exceeded with url: /wfs/kauhava/kartta (Caused by SSLError(SSLCertVerificationError(1, "[SSL: CERTIFICATE_VERIFY_FAILED] certificate verify failed: Hostname mismatch, certificate is not valid for 'paikkatieto.sweco.fi'. (_ssl.c:1006)")))
UUID dcc39a2a-ae7e-4e00-ac6b-bd2bf0a92299: URL https://kartta.hyvinkaa.fi/wfs_1/ows.ashx failed - URL responded with status code: 401
UUID a843b486-23bf-42f4-901b-9cdb78ebde63: URL https://totomap.jkl.fi/TeklaOGCWeb/WFS.ashx?Service=WFS&Request=GetCapabilities failed - HTTPSConnectionPool(host='totomap.jkl.fi', port=443): Read timed out. (read timeout=10)
UUID bed0e9ee-0856-4ba7-91b9-801875608188: URL https://geodata.tampere.fi/geoserver/ows?service=wfs&amp;version=1.1.0&amp;request=GetCapabilities failed - URL responded with status code: 400
UUID 7ee77c35-7fbb-4489-926b-a85596597f1a: URL https://totomap.jkl.fi/TeklaOGCWeb/WFS.ashx failed - HTTPSConnectionPool(host='totomap.jkl.fi', port=443): Read timed out. (read timeout=10)
UUID 63ac4ea4-be2c-4f79-8c44-6d2927aee17c: URL https://paikkatietopalvelu.pirnet.fi/arcgis/services/orivesi/kaava_suunnittelutarvealue/MapServer/WFSServer?request=GetCapabilities&service=WFS failed - URL responded with status code: 400
UUID 629db6cb-7542-4dba-98a4-aaa813d6bb93: URL https://kartta.lohja.fi/arcgis/services/Lohja_wfs/MapServer/WFSServer?request=GetCapabilities&service=WFS failed - URL responded with status code: 499
UUID 61ac1c58-a51c-4354-9c02-daa65f06b435: URL https://paikkatieto.sweco.fi/wfs/kauhava/kartta failed - HTTPSConnectionPool(host='paikkatieto.sweco.fi', port=443): Max retries exceeded with url: /wfs/kauhava/kartta (Caused by SSLError(SSLCertVerificationError(1, "[SSL: CERTIFICATE_VERIFY_FAILED] certificate verify failed: Hostname mismatch, certificate is not valid for 'paikkatieto.sweco.fi'. (_ssl.c:1006)")))
UUID f15a43c6-9b69-44d6-80ef-4520c1515f1a: URL https://dservices2.arcgis.com/RrgTAfcgVcTLi0XF/arcgis/services/Nimistokohteet/WFSServer?service=wfs&request=getcapabilities failed - URL responded with status code: 401
UUID 47722710-bcc0-42ea-be0c-e40f1b03a1d2: URL https://paikkatietopalvelu.pirnet.fi/arcgis/services/orivesi/kaava_rakennuskielto/MapServer/WFSServer?request=GetCapabilities&service=WFS failed - URL responded with status code: 400
UUID ea47881e-6444-4735-b789-701ef46467f5: URL https://paikkatieto.sweco.fi/wfs/kauhava/kartta failed - HTTPSConnectionPool(host='paikkatieto.sweco.fi', port=443): Max retries exceeded with url: /wfs/kauhava/kartta (Caused by SSLError(SSLCertVerificationError(1, "[SSL: CERTIFICATE_VERIFY_FAILED] certificate verify failed: Hostname mismatch, certificate is not valid for 'paikkatieto.sweco.fi'. (_ssl.c:1006)")))
UUID 28ec57f1-2886-4e53-861f-f3bad87d29e3: URL https://kartta.hyvinkaa.fi/wfs_1/ows.ashx failed - URL responded with status code: 401
UUID 3135a6ed-6e51-46a2-b959-5f550f3a0954: URL https://kartta.lohja.fi/arcgis/services/Lohja_wfs/MapServer/WFSServer?request=GetCapabilities&service=WFS failed - URL responded with status code: 499
UUID 2bed14b7-0859-44fb-897a-8f2fae5d77a2: URL https://paikkatietopalvelu.pirnet.fi/arcgis/services/orivesi/Orivesi_RAHU/MapServer/WFSServer?request=GetCapabilities&service=WFS failed - URL responded with status code: 400
UUID a001d427-cbf8-4830-81da-1bff5d095f1e: URL http://www.sotkanet.fi/rest/1.1/indicators.atom failed - URL responded with status code: 403
UUID d54dbd1d-4a8e-49af-99c2-76cb45398edf: URL https://extranet.liikennevirasto.fi/inspirepalvelu/TransportNetworks/wfs failed - URL responded with status code: 503
UUID 8bc5dfd6-752a-40bc-9620-d67e43ab07ae: URL https://avoin-karttakuva.maanmittauslaitos.fi/ortokuvat-ja-korkeusmallit/wcs/v2?service=WCS&request=GetCapabilities failed - URL responded with status code: 401
UUID cd87e82c-ff10-4ddb-a8e0-4d900531c2a8: URL https://opendata.fmi.fi/wfs?request=GetFeature&storedquery_id=GetDataSetById&datasetid=1000555 failed - URL responded with status code: 400
UUID 81ea4cc2-69d8-4a71-b7a6-1cdbf013edeb: URL https://geoserver.laji.fi/geoserver/INSPIRE/ows?service=wfs&version=2.0.0&request=GetCapabilities failed - URL responded with status code: 502
UUID 68cd1f8d-6438-41e1-b2ac-9dd251dfcdc5: URL https://opendata.fmi.fi/wfs?request=GetFeature&storedquery_id=GetDataSetById&datasetid=1000930 failed - HTTPSConnectionPool(host='opendata.fmi.fi', port=443): Read timed out. (read timeout=10)
UUID 2cfe9509-1cdc-45e3-aba6-2c63512c216c: URL https://kartta.hsy.fi/geoserver/wfs?request=GetCapabilities&service=WFS failed - HTTPSConnectionPool(host='kartta.hsy.fi', port=443): Max retries exceeded with url: /geoserver/wfs?request=GetCapabilities&service=WFS (Caused by SSLError(SSLCertVerificationError(1, '[SSL: CERTIFICATE_VERIFY_FAILED] certificate verify failed: unable to get local issuer certificate (_ssl.c:1006)')))
UUID 2edbc884-8bae-448d-8b86-0070a96d2e91: URL https://geodata.tampere.fi/geoserver/ows?service=wfs&amp;version=1.1.0&amp;request=GetCapabilities failed - URL responded with status code: 400
UUID {2AE7F991-3450-43D7-975D-B1E9639696AC}: URL http://wwwd3.ymparisto.fi/d3/INSPIREAtom/AM_MSDAlueet.xml failed - URL responded with status code: 404
UUID {2AE7F991-3450-43D7-975D-B1E9639696AC}: URL https://paikkatiedot.ymparisto.fi/geoserver/inspire_am3/wfs failed - URL responded with status code: 400
UUID {2AE7F991-3450-43D7-975D-B1E9639696AC}: URL https://paikkatiedot.ymparisto.fi/geoserver/syke_merenhoidonaluejako/wfs failed - URL responded with status code: 400
UUID 4f3acd98-afd7-45db-97c5-1dfd4d77b349: URL https://kartta.hsy.fi/geoserver/wfs failed - HTTPSConnectionPool(host='kartta.hsy.fi', port=443): Max retries exceeded with url: /geoserver/wfs (Caused by SSLError(SSLCertVerificationError(1, '[SSL: CERTIFICATE_VERIFY_FAILED] certificate verify failed: unable to get local issuer certificate (_ssl.c:1006)')))
UUID {CFD96B5D-C2E7-4B6A-A861-E91B48B7283F}: URL https://paikkatiedot.ymparisto.fi/geoserver/inspire_hy/wfs failed - URL responded with status code: 400
