UUID fac7a26b-52fa-461b-a12a-3c937a211280: URL https://arealinformation.miljoeportal.dk/gis/services/Natur/MapServer/WFSServer?request=GetCapabilities&service=WFS failed - URL responded with status code: 500
UUID a3f558be-b6de-498d-a5b0-b246fb70dc68: URL http://inspire.infodemo.niras.dk/testatomsub.xml failed - URL responded with status code: 503
UUID faab9d3d-ca22-402b-987b-85f25bd2a1ac: URL https://arealinformation.miljoeportal.dk/gis/services/Natur/MapServer/WFSServer?request=GetCapabilities&service=WFS failed - URL responded with status code: 500
UUID 81b285e6-655e-4339-a8f2-d4da0924e916: URL https://arealinformation.miljoeportal.dk/gis/services/puls/MapServer/WFSServer?request=GetCapabilities&service=WFS failed - URL responded with status code: 500
UUID 8002c09f-7ffa-4462-b062-366bec4ba9a8: URL https://arealinformation.miljoeportal.dk/gis/services/Landbrugsdrift/MapServer/WFSServer?request=GetCapabilities&service=WFS failed - URL responded with status code: 500
UUID 3862f6c0-797b-46db-94eb-8baf2d0be5e1: URL https://services.datafordeler.dk/MATRIKEL/Matrikel_HIST_GML3_1_0/1.0.0/WFS?username=xxx&password=yyy&service=WFS&request=GetCapabilities failed - URL responded with status code: 403
UUID 3862f6c0-797b-46db-94eb-8baf2d0be5e1: URL http://kortforsyningen.kms.dk/service?servicename=mat_gml2&request=GetCapabilities&version=1.0.0&service=WFS failed - URL responded with status code: 404
UUID 44b34117-cf77-40ed-a099-6ec1a5e6bb75: URL https://havplan.dk/geoserver/plu/wfs? failed - URL responded with status code: 400
UUID 8040e7e6-9ace-4983-85ab-d6081dc81329: URL https://data.geus.dk/arcgis/services/INSPIRE/MarineGeophysics/MapServer/WFSServer?SERVICE=WFS&VERSION=2.0.0&REQUEST=GetCapabilities failed - URL responded with status code: 499
UUID c2d39741-a5d5-4498-8154-cd0f9e3765a3: URL http://geodata.fvm.dk/geoserver/GB_MFO_og_groenne_krav/wfs? failed - HTTPConnectionPool(host='ps-isp-usr.cec.eu.int', port=8012): Read timed out. (read timeout=10)
UUID bef1c8f2-074a-4bd3-9f1d-6a8dda56cccf: URL http://geodata.fvm.dk/geoserver/GB_MFO_og_groenne_krav/wfs? failed - HTTPConnectionPool(host='ps-isp-usr.cec.eu.int', port=8012): Read timed out. (read timeout=10)
UUID ce25dd74-a3ed-4007-96ed-4023cbdbfa2b: URL http://geodata.fvm.dk/geoserver/GB_MFO_og_groenne_krav/wfs? failed - HTTPConnectionPool(host='ps-isp-usr.cec.eu.int', port=8012): Read timed out. (read timeout=10)
UUID b05268ea-8cab-42ab-8c4e-b212cffad46d: URL https://arealinformation.miljoeportal.dk/gis/services/Natur/MapServer/WFSServer?request=GetCapabilities&service=WFS failed - URL responded with status code: 500
UUID ee940c26-d09f-4092-9aca-87ed962fc36b: URL http://geodata.fvm.dk/geoserver/Marker/wfs? failed - HTTPConnectionPool(host='ps-isp-usr.cec.eu.int', port=8012): Read timed out. (read timeout=10)
UUID 8d1ac54f-7f25-4f63-aad1-4da0b0cc84d8: URL https://arealinformation.miljoeportal.dk/gis/services/puls/MapServer/WFSServer?request=GetCapabilities&service=WFS failed - URL responded with status code: 500
UUID 9509f511-3263-4b4a-9e58-2f8171a84371: URL https://arealinformation.miljoeportal.dk/gis/services/Natur/MapServer/WFSServer?request=GetCapabilities&service=WFS failed - URL responded with status code: 500
UUID 89f35f07-b4e6-4b43-b0a9-51cf9698a11d: URL http://geodata.fvm.dk/geoserver/GB_MFO_og_groenne_krav/wfs? failed - HTTPConnectionPool(host='ps-isp-usr.cec.eu.int', port=8012): Read timed out. (read timeout=10)
UUID 9efe94cd-614e-46c5-abfc-dbda6ec75f20: URL https://gis.nst.dk/server/services/INSPIRE/FloodAreas_Kombinerede/MapServer/WFSServer?request=GetCapabilities&service=WFS failed - URL responded with status code: 404
UUID 47b327b5-6c4f-4873-8584-149f52717df6: URL https://arealinformation.miljoeportal.dk/gis/routing?http://geoserver.surfacewater.miljoeportal.dk/geoserver/ows?SERVICE=WFS&REQUEST=GetCapabilities failed - URL responded with status code: 500
UUID 40a6febe-22e7-44d7-b69c-985d7d58bcf2: URL http://geodata.fvm.dk/geoserver/Markblokke/wfs failed - HTTPConnectionPool(host='ps-isp-usr.cec.eu.int', port=8012): Read timed out. (read timeout=10)
