UUID ispra_rm:Meta_NNB_Habitat18DT: URL http://geoviewer.nnb.isprambiente.it/geoserver/nnb/art17_habitats_distribution/wfs?service=wfs&version=2.0.0&request=GetCapabilities failed - URL responded with status code: 404
UUID r_lombar:40744047-ef79-4221-b4cf-a11c6506d847: URL https://www.cartografia.servizirl.it/expo/services/gpt/direttiva_alluvioni_2020/MapServer/WFSServer? failed - URL responded with status code: 400
UUID ispra_rm:0020_WFD_RPA_DT: URL https://sdi.isprambiente.it/geoserver/hy2/wise_SurfaceWaterBodyline_IT_20160101/wfs?service=wfs&version=2.0.0&request=GetCapabilities failed - URL responded with status code: 404
UUID ispra_rm:Sinkholes_DT: URL https://sgi2.isprambiente.it/geoserver/ge-core5/wfs?service=wfs&version=2.0.0&request=GetCapabilities failed - ('Connection aborted.', ConnectionResetError(104, 'Connection reset by peer'))
UUID ispra_rm:NZ_SIAM_000001_DT: URL https://sgi2.isprambiente.it/geoserver/ge-core2/wfs?service=wfs&version=2.0.0&request=GetCapabilities failed - ('Connection aborted.', ConnectionResetError(104, 'Connection reset by peer'))
UUID ispra_rm:Meta_Geo_DT000036_RN: URL https://sgi2.isprambiente.it/geoserver/ge-core10/wfs?service=wfs&version=2.0.0&request=GetCapabilities failed - ('Connection aborted.', ConnectionResetError(104, 'Connection reset by peer'))
UUID ispra_rm:01porti2012_DT: URL http://sdi.isprambiente.it/geoserver/sr1/linea_di_costa_opere_di_difesa_4258/wfs?service=wfs&version=2.0.0&request=GetCapabilities failed - URL responded with status code: 404
UUID ispra_rm:Meta_Geo_DT000101_RN: URL https://sgi2.isprambiente.it/geoserver/ge-core7/wfs?service=wfs&version=2.0.0&request=GetCapabilities failed - ('Connection aborted.', ConnectionResetError(104, 'Connection reset by peer'))
UUID R_SARDEG:414e76de-9bc4-410b-a452-91680b03fb40: URL http://webgis2.regione.sardegna.it/geoserver/ows?service=wfs&version=1.1.0&request=GetCapabilities failed - HTTPConnectionPool(host='ps-isp-usr.cec.eu.int', port=8012): Read timed out. (read timeout=10)
UUID R_SARDEG:414e76de-9bc4-410b-a452-91680b03fb40: URL http://webgis2.regione.sardegna.it/geoserver/ppr2006/ows?service=WFS&version=1.0.0&request=GetFeature&typeName=ppr06:ZONE_UMIDE_COSTIERE&outputFormat=SHAPE-ZIP failed - HTTPConnectionPool(host='ps-isp-usr.cec.eu.int', port=8012): Read timed out. (read timeout=10)
UUID etpfvg:m10918-cc-i11808: URL https://irdat.regione.fvg.it/Distributore/download?idDset=11808&idFmt=383&type=wfs&path=ETP:ETPI_ZONA_B failed - URL responded with status code: 404
UUID etpfvg:m10918-cc-i11808: URL https://irdat.regione.fvg.it/Distributore/download?idDset=11808&idFmt=383&type=wfs&path=ETP:ETPI_ZONA_B failed - URL responded with status code: 404
UUID R_SARDEG:2342202e-597b-45d0-8171-e2ae4ac01e1f: URL http://webgis2.regione.sardegna.it/geoserver/ows?service=wfs&version=1.1.0&request=GetCapabilities failed - HTTPConnectionPool(host='ps-isp-usr.cec.eu.int', port=8012): Read timed out. (read timeout=10)
UUID R_SARDEG:2342202e-597b-45d0-8171-e2ae4ac01e1f: URL http://webgis2.regione.sardegna.it/geoserver/ppr2006/ows?service=WFS&version=1.0.0&request=GetFeature&typeName=ppr06:AREEBONIFICA_REV&outputFormat=SHAPE-ZIP failed - URL responded with status code: 503
UUID R_SARDEG:16969d68-75ac-4110-be29-9dd093b823ec: URL http://webgis2.regione.sardegna.it/geoserver/ows?service=wfs&version=1.1.0&request=GetCapabilities failed - URL responded with status code: 503
UUID R_SARDEG:16969d68-75ac-4110-be29-9dd093b823ec: URL http://webgis2.regione.sardegna.it/geoserver/ppr2006/ows?service=WFS&version=1.0.0&request=GetFeature&typeName=ppr06:GRANDIAREEINDUSTRIALI_REV&outputFormat=SHAPE-ZIP failed - URL responded with status code: 503
UUID R_SARDEG:13f660e4-ec4c-4bd7-bb63-2867ecbff205: URL http://webgis2.regione.sardegna.it/geoserver/ows?service=wfs&version=1.1.0&request=GetCapabilities failed - URL responded with status code: 503
UUID R_SARDEG:13f660e4-ec4c-4bd7-bb63-2867ecbff205: URL http://webgis2.regione.sardegna.it/geoserver/ppr2006/ows?service=WFS&version=1.0.0&request=GetFeature&typeName=ppr06:CENTRI_ANTICA_PRIMA_FORMAZ_REV&outputFormat=SHAPE-ZIP failed - URL responded with status code: 503
UUID etpfvg:m10702-cc-i10926: URL https://irdat.regione.fvg.it/Distributore/download?idDset=10926&idFmt=383&type=wfs&path=ETP:ETP_CAMPI_GARA failed - URL responded with status code: 404
UUID etpfvg:m10702-cc-i10926: URL https://irdat.regione.fvg.it/Distributore/download?idDset=10926&idFmt=383&type=wfs&path=ETP:ETP_CAMPI_GARA failed - URL responded with status code: 404
UUID etpfvg:m10699-cc-i10920: URL https://irdat.regione.fvg.it/Distributore/download?idDset=10920&idFmt=383&type=wfs&path=ETP:ETPI_ZONA_A failed - URL responded with status code: 404
UUID etpfvg:m10699-cc-i10920: URL https://irdat.regione.fvg.it/Distributore/download?idDset=10920&idFmt=383&type=wfs&path=ETP:ETPI_ZONA_A failed - URL responded with status code: 404
UUID r_veneto:linee_elettriche: URL http://idt2-geoserver.regione.veneto.it/geoserver/wfs?service=WFS&VERSION=1.0.0&REQUEST=GetFeature&typeName=rv:linee_elettriche&outputFormat=SHAPE-ZIP failed - HTTPConnectionPool(host='ps-isp-usr.cec.eu.int', port=8012): Read timed out. (read timeout=10)
UUID r_veneto:edifici_veneto: URL http://idt2-geoserver.regione.veneto.it/geoserver/wfs?service=WFS&VERSION=1.0.0&REQUEST=GetFeature&typeName=rv:edifici_veneto_feb2022&outputFormat=SHAPE-ZIP failed - HTTPConnectionPool(host='ps-isp-usr.cec.eu.int', port=8012): Read timed out. (read timeout=10)
UUID r_veneto:edi_ve: URL http://idt2-geoserver.regione.veneto.it/geoserver/wfs?service=WFS&VERSION=1.0.0&REQUEST=GetFeature&typeName=rv:edi_ve&outputFormat=SHAPE-ZIP failed - URL responded with status code: 401
UUID r_veneto:edi_tv: URL http://idt2-geoserver.regione.veneto.it/geoserver/wfs?service=WFS&VERSION=1.0.0&REQUEST=GetFeature&typeName=rv:edi_tv&outputFormat=SHAPE-ZIP failed - URL responded with status code: 401
UUID r_veneto:edi_ro: URL http://idt2-geoserver.regione.veneto.it/geoserver/wfs?service=WFS&VERSION=1.0.0&REQUEST=GetFeature&typeName=rv:edi_ro&outputFormat=SHAPE-ZIP failed - URL responded with status code: 401
UUID r_veneto:c1103081_VincoloFitoA: URL http://idt2-geoserver.regione.veneto.it/geoserver/wfs?service=WFS&VERSION=1.0.0&REQUEST=GetFeature&typeName=rv:c1103081_vincolofitoa&outputFormat=SHAPE-ZIP failed - URL responded with status code: 401
UUID r_veneto:c11030540031_LEMAlluvioni: URL http://idt2-geoserver.regione.veneto.it/geoserver/wfs?service=WFS&VERSION=1.0.0&REQUEST=GetFeature&typeName=rv:c11030540031_lemalluvioni&outputFormat=SHAPE-ZIP failed - URL responded with status code: 401
UUID r_veneto:c1103015400_TessutoUrbanizzato.shp: URL http://idt2-geoserver.regione.veneto.it/geoserver/wfs?service=WFS&VERSION=1.0.0&REQUEST=GetFeature&typeName=rv:c1103015400_tessutourbanizzato&outputFormat=SHAPE-ZIP failed - HTTPConnectionPool(host='ps-isp-usr.cec.eu.int', port=8012): Read timed out. (read timeout=10)
UUID r_veneto:rdv_specie_2014: URL http://idt2-geoserver.regione.veneto.it/geoserver/wfs?service=WFS&VERSION=1.0.0&REQUEST=GetFeature&typeName=rv:rdv_specie_2014&outputFormat=SHAPE-ZIP failed - HTTPConnectionPool(host='ps-isp-usr.cec.eu.int', port=8012): Read timed out. (read timeout=10)
UUID r_veneto:pali_tralicci: URL http://idt2-geoserver.regione.veneto.it/geoserver/wfs?service=WFS&VERSION=1.0.0&REQUEST=GetFeature&typeName=rv:pali_tralicci&outputFormat=SHAPE-ZIP failed - HTTPConnectionPool(host='ps-isp-usr.cec.eu.int', port=8012): Read timed out. (read timeout=10)
UUID r_veneto:c1103015140_ParcoAgrSapori.shp: URL http://idt2-geoserver.regione.veneto.it/geoserver/wfs?service=WFS&VERSION=1.0.0&REQUEST=GetFeature&typeName=rv:c1103015140_parcoagrsapori&outputFormat=SHAPE-ZIP failed - HTTPConnectionPool(host='ps-isp-usr.cec.eu.int', port=8012): Max retries exceeded with url: http://idt2-geoserver.regione.veneto.it/geoserver/wfs?service=WFS&VERSION=1.0.0&REQUEST=GetFeature&typeName=rv:c1103015140_parcoagrsapori&outputFormat=SHAPE-ZIP (Caused by ProxyError('Unable to connect to proxy', ConnectTimeoutError(<urllib3.connection.HTTPConnection object at 0x7f55c43ae2d0>, 'Connection to ps-isp-usr.cec.eu.int timed out. (connect timeout=10)')))
UUID r_veneto:c11030141171_10Laghi: URL http://idt2-geoserver.regione.veneto.it/geoserver/wfs?service=WFS&VERSION=1.0.0&REQUEST=GetFeature&typeName=rv:c11030141171_10laghi&outputFormat=SHAPE-ZIP failed - URL responded with status code: 401
UUID r_veneto:c1103015007_AreeAgricoltura.shp: URL http://idt2-geoserver.regione.veneto.it/geoserver/wfs?service=WFS&VERSION=1.0.0&REQUEST=GetFeature&typeName=rv:c1103015007_areeagricoltura&outputFormat=SHAPE-ZIP failed - HTTPConnectionPool(host='ps-isp-usr.cec.eu.int', port=8012): Read timed out. (read timeout=10)
UUID r_veneto:c11030140921_9AIstPRisNATP: URL http://idt2-geoserver.regione.veneto.it/geoserver/wfs?service=WFS&VERSION=1.0.0&REQUEST=GetFeature&typeName=rv:c11030140921_9aistprisnatp&outputFormat=SHAPE-ZIP failed - URL responded with status code: 401
UUID r_veneto:c11030141271_10ZoneUmide: URL http://idt2-geoserver.regione.veneto.it/geoserver/wfs?service=WFS&VERSION=1.0.0&REQUEST=GetFeature&typeName=rv:c11030141271_10zoneumide&outputFormat=SHAPE-ZIP failed - URL responded with status code: 401
UUID r_veneto:c11030140911_8StrPerValAr: URL http://idt2-geoserver.regione.veneto.it/geoserver/wfs?service=WFS&VERSION=1.0.0&REQUEST=GetFeature&typeName=rv:c11030140911_8strpervalar&outputFormat=SHAPE-ZIP failed - URL responded with status code: 401
UUID r_veneto:c11030140901_8PrincStraVSA: URL http://idt2-geoserver.regione.veneto.it/geoserver/wfs?service=WFS&VERSION=1.0.0&REQUEST=GetFeature&typeName=rv:c11030140901_8princstravsa&outputFormat=SHAPE-ZIP failed - URL responded with status code: 401
UUID r_veneto:c11030140891_8PrincAsteFlu: URL http://idt2-geoserver.regione.veneto.it/geoserver/wfs?service=WFS&VERSION=1.0.0&REQUEST=GetFeature&typeName=rv:c11030140891_8princasteflu&outputFormat=SHAPE-ZIP failed - URL responded with status code: 401
UUID r_veneto:c11030140881_8PArea1Ptrc: URL http://idt2-geoserver.regione.veneto.it/geoserver/wfs?service=WFS&VERSION=1.0.0&REQUEST=GetFeature&typeName=rv:c11030140881_8parea1ptrc&outputFormat=SHAPE-ZIP failed - URL responded with status code: 401
UUID r_veneto:c11030140872_8FasceISistSA: URL http://idt2-geoserver.regione.veneto.it/geoserver/wfs?service=WFS&VERSION=1.0.0&REQUEST=GetFeature&typeName=rv:c11030140872_8fasceisistsa&outputFormat=SHAPE-ZIP failed - URL responded with status code: 401
UUID r_veneto:c11030140862_8AmbPiaRegVPA: URL http://idt2-geoserver.regione.veneto.it/geoserver/wfs?service=WFS&VERSION=1.0.0&REQUEST=GetFeature&typeName=rv:c11030140862_8ambpiaregvpa&outputFormat=SHAPE-ZIP failed - URL responded with status code: 401
UUID r_veneto:c11030140851_8AmbPArea3Iiv: URL http://idt2-geoserver.regione.veneto.it/geoserver/wfs?service=WFS&VERSION=1.0.0&REQUEST=GetFeature&typeName=rv:c11030140851_8ambparea3iiv&outputFormat=SHAPE-ZIP failed - URL responded with status code: 401
UUID r_veneto:c11030140841_8AmbPArea2Iiv: URL http://idt2-geoserver.regione.veneto.it/geoserver/wfs?service=WFS&VERSION=1.0.0&REQUEST=GetFeature&typeName=rv:c11030140841_8ambparea2iiv&outputFormat=SHAPE-ZIP failed - URL responded with status code: 401
UUID r_veneto:c11030140832_7ViabSuppReg: URL http://idt2-geoserver.regione.veneto.it/geoserver/wfs?service=WFS&VERSION=1.0.0&REQUEST=GetFeature&typeName=rv:c11030140832_7viabsuppreg&outputFormat=SHAPE-ZIP failed - URL responded with status code: 401
UUID r_veneto:c11030140822_7StradeMercat: URL http://idt2-geoserver.regione.veneto.it/geoserver/wfs?service=WFS&VERSION=1.0.0&REQUEST=GetFeature&typeName=rv:c11030140822_7strademercat&outputFormat=SHAPE-ZIP failed - URL responded with status code: 401
UUID r_veneto:c11030140811_7SistTurMont: URL http://idt2-geoserver.regione.veneto.it/geoserver/wfs?service=WFS&VERSION=1.0.0&REQUEST=GetFeature&typeName=rv:c11030140811_7sistturmont&outputFormat=SHAPE-ZIP failed - URL responded with status code: 401
UUID r_veneto:c11030140801_7SistTurLitor: URL http://idt2-geoserver.regione.veneto.it/geoserver/wfs?service=WFS&VERSION=1.0.0&REQUEST=GetFeature&typeName=rv:c11030140801_7sistturlitor&outputFormat=SHAPE-ZIP failed - URL responded with status code: 401
UUID r_veneto:c11030140792_7SFMR: URL http://idt2-geoserver.regione.veneto.it/geoserver/wfs?service=WFS&VERSION=1.0.0&REQUEST=GetFeature&typeName=rv:c11030140792_7sfmr&outputFormat=SHAPE-ZIP failed - URL responded with status code: 401
UUID r_veneto:c11030140781_7PrAreaAgrMet: URL http://idt2-geoserver.regione.veneto.it/geoserver/wfs?service=WFS&VERSION=1.0.0&REQUEST=GetFeature&typeName=rv:c11030140781_7prareaagrmet&outputFormat=SHAPE-ZIP failed - URL responded with status code: 401
UUID r_veneto:c11030140772_7PrCorridoiIn: URL http://idt2-geoserver.regione.veneto.it/geoserver/wfs?service=WFS&VERSION=1.0.0&REQUEST=GetFeature&typeName=rv:c11030140772_7prcorridoiin&outputFormat=SHAPE-ZIP failed - URL responded with status code: 401
UUID r_veneto:c11030140763_7PrCenTuTerm: URL http://idt2-geoserver.regione.veneto.it/geoserver/wfs?service=WFS&VERSION=1.0.0&REQUEST=GetFeature&typeName=rv:c11030140763_7prcentuterm&outputFormat=SHAPE-ZIP failed - URL responded with status code: 401
UUID r_veneto:c11030140753_7PrCenTuMont: URL http://idt2-geoserver.regione.veneto.it/geoserver/wfs?service=WFS&VERSION=1.0.0&REQUEST=GetFeature&typeName=rv:c11030140753_7prcentumont&outputFormat=SHAPE-ZIP failed - URL responded with status code: 401
UUID r_veneto:c11030140743_7PrCenTuMarin: URL http://idt2-geoserver.regione.veneto.it/geoserver/wfs?service=WFS&VERSION=1.0.0&REQUEST=GetFeature&typeName=rv:c11030140743_7prcentumarin&outputFormat=SHAPE-ZIP failed - URL responded with status code: 401
UUID r_veneto:c11030140721_7PoliUrLoc3Rg: URL http://idt2-geoserver.regione.veneto.it/geoserver/wfs?service=WFS&VERSION=1.0.0&REQUEST=GetFeature&typeName=rv:c11030140721_7poliurloc3rg&outputFormat=SHAPE-ZIP failed - URL responded with status code: 401
UUID r_veneto:c11030140711_7PoliUrLoc5Rg: URL http://idt2-geoserver.regione.veneto.it/geoserver/wfs?service=WFS&VERSION=1.0.0&REQUEST=GetFeature&typeName=rv:c11030140711_7poliurloc5rg&outputFormat=SHAPE-ZIP failed - URL responded with status code: 401
UUID r_veneto:c11030140701_7PoliUrLoc4Rg: URL http://idt2-geoserver.regione.veneto.it/geoserver/wfs?service=WFS&VERSION=1.0.0&REQUEST=GetFeature&typeName=rv:c11030140701_7poliurloc4rg&outputFormat=SHAPE-ZIP failed - URL responded with status code: 401
UUID r_veneto:c11030140691_7PoliUrInt2Rg: URL http://idt2-geoserver.regione.veneto.it/geoserver/wfs?service=WFS&VERSION=1.0.0&REQUEST=GetFeature&typeName=rv:c11030140691_7poliurint2rg&outputFormat=SHAPE-ZIP failed - URL responded with status code: 401
UUID r_veneto:c11030140681_7PoliRegio1Rg: URL http://idt2-geoserver.regione.veneto.it/geoserver/wfs?service=WFS&VERSION=1.0.0&REQUEST=GetFeature&typeName=rv:c11030140681_7poliregio1rg&outputFormat=SHAPE-ZIP failed - URL responded with status code: 401
UUID r_veneto:c11030140662_7PrinConnRet: URL http://idt2-geoserver.regione.veneto.it/geoserver/wfs?service=WFS&VERSION=1.0.0&REQUEST=GetFeature&typeName=rv:c11030140662_7princonnret&outputFormat=SHAPE-ZIP failed - URL responded with status code: 401
UUID r_veneto:c11030140652_7LineaRisorg: URL http://idt2-geoserver.regione.veneto.it/geoserver/wfs?service=WFS&VERSION=1.0.0&REQUEST=GetFeature&typeName=rv:c11030140652_7linearisorg&outputFormat=SHAPE-ZIP failed - URL responded with status code: 401
UUID r_veneto:c11030140641_7CentriSuburb: URL http://idt2-geoserver.regione.veneto.it/geoserver/wfs?service=WFS&VERSION=1.0.0&REQUEST=GetFeature&typeName=rv:c11030140641_7centrisuburb&outputFormat=SHAPE-ZIP failed - URL responded with status code: 401
UUID r_veneto:c11030140632_7AreaVeronMon: URL http://idt2-geoserver.regione.veneto.it/geoserver/wfs?service=WFS&VERSION=1.0.0&REQUEST=GetFeature&typeName=rv:c11030140632_7areaveronmon&outputFormat=SHAPE-ZIP failed - URL responded with status code: 401
UUID r_veneto:c11030140622_7AreaPedemDif: URL http://idt2-geoserver.regione.veneto.it/geoserver/wfs?service=WFS&VERSION=1.0.0&REQUEST=GetFeature&typeName=rv:c11030140622_7areapedemdif&outputFormat=SHAPE-ZIP failed - URL responded with status code: 401
UUID r_veneto:c11030140611_7AreaM81Irsev: URL http://idt2-geoserver.regione.veneto.it/geoserver/wfs?service=WFS&VERSION=1.0.0&REQUEST=GetFeature&typeName=rv:c11030140611_7aream81irsev&outputFormat=SHAPE-ZIP failed - URL responded with status code: 401
UUID r_veneto:c11030140601_7AreaDPMIrsev: URL http://idt2-geoserver.regione.veneto.it/geoserver/wfs?service=WFS&VERSION=1.0.0&REQUEST=GetFeature&typeName=rv:c11030140601_7areadpmirsev&outputFormat=SHAPE-ZIP failed - URL responded with status code: 401
UUID r_veneto:c11030140592_7AreaCentrPol: URL http://idt2-geoserver.regione.veneto.it/geoserver/wfs?service=WFS&VERSION=1.0.0&REQUEST=GetFeature&typeName=rv:c11030140592_7areacentrpol&outputFormat=SHAPE-ZIP failed - URL responded with status code: 401
UUID r_veneto:c11030140582_7AreaBellFelt: URL http://idt2-geoserver.regione.veneto.it/geoserver/wfs?service=WFS&VERSION=1.0.0&REQUEST=GetFeature&typeName=rv:c11030140582_7areabellfelt&outputFormat=SHAPE-ZIP failed - URL responded with status code: 401
UUID r_veneto:c11030140391_5AmbIstRArcIR: URL http://idt2-geoserver.regione.veneto.it/geoserver/wfs?service=WFS&VERSION=1.0.0&REQUEST=GetFeature&typeName=rv:c11030140391_5ambistrarcir&outputFormat=SHAPE-ZIP failed - URL responded with status code: 401
UUID r_veneto:c11030140381_5AmbIstPNArc: URL http://idt2-geoserver.regione.veneto.it/geoserver/wfs?service=WFS&VERSION=1.0.0&REQUEST=GetFeature&typeName=rv:c11030140381_5ambistpnarc&outputFormat=SHAPE-ZIP failed - URL responded with status code: 401
UUID r_veneto:c11030140572_7AltreDiretIn: URL http://idt2-geoserver.regione.veneto.it/geoserver/wfs?service=WFS&VERSION=1.0.0&REQUEST=GetFeature&typeName=rv:c11030140572_7altrediretin&outputFormat=SHAPE-ZIP failed - URL responded with status code: 401
UUID r_veneto:c11030140552_6SistMobLivIN: URL http://idt2-geoserver.regione.veneto.it/geoserver/wfs?service=WFS&VERSION=1.0.0&REQUEST=GetFeature&typeName=rv:c11030140552_6sistmoblivin&outputFormat=SHAPE-ZIP failed - URL responded with status code: 401
UUID r_veneto:c11030140371_5AmbIstPRisNR: URL http://idt2-geoserver.regione.veneto.it/geoserver/wfs?service=WFS&VERSION=1.0.0&REQUEST=GetFeature&typeName=rv:c11030140371_5ambistprisnr&outputFormat=SHAPE-ZIP failed - URL responded with status code: 401
UUID r_veneto:c11030140363_4ZoneArcV1089: URL http://idt2-geoserver.regione.veneto.it/geoserver/wfs?service=WFS&VERSION=1.0.0&REQUEST=GetFeature&typeName=rv:c11030140363_4zonearcv1089&outputFormat=SHAPE-ZIP failed - URL responded with status code: 401
UUID r_veneto:c11030140532_6SisMobLivIA: URL http://idt2-geoserver.regione.veneto.it/geoserver/wfs?service=WFS&VERSION=1.0.0&REQUEST=GetFeature&typeName=rv:c11030140532_6sismoblivia&outputFormat=SHAPE-ZIP failed - URL responded with status code: 401
UUID r_veneto:c11030140522_6Sfmr2FaseRea: URL http://idt2-geoserver.regione.veneto.it/geoserver/wfs?service=WFS&VERSION=1.0.0&REQUEST=GetFeature&typeName=rv:c11030140522_6sfmr2faserea&outputFormat=SHAPE-ZIP failed - URL responded with status code: 401
UUID r_veneto:c11030140512_6Sfmr1FaseRea: URL http://idt2-geoserver.regione.veneto.it/geoserver/wfs?service=WFS&VERSION=1.0.0&REQUEST=GetFeature&typeName=rv:c11030140512_6sfmr1faserea&outputFormat=SHAPE-ZIP failed - URL responded with status code: 401
UUID r_veneto:c11030140351_4ZoneArcVinc: URL http://idt2-geoserver.regione.veneto.it/geoserver/wfs?service=WFS&VERSION=1.0.0&REQUEST=GetFeature&typeName=rv:c11030140351_4zonearcvinc&outputFormat=SHAPE-ZIP failed - URL responded with status code: 401
UUID r_veneto:c11030140342_4ViabSt2L1832: URL http://idt2-geoserver.regione.veneto.it/geoserver/wfs?service=WFS&VERSION=1.0.0&REQUEST=GetFeature&typeName=rv:c11030140342_4viabst2l1832&outputFormat=SHAPE-ZIP failed - URL responded with status code: 401
UUID r_veneto:c11030140502_6ReteIdroviar: URL http://idt2-geoserver.regione.veneto.it/geoserver/wfs?service=WFS&VERSION=1.0.0&REQUEST=GetFeature&typeName=rv:c11030140502_6reteidroviar&outputFormat=SHAPE-ZIP failed - URL responded with status code: 401
UUID r_veneto:c11030140492_6PriSistMobLR: URL http://idt2-geoserver.regione.veneto.it/geoserver/wfs?service=WFS&VERSION=1.0.0&REQUEST=GetFeature&typeName=rv:c11030140492_6prisistmoblr&outputFormat=SHAPE-ZIP failed - URL responded with status code: 401
UUID r_veneto:c11030140053_1LitoraleArre: URL http://idt2-geoserver.regione.veneto.it/geoserver/wfs?service=WFS&VERSION=1.0.0&REQUEST=GetFeature&typeName=rv:c11030140053_1litoralearre&outputFormat=SHAPE-ZIP failed - URL responded with status code: 401
UUID r_veneto:c11030140483_6PortVenezia: URL http://idt2-geoserver.regione.veneto.it/geoserver/wfs?service=WFS&VERSION=1.0.0&REQUEST=GetFeature&typeName=rv:c11030140483_6portvenezia&outputFormat=SHAPE-ZIP failed - URL responded with status code: 401
UUID r_veneto:c11030140473_6PortChioggia: URL http://idt2-geoserver.regione.veneto.it/geoserver/wfs?service=WFS&VERSION=1.0.0&REQUEST=GetFeature&typeName=rv:c11030140473_6portchioggia&outputFormat=SHAPE-ZIP failed - URL responded with status code: 401
UUID r_veneto:c11030140321_4PriItinVStAm: URL http://idt2-geoserver.regione.veneto.it/geoserver/wfs?service=WFS&VERSION=1.0.0&REQUEST=GetFeature&typeName=rv:c11030140321_4priitinvstam&outputFormat=SHAPE-ZIP failed - URL responded with status code: 401
UUID r_veneto:c11030140041_1EsoMareggiat: URL http://idt2-geoserver.regione.veneto.it/geoserver/wfs?service=WFS&VERSION=1.0.0&REQUEST=GetFeature&typeName=rv:c11030140041_1esomareggiat&outputFormat=SHAPE-ZIP failed - URL responded with status code: 401
UUID r_veneto:c11030140313_4CentriStorR: URL http://idt2-geoserver.regione.veneto.it/geoserver/wfs?service=WFS&VERSION=1.0.0&REQUEST=GetFeature&typeName=rv:c11030140313_4centristorr&outputFormat=SHAPE-ZIP failed - URL responded with status code: 401
UUID r_veneto:c11030140463_6Interporto: URL http://idt2-geoserver.regione.veneto.it/geoserver/wfs?service=WFS&VERSION=1.0.0&REQUEST=GetFeature&typeName=rv:c11030140463_6interporto&outputFormat=SHAPE-ZIP failed - URL responded with status code: 401
UUID r_veneto:c11030140452_6Ferrovie: URL http://idt2-geoserver.regione.veneto.it/geoserver/wfs?service=WFS&VERSION=1.0.0&REQUEST=GetFeature&typeName=rv:c11030140452_6ferrovie&outputFormat=SHAPE-ZIP failed - URL responded with status code: 401
UUID r_veneto:c11030140031_1EsoAlluvioni: URL http://idt2-geoserver.regione.veneto.it/geoserver/wfs?service=WFS&VERSION=1.0.0&REQUEST=GetFeature&typeName=rv:c11030140031_1esoalluvioni&outputFormat=SHAPE-ZIP failed - URL responded with status code: 401
UUID r_veneto:c11030140441_6CorridPlurim: URL http://idt2-geoserver.regione.veneto.it/geoserver/wfs?service=WFS&VERSION=1.0.0&REQUEST=GetFeature&typeName=rv:c11030140441_6corridplurim&outputFormat=SHAPE-ZIP failed - URL responded with status code: 401
UUID r_veneto:c11030140433_6AereoportoIn: URL http://idt2-geoserver.regione.veneto.it/geoserver/wfs?service=WFS&VERSION=1.0.0&REQUEST=GetFeature&typeName=rv:c11030140433_6aereoportoin&outputFormat=SHAPE-ZIP failed - URL responded with status code: 401
UUID r_veneto:c11030140301_4AmIstParSAle: URL http://idt2-geoserver.regione.veneto.it/geoserver/wfs?service=WFS&VERSION=1.0.0&REQUEST=GetFeature&typeName=rv:c11030140301_4amistparsale&outputFormat=SHAPE-ZIP failed - URL responded with status code: 401
UUID r_veneto:c11030140291_4AmIstRisArRg: URL http://idt2-geoserver.regione.veneto.it/geoserver/wfs?service=WFS&VERSION=1.0.0&REQUEST=GetFeature&typeName=rv:c11030140291_4amistrisarrg&outputFormat=SHAPE-ZIP failed - URL responded with status code: 401
UUID r_veneto:c11030140021_1AreeScoloMec: URL http://idt2-geoserver.regione.veneto.it/geoserver/wfs?service=WFS&VERSION=1.0.0&REQUEST=GetFeature&typeName=rv:c11030140021_1areescolomec&outputFormat=SHAPE-ZIP failed - URL responded with status code: 401
UUID r_veneto:c11030140411_5AreeTutPaes: URL http://idt2-geoserver.regione.veneto.it/geoserver/wfs?service=WFS&VERSION=1.0.0&REQUEST=GetFeature&typeName=rv:c11030140411_5areetutpaes&outputFormat=SHAPE-ZIP failed - URL responded with status code: 401
UUID r_veneto:c11030140401_5AmbIsParStAl: URL http://idt2-geoserver.regione.veneto.it/geoserver/wfs?service=WFS&VERSION=1.0.0&REQUEST=GetFeature&typeName=rv:c11030140401_5ambisparstal&outputFormat=SHAPE-ZIP failed - URL responded with status code: 401
UUID r_veneto:c11030140281_4AmIsParcNArc: URL http://idt2-geoserver.regione.veneto.it/geoserver/wfs?service=WFS&VERSION=1.0.0&REQUEST=GetFeature&typeName=rv:c11030140281_4amisparcnarc&outputFormat=SHAPE-ZIP failed - URL responded with status code: 401
UUID r_veneto:c11030140011_1AreaTriLagVe: URL http://idt2-geoserver.regione.veneto.it/geoserver/wfs?service=WFS&VERSION=1.0.0&REQUEST=GetFeature&typeName=rv:c11030140011_1areatrilagve&outputFormat=SHAPE-ZIP failed - URL responded with status code: 401
UUID r_veneto:c11030140272_4AgroCenturL: URL http://idt2-geoserver.regione.veneto.it/geoserver/wfs?service=WFS&VERSION=1.0.0&REQUEST=GetFeature&typeName=rv:c11030140272_4agrocenturl&outputFormat=SHAPE-ZIP failed - URL responded with status code: 401
UUID r_veneto:c11030140261_4AgroCenturA: URL http://idt2-geoserver.regione.veneto.it/geoserver/wfs?service=WFS&VERSION=1.0.0&REQUEST=GetFeature&typeName=rv:c11030140261_4agrocentura&outputFormat=SHAPE-ZIP failed - URL responded with status code: 401
UUID r_veneto:c11030140252_3ConfineProv: URL http://idt2-geoserver.regione.veneto.it/geoserver/wfs?service=WFS&VERSION=1.0.0&REQUEST=GetFeature&typeName=rv:c11030140252_3confineprov&outputFormat=SHAPE-ZIP failed - URL responded with status code: 401
UUID r_veneto:c11030140241_3AmEterIntegr: URL http://idt2-geoserver.regione.veneto.it/geoserver/wfs?service=WFS&VERSION=1.0.0&REQUEST=GetFeature&typeName=rv:c11030140241_3ameterintegr&outputFormat=SHAPE-ZIP failed - URL responded with status code: 401
UUID r_veneto:c11030140231_3AmComIntegr: URL http://idt2-geoserver.regione.veneto.it/geoserver/wfs?service=WFS&VERSION=1.0.0&REQUEST=GetFeature&typeName=rv:c11030140231_3amcomintegr&outputFormat=SHAPE-ZIP failed - URL responded with status code: 401
UUID r_veneto:c11030140221_3AmBuoIntegr: URL http://idt2-geoserver.regione.veneto.it/geoserver/wfs?service=WFS&VERSION=1.0.0&REQUEST=GetFeature&typeName=rv:c11030140221_3ambuointegr&outputFormat=SHAPE-ZIP failed - URL responded with status code: 401
UUID r_veneto:c11030140211_3AmAltIntegr: URL http://idt2-geoserver.regione.veneto.it/geoserver/wfs?service=WFS&VERSION=1.0.0&REQUEST=GetFeature&typeName=rv:c11030140211_3amaltintegr&outputFormat=SHAPE-ZIP failed - URL responded with status code: 401
UUID r_veneto:c11030140201_3AmAltColMon: URL http://idt2-geoserver.regione.veneto.it/geoserver/wfs?service=WFS&VERSION=1.0.0&REQUEST=GetFeature&typeName=rv:c11030140201_3amaltcolmon&outputFormat=SHAPE-ZIP failed - URL responded with status code: 401
UUID r_veneto:c11030140191_2ZoneUmide: URL http://idt2-geoserver.regione.veneto.it/geoserver/wfs?service=WFS&VERSION=1.0.0&REQUEST=GetFeature&typeName=rv:c11030140191_2zoneumide&outputFormat=SHAPE-ZIP failed - URL responded with status code: 401
UUID r_veneto:c11030140183_2ZoneSelvagge: URL http://idt2-geoserver.regione.veneto.it/geoserver/wfs?service=WFS&VERSION=1.0.0&REQUEST=GetFeature&typeName=rv:c11030140183_2zoneselvagge&outputFormat=SHAPE-ZIP failed - URL responded with status code: 401
UUID r_veneto:c11030140171_2RiserveInteg: URL http://idt2-geoserver.regione.veneto.it/geoserver/wfs?service=WFS&VERSION=1.0.0&REQUEST=GetFeature&typeName=rv:c11030140171_2riserveinteg&outputFormat=SHAPE-ZIP failed - URL responded with status code: 401
UUID r_veneto:c11030140161_2AreeTutPaes: URL http://idt2-geoserver.regione.veneto.it/geoserver/wfs?service=WFS&VERSION=1.0.0&REQUEST=GetFeature&typeName=rv:c11030140161_2areetutpaes&outputFormat=SHAPE-ZIP failed - URL responded with status code: 401
UUID r_veneto:c11030140151_2AreeNatLivR: URL http://idt2-geoserver.regione.veneto.it/geoserver/wfs?service=WFS&VERSION=1.0.0&REQUEST=GetFeature&typeName=rv:c11030140151_2areenatlivr&outputFormat=SHAPE-ZIP failed - URL responded with status code: 401
UUID r_veneto:c11030140141_1ZoneRiscSism: URL http://idt2-geoserver.regione.veneto.it/geoserver/wfs?service=WFS&VERSION=1.0.0&REQUEST=GetFeature&typeName=rv:c11030140141_1zoneriscsism&outputFormat=SHAPE-ZIP failed - URL responded with status code: 401
UUID r_veneto:c11030140131_1VincoloIdrog: URL http://idt2-geoserver.regione.veneto.it/geoserver/wfs?service=WFS&VERSION=1.0.0&REQUEST=GetFeature&typeName=rv:c11030140131_1vincoloidrog&outputFormat=SHAPE-ZIP failed - URL responded with status code: 401
UUID r_veneto:c11030140123_1VarFondEros: URL http://idt2-geoserver.regione.veneto.it/geoserver/wfs?service=WFS&VERSION=1.0.0&REQUEST=GetFeature&typeName=rv:c11030140123_1varfonderos&outputFormat=SHAPE-ZIP failed - URL responded with status code: 401
UUID r_veneto:c11030140113_1VarFondAccum: URL http://idt2-geoserver.regione.veneto.it/geoserver/wfs?service=WFS&VERSION=1.0.0&REQUEST=GetFeature&typeName=rv:c11030140113_1varfondaccum&outputFormat=SHAPE-ZIP failed - URL responded with status code: 401
UUID r_veneto:c11030140102_1LinSettRisor: URL http://idt2-geoserver.regione.veneto.it/geoserver/wfs?service=WFS&VERSION=1.0.0&REQUEST=GetFeature&typeName=rv:c11030140102_1linsettrisor&outputFormat=SHAPE-ZIP failed - URL responded with status code: 401
UUID r_veneto:c11030140091_1FasciaRicAcq: URL http://idt2-geoserver.regione.veneto.it/geoserver/wfs?service=WFS&VERSION=1.0.0&REQUEST=GetFeature&typeName=rv:c11030140091_1fasciaricacq&outputFormat=SHAPE-ZIP failed - URL responded with status code: 401
UUID r_veneto:c11030140082_1FasciaCostie: URL http://idt2-geoserver.regione.veneto.it/geoserver/wfs?service=WFS&VERSION=1.0.0&REQUEST=GetFeature&typeName=rv:c11030140082_1fasciacostie&outputFormat=SHAPE-ZIP failed - URL responded with status code: 401
UUID r_veneto:c11030140071_1AreeLitSubs: URL http://idt2-geoserver.regione.veneto.it/geoserver/wfs?service=WFS&VERSION=1.0.0&REQUEST=GetFeature&typeName=rv:c11030140071_1areelitsubs&outputFormat=SHAPE-ZIP failed - URL responded with status code: 401
UUID r_veneto:c11030140063_1LitoraleAvan: URL http://idt2-geoserver.regione.veneto.it/geoserver/wfs?service=WFS&VERSION=1.0.0&REQUEST=GetFeature&typeName=rv:c11030140063_1litoraleavan&outputFormat=SHAPE-ZIP failed - URL responded with status code: 401
UUID r_veneto:c1102081_ZoneUmide: URL http://idt2-geoserver.regione.veneto.it/geoserver/wfs?service=WFS&VERSION=1.0.0&REQUEST=GetFeature&typeName=rv:c1102081_zoneumide&outputFormat=SHAPE-ZIP failed - URL responded with status code: 401
UUID r_friuve:m3947-cc-i1438: URL https://irdat.regione.fvg.it/Distributore/download?idDset=1438&idFmt=383&type=wfs&path=CAR_GEO:V_GIACITURA_STRATI failed - URL responded with status code: 404
UUID r_friuve:m3947-cc-i1438: URL https://irdat.regione.fvg.it/Distributore/download?idDset=1438&idFmt=383&type=wfs&path=CAR_GEO:V_GIACITURA_STRATI failed - URL responded with status code: 404
UUID r_veneto:c0605091_Foreste1954: URL http://idt2-geoserver.regione.veneto.it/geoserver/wfs?service=WFS&VERSION=1.0.0&REQUEST=GetFeature&typeName=rv:c0605091_foreste1954&outputFormat=SHAPE-ZIP failed - HTTPConnectionPool(host='ps-isp-usr.cec.eu.int', port=8012): Read timed out. (read timeout=10)
UUID r_veneto:c0506141_CCS2015S: URL http://idt2-geoserver.regione.veneto.it/geoserver/wfs?service=WFS&VERSION=1.0.0&REQUEST=GetFeature&typeName=rv:c0506141_ccs2015&outputFormat=SHAPE-ZIP failed - HTTPConnectionPool(host='ps-isp-usr.cec.eu.int', port=8012): Read timed out. (read timeout=10)
UUID r_veneto:c0506131_CCS2012S_CL1: URL http://idt2-geoserver.regione.veneto.it/geoserver/wfs?service=WFS&VERSION=1.0.0&REQUEST=GetFeature&typeName=rv:c0506131_ccs2012s_cl1&outputFormat=SHAPE-ZIP failed - HTTPConnectionPool(host='ps-isp-usr.cec.eu.int', port=8012): Read timed out. (read timeout=10)
UUID r_veneto:c0506121_CCS2012S: URL http://idt2-geoserver.regione.veneto.it/geoserver/wfs?service=WFS&VERSION=1.0.0&REQUEST=GetFeature&typeName=rv:c0506121_ccs2012s&outputFormat=SHAPE-ZIP failed - HTTPConnectionPool(host='ps-isp-usr.cec.eu.int', port=8012): Read timed out. (read timeout=10)
UUID r_veneto:c0506021_CopSuolo: URL http://idt2-geoserver.regione.veneto.it/geoserver/wfs?service=WFS&VERSION=1.0.0&REQUEST=GetFeature&typeName=rv:c0506021_copsuolo&outputFormat=SHAPE-ZIP failed - HTTPConnectionPool(host='ps-isp-usr.cec.eu.int', port=8012): Read timed out. (read timeout=10)
UUID r_veneto:c01070740031_accessibilfor: URL http://idt2-geoserver.regione.veneto.it/geoserver/wfs?service=WFS&VERSION=1.0.0&REQUEST=GetFeature&typeName=rv:c01070740031_accessibilfor&outputFormat=SHAPE-ZIP failed - HTTPConnectionPool(host='ps-isp-usr.cec.eu.int', port=8012): Read timed out. (read timeout=10)
UUID r_veneto:c01070740011_ViaSilvoPast: URL http://idt2-geoserver.regione.veneto.it/geoserver/wfs?service=WFS&VERSION=1.0.0&REQUEST=GetFeature&typeName=rv:c01070740011_viasilvopast&outputFormat=SHAPE-ZIP failed - HTTPConnectionPool(host='ps-isp-usr.cec.eu.int', port=8012): Read timed out. (read timeout=10)
UUID r_veneto:c01070240012_ElementoStradale: URL http://idt2-geoserver.regione.veneto.it/geoserver/wfs?service=WFS&VERSION=1.0.0&REQUEST=GetFeature&typeName=rv:c01070240012_elementostradale&outputFormat=SHAPE-ZIP failed - HTTPConnectionPool(host='ps-isp-usr.cec.eu.int', port=8012): Read timed out. (read timeout=10)
UUID r_veneto:Ovest_Desc_01042021: URL http://idt2-geoserver.regione.veneto.it/geoserver/wfs?service=WFS&VERSION=1.0.0&REQUEST=GetFeature&typeName=rv:s1_ps_veneto_ovest_desc_01apr2021&outputFormat=SHAPE-ZIP failed - HTTPConnectionPool(host='ps-isp-usr.cec.eu.int', port=8012): Read timed out. (read timeout=10)
UUID r_veneto:Ovest_Asc_03042021: URL http://idt2-geoserver.regione.veneto.it/geoserver/wfs?service=WFS&VERSION=1.0.0&REQUEST=GetFeature&typeName=rv:s1_ps_veneto_ovest_asc_03apr2021&outputFormat=SHAPE-ZIP failed - HTTPConnectionPool(host='ps-isp-usr.cec.eu.int', port=8012): Read timed out. (read timeout=10)
UUID r_veneto:OstacoliAlVolo_puntuali: URL http://idt2-geoserver.regione.veneto.it/geoserver/wfs?service=WFS&VERSION=1.0.0&REQUEST=GetFeature&typeName=rv:ostacolialvolo_puntuali&outputFormat=SHAPE-ZIP failed - HTTPConnectionPool(host='ps-isp-usr.cec.eu.int', port=8012): Read timed out. (read timeout=10)
UUID r_veneto:OstacoliAlVolo_lineari: URL http://idt2-geoserver.regione.veneto.it/geoserver/wfs?service=WFS&VERSION=1.0.0&REQUEST=GetFeature&typeName=rv:ostacolialvolo_lineari&outputFormat=SHAPE-ZIP failed - HTTPConnectionPool(host='ps-isp-usr.cec.eu.int', port=8012): Read timed out. (read timeout=10)
UUID r_veneto:MAV_1990_TRACCIATO_LINEA_CONTERMINAZIONE: URL http://idt2-geoserver.regione.veneto.it/geoserver/wfs?service=WFS&VERSION=1.0.0&REQUEST=GetFeature&typeName=rv:mav_1990_tracciato_linea_conterminazione&outputFormat=SHAPE-ZIP failed - URL responded with status code: 401
UUID r_veneto:Est_Asc_03042021: URL http://idt2-geoserver.regione.veneto.it/geoserver/wfs?service=WFS&VERSION=1.0.0&REQUEST=GetFeature&typeName=rv:s1_ps_veneto_est_asc_03apr2021&outputFormat=SHAPE-ZIP failed - HTTPConnectionPool(host='ps-isp-usr.cec.eu.int', port=8012): Read timed out. (read timeout=10)
UUID r_veneto:Emergenze: URL http://idt2-geoserver.regione.veneto.it/geoserver/wfs?service=WFS&VERSION=1.0.0&REQUEST=GetFeature&typeName=rv:gestione_emergenze&outputFormat=SHAPE-ZIP failed - URL responded with status code: 401
UUID r_friuve:m9441-cc-i7941: URL https://irdat.regione.fvg.it/Distributore/download?idDset=7941&idFmt=383&type=wfs&path=ZONE_RISC:SUPERFICIE_BRUCIATA_PASCOLO failed - URL responded with status code: 404
UUID r_friuve:m9441-cc-i7941: URL https://irdat.regione.fvg.it/Distributore/download?idDset=7941&idFmt=383&type=wfs&path=ZONE_RISC:SUPERFICIE_BRUCIATA_PASCOLO failed - URL responded with status code: 404
UUID r_friuve:m9421-cc-i7922: URL https://irdat.regione.fvg.it/Distributore/download?idDset=7922&idFmt=383&type=wfs&path=ZONE_RISC:SUPERFICIE_NON_BOSCATA_BRUCIATA failed - URL responded with status code: 404
UUID r_friuve:m9421-cc-i7922: URL https://irdat.regione.fvg.it/Distributore/download?idDset=7922&idFmt=383&type=wfs&path=ZONE_RISC:SUPERFICIE_NON_BOSCATA_BRUCIATA failed - URL responded with status code: 404
UUID r_friuve:m9401-cc-i7881: URL https://irdat.regione.fvg.it/Distributore/download?idDset=7881&idFmt=383&type=wfs&path=ZONE_RISC:SUPERFICIE_BOSCATA_BRUCIATA failed - URL responded with status code: 404
UUID r_friuve:m9401-cc-i7881: URL https://irdat.regione.fvg.it/Distributore/download?idDset=7881&idFmt=383&type=wfs&path=ZONE_RISC:SUPERFICIE_BOSCATA_BRUCIATA failed - URL responded with status code: 404
UUID r_friuve:m8684-cc-i1219: URL https://irdat.regione.fvg.it/Distributore/download?idDset=1219&idFmt=383&type=wfs&path=ZONE_RISC:PERICOLO_LOCAL_FOTOINT failed - URL responded with status code: 404
UUID r_friuve:m8684-cc-i1219: URL https://irdat.regione.fvg.it/Distributore/download?idDset=1219&idFmt=383&type=wfs&path=ZONE_RISC:PERICOLO_LOCAL_FOTOINT failed - URL responded with status code: 404
UUID r_friuve:m8659-cc-i1165: URL https://irdat.regione.fvg.it/Distributore/download?idDset=1165&idFmt=383&type=wfs&path=UNIT_AMM:LIMITE_MONTANO failed - URL responded with status code: 404
UUID r_friuve:m8659-cc-i1165: URL https://irdat.regione.fvg.it/Distributore/download?idDset=1165&idFmt=383&type=wfs&path=UNIT_AMM:LIMITE_MONTANO failed - URL responded with status code: 404
UUID r_friuve:m8521-cc-i1217: URL https://irdat.regione.fvg.it/Distributore/download?idDset=1217&idFmt=383&type=wfs&path=ZONE_RISC:ZONE_PERIC_FOTOINT failed - URL responded with status code: 404
UUID r_friuve:m8521-cc-i1217: URL https://irdat.regione.fvg.it/Distributore/download?idDset=1217&idFmt=383&type=wfs&path=ZONE_RISC:ZONE_PERIC_FOTOINT failed - URL responded with status code: 404
UUID r_friuve:m8520-cc-i1216: URL https://irdat.regione.fvg.it/Distributore/download?idDset=1216&idFmt=383&type=wfs&path=ZONE_RISC:VALANGHE_FOTOINT failed - URL responded with status code: 404
UUID r_friuve:m8520-cc-i1216: URL https://irdat.regione.fvg.it/Distributore/download?idDset=1216&idFmt=383&type=wfs&path=ZONE_RISC:VALANGHE_FOTOINT failed - URL responded with status code: 404
UUID r_friuve:m8518-cc-i1215: URL https://irdat.regione.fvg.it/Distributore/download?idDset=1215&idFmt=383&type=wfs&path=ZONE_RISC:PERICOLO_LOCAL_RILEVATO failed - URL responded with status code: 404
UUID r_friuve:m8518-cc-i1215: URL https://irdat.regione.fvg.it/Distributore/download?idDset=1215&idFmt=383&type=wfs&path=ZONE_RISC:PERICOLO_LOCAL_RILEVATO failed - URL responded with status code: 404
UUID r_friuve:m8516-cc-i1213: URL https://irdat.regione.fvg.it/Distributore/download?idDset=1213&idFmt=383&type=wfs&path=ZONE_RISC:ZONE_PERIC_RILEVATE failed - URL responded with status code: 404
UUID r_friuve:m8516-cc-i1213: URL https://irdat.regione.fvg.it/Distributore/download?idDset=1213&idFmt=383&type=wfs&path=ZONE_RISC:ZONE_PERIC_RILEVATE failed - URL responded with status code: 404
UUID r_friuve:m3967-cc-i1468: URL https://irdat.regione.fvg.it/Distributore/download?idDset=1468&idFmt=383&type=wfs&path=CAR_GEO:V_ALVEO_FORRA failed - URL responded with status code: 404
UUID r_friuve:m3967-cc-i1468: URL https://irdat.regione.fvg.it/Distributore/download?idDset=1468&idFmt=383&type=wfs&path=CAR_GEO:V_ALVEO_FORRA failed - URL responded with status code: 404
UUID r_friuve:m2421-cc-i1178: URL https://irdat.regione.fvg.it/Distributore/download?idDset=1178&idFmt=383&type=wfs&path=SITI_PROT:IMPORTANT_BIRD_AREA failed - URL responded with status code: 404
UUID r_friuve:m2421-cc-i1178: URL https://irdat.regione.fvg.it/Distributore/download?idDset=1178&idFmt=383&type=wfs&path=SITI_PROT:IMPORTANT_BIRD_AREA failed - URL responded with status code: 404
UUID r_friuve:m3953-cc-i1444: URL https://irdat.regione.fvg.it/Distributore/download?idDset=1444&idFmt=383&type=wfs&path=CAR_GEO:V_AREA_MODIFICA_ANTROPICA failed - URL responded with status code: 404
UUID r_friuve:m3953-cc-i1444: URL https://irdat.regione.fvg.it/Distributore/download?idDset=1444&idFmt=383&type=wfs&path=CAR_GEO:V_AREA_MODIFICA_ANTROPICA failed - URL responded with status code: 404
UUID r_friuve:m3952-cc-i1443: URL https://irdat.regione.fvg.it/Distributore/download?idDset=1443&idFmt=383&type=wfs&path=CAR_GEO:V_ALTO_MORFOLOGICO failed - URL responded with status code: 404
UUID r_friuve:m3952-cc-i1443: URL https://irdat.regione.fvg.it/Distributore/download?idDset=1443&idFmt=383&type=wfs&path=CAR_GEO:V_ALTO_MORFOLOGICO failed - URL responded with status code: 404
UUID r_friuve:m2301-cc-i1231: URL https://irdat.regione.fvg.it/Distributore/download?idDset=1231&idFmt=383&type=wfs&path=INT_ID_FOR:SISTEM_0709 failed - URL responded with status code: 404
UUID r_friuve:m2301-cc-i1231: URL https://irdat.regione.fvg.it/Distributore/download?idDset=1231&idFmt=383&type=wfs&path=INT_ID_FOR:SISTEM_0709 failed - URL responded with status code: 404
UUID r_friuve:m2282-cc-i2981: URL https://irdat.regione.fvg.it/Distributore/download?idDset=2981&idFmt=383&type=wfs&path=INT_ID_FOR:MANUT_0709 failed - URL responded with status code: 404
UUID r_friuve:m2282-cc-i2981: URL https://irdat.regione.fvg.it/Distributore/download?idDset=2981&idFmt=383&type=wfs&path=INT_ID_FOR:MANUT_0709 failed - URL responded with status code: 404
UUID r_friuve:m2361-cc-i1212: URL https://irdat.regione.fvg.it/Distributore/download?idDset=1212&idFmt=383&type=wfs&path=ZONE_RISC:VALANGHE_RILEVATE failed - URL responded with status code: 404
UUID r_friuve:m2361-cc-i1212: URL https://irdat.regione.fvg.it/Distributore/download?idDset=1212&idFmt=383&type=wfs&path=ZONE_RISC:VALANGHE_RILEVATE failed - URL responded with status code: 404
UUID r_friuve:m10814-cc-i11470: URL https://irdat.regione.fvg.it/Distributore/download?idDset=11470&idFmt=383&type=wfs&path=SITI_PROT:PROTECTEDSITE_INSP failed - URL responded with status code: 404
UUID r_friuve:m10852-cc-i11640: URL https://irdat.regione.fvg.it/Distributore/download?idDset=11640&idFmt=383&type=wfs&path=INDIRIZZI:CIVICI_COMUNI_NO_ASCOT failed - HTTPSConnectionPool(host='irdat.regione.fvg.it', port=443): Read timed out. (read timeout=10)
UUID r_friuve:m10852-cc-i11640: URL https://irdat.regione.fvg.it/Distributore/download?idDset=11640&idFmt=383&type=wfs&path=INDIRIZZI:CIVICI_COMUNI_NO_ASCOT failed - HTTPSConnectionPool(host='irdat.regione.fvg.it', port=443): Read timed out. (read timeout=10)
UUID r_friuve:m10617-cc-i10687: URL https://irdat.regione.fvg.it/Distributore/download?idDset=10687&idFmt=383&type=wfs&path=PAESAGGIO:LINEA_BATTIGIA_ESTERNA failed - URL responded with status code: 404
UUID r_friuve:m10617-cc-i10687: URL https://irdat.regione.fvg.it/Distributore/download?idDset=10687&idFmt=383&type=wfs&path=PAESAGGIO:LINEA_BATTIGIA_ESTERNA failed - URL responded with status code: 404
UUID r_friuve:m10572-cc-i10478: URL https://irdat.regione.fvg.it/Distributore/download?idDset=10478&idFmt=383&type=wfs&path=SIST_ID_FR:VW_OPERE_P failed - HTTPSConnectionPool(host='irdat.regione.fvg.it', port=443): Read timed out. (read timeout=10)
UUID r_friuve:m10572-cc-i10478: URL https://irdat.regione.fvg.it/Distributore/download?idDset=10478&idFmt=383&type=wfs&path=SIST_ID_FR:VW_OPERE_P failed - HTTPSConnectionPool(host='irdat.regione.fvg.it', port=443): Read timed out. (read timeout=10)
UUID r_friuve:m10608-cc-i10656: URL https://irdat.regione.fvg.it/Distributore/download?idDset=10656&idFmt=383&type=wfs&path=GRIGLIEGEO:QU_ORTO_PCFVG_2012 failed - URL responded with status code: 404
UUID r_friuve:m10608-cc-i10656: URL https://irdat.regione.fvg.it/Distributore/download?idDset=10656&idFmt=383&type=wfs&path=GRIGLIEGEO:QU_ORTO_PCFVG_2012 failed - URL responded with status code: 404
UUID r_friuve:m10396-cc-i2742: URL https://irdat.regione.fvg.it/Distributore/download?idDset=2742&idFmt=383&type=wfs&path=UNIT_AMM:Comuni_FVG_2007 failed - URL responded with status code: 404
UUID r_friuve:m10396-cc-i2742: URL https://irdat.regione.fvg.it/Distributore/download?idDset=2742&idFmt=383&type=wfs&path=UNIT_AMM:Comuni_FVG_2007 failed - URL responded with status code: 404
UUID r_emiro:2013-06-17T184300: URL http://servizigis.regione.emilia-romagna.it/wfs/dissesto?service=WFS&version=2.0.0&request=GetCapabilities failed - URL responded with status code: 400
UUID r_emiro:2013-06-17T184214: URL http://servizigis.regione.emilia-romagna.it/wfs/dissesto?service=WFS&version=2.0.0&request=GetCapabilities failed - URL responded with status code: 400
UUID r_emiro:2011-12-05T164541: URL http://servizigis.regione.emilia-romagna.it/wfs/dissesto?service=WFS&version=2.0.0&request=GetCapabilities failed - URL responded with status code: 400
UUID r_emiro:2011-06-01T142428: URL http://mappegis.regione.emilia-romagna.it/archiviogis/sig/download/uso_del_suolo/usosuolo2008shp_rer.htm failed - URL responded with status code: 404
UUID r_veneto:c0506161_CCS2020: URL http://idt2-geoserver.regione.veneto.it/geoserver/wfs?service=WFS&VERSION=1.0.0&REQUEST=GetFeature&typeName=rv:c0506161_ccs2020&outputFormat=SHAPE-ZIP failed - HTTPConnectionPool(host='ps-isp-usr.cec.eu.int', port=8012): Read timed out. (read timeout=10)
UUID p_tn:SECAP_APRIE_Trento: URL http://osservatorio.energia.provincia.tn.it/APRIE/OPENDATA/INSPIRE/ELISE/SECAP/SECAP_APRIE.atom.en.xml failed - URL responded with status code: 404
UUID r_veneto:c0506151_CCS2018: URL http://idt2-geoserver.regione.veneto.it/geoserver/wfs?service=WFS&VERSION=1.0.0&REQUEST=GetFeature&typeName=rv:c0506151_ccs2018&outputFormat=SHAPE-ZIP failed - HTTPConnectionPool(host='ps-isp-usr.cec.eu.int', port=8012): Read timed out. (read timeout=10)
UUID r_veneto:c01070740021_SistEsbosco: URL http://idt2-geoserver.regione.veneto.it/geoserver/wfs?service=WFS&VERSION=1.0.0&REQUEST=GetFeature&typeName=rv:c01070740021_sistesbosco&outputFormat=SHAPE-ZIP failed - HTTPConnectionPool(host='ps-isp-usr.cec.eu.int', port=8012): Read timed out. (read timeout=10)
UUID p_tn:EPC4EU_APRIE_all: URL http://osservatorio.energia.provincia.tn.it/APRIE/OPENDATA/INSPIRE/ELISE/EPC/EPC4EU_APRIE.atom.en.xml failed - URL responded with status code: 404
UUID ispra_rm:PS2016_DT: URL http://geoviewer.nnb.isprambiente.it/geoserver/nnb/sic_zps_ita_32/wfs?service=wfs&version=2.0.0&request=GetCapabilities failed - URL responded with status code: 404
UUID ispra_rm:Meta_NNB_EUAP01_2017: URL https://geoviewer.nnb.isprambiente.it/geoserver/nnb/euap_mattm/wfs?service=wfs&version=2.0.0&request=GetCapabilities failed - URL responded with status code: 404
UUID ispra_rm:Meta_NNB_Specart17DT: URL https://geoviewer.nnb.isprambiente.it/geoserver/nnb/art17_species_distribution/wfs?service=wfs&version=2.0.0&request=GetCapabilities failed - URL responded with status code: 404
UUID ispra_rm:Meta_Geo_DT000041_RN: URL https://sinacloud.isprambiente.it/arcgisgeo/services/onegeology/ISPRA_Pangeo_Italy2/MapServer/WFSServer?request=GetCapabilities&service=WFS failed - HTTPSConnectionPool(host='sinacloud.isprambiente.it', port=443): Read timed out. (read timeout=10)
UUID eripcfvg:m10745-cc-i11043: URL https://irdat.regione.fvg.it/Distributore/download?idDset=11043&idFmt=383&type=wfs&path=SIRPAC_GEO:VIMACP_CA_POINT_VALID_VIEW failed - URL responded with status code: 404
UUID eripcfvg:m10745-cc-i11043: URL https://irdat.regione.fvg.it/Distributore/download?idDset=11043&idFmt=383&type=wfs&path=SIRPAC_GEO:VIMACP_CA_POINT_VALID_VIEW failed - URL responded with status code: 404
UUID ispra_rm:Meta_Geo_DT000016_RN: URL https://sgi2.isprambiente.it/geoserver/ge-core1/wfs?service=wfs&version=2.0.0&request=GetCapabilities failed - ('Connection aborted.', ConnectionResetError(104, 'Connection reset by peer'))
UUID eripcfvg:m10694-cc-i10905: URL https://irdat.regione.fvg.it/Distributore/download?idDset=10905&idFmt=383&type=wfs&path=SIRPAC_GEO:VIMACP_BIGM_POINT_VALID_VIEW failed - URL responded with status code: 404
UUID eripcfvg:m10694-cc-i10905: URL https://irdat.regione.fvg.it/Distributore/download?idDset=10905&idFmt=383&type=wfs&path=SIRPAC_GEO:VIMACP_BIGM_POINT_VALID_VIEW failed - URL responded with status code: 404
UUID eripcfvg:m10692-cc-i10902: URL https://irdat.regione.fvg.it/Distributore/download?idDset=10902&idFmt=383&type=wfs&path=SIRPAC_GEO:VIMACP_OAC_POINT_VALID_VIEW failed - URL responded with status code: 404
UUID eripcfvg:m10692-cc-i10902: URL https://irdat.regione.fvg.it/Distributore/download?idDset=10902&idFmt=383&type=wfs&path=SIRPAC_GEO:VIMACP_OAC_POINT_VALID_VIEW failed - URL responded with status code: 404
UUID eripcfvg:m10692-cc-i10899: URL https://irdat.regione.fvg.it/Distributore/download?idDset=10899&idFmt=383&type=wfs&path=SIRPAC_GEO:VIMACP_OA_POINT_VALID_VIEW failed - URL responded with status code: 404
UUID eripcfvg:m10692-cc-i10899: URL https://irdat.regione.fvg.it/Distributore/download?idDset=10899&idFmt=383&type=wfs&path=SIRPAC_GEO:VIMACP_OA_POINT_VALID_VIEW failed - URL responded with status code: 404
UUID ispra_rm:01CLCALL_SDT: URL http://sdi.isprambiente.it/geoserver/lc1/wfs?service=wfs&version=2.0.0&request=GetCapabilities failed - URL responded with status code: 404
UUID eripcfvg:m10691-cc-i10898: URL https://irdat.regione.fvg.it/Distributore/download?idDset=10898&idFmt=383&type=wfs&path=SIRPAC_GEO:VIMACP_F_POINT_VALID_VIEW failed - URL responded with status code: 404
UUID eripcfvg:m10691-cc-i10898: URL https://irdat.regione.fvg.it/Distributore/download?idDset=10898&idFmt=383&type=wfs&path=SIRPAC_GEO:VIMACP_F_POINT_VALID_VIEW failed - URL responded with status code: 404
UUID eripcfvg:m10689-cc-i10896: URL https://irdat.regione.fvg.it/Distributore/download?idDset=10896&idFmt=383&type=wfs&path=SIRPAC_GEO:VIMACP_BNZ_POINT_VALID_VIEW failed - URL responded with status code: 404
UUID eripcfvg:m10689-cc-i10896: URL https://irdat.regione.fvg.it/Distributore/download?idDset=10896&idFmt=383&type=wfs&path=SIRPAC_GEO:VIMACP_BNZ_POINT_VALID_VIEW failed - URL responded with status code: 404
UUID eripcfvg:m10687-cc-i10893: URL https://irdat.regione.fvg.it/Distributore/download?idDset=10893&idFmt=383&type=wfs&path=SIRPAC_GEO:VIMACP_RA_POINT_VALID_VIEW failed - URL responded with status code: 404
UUID eripcfvg:m10687-cc-i10893: URL https://irdat.regione.fvg.it/Distributore/download?idDset=10893&idFmt=383&type=wfs&path=SIRPAC_GEO:VIMACP_RA_POINT_VALID_VIEW failed - URL responded with status code: 404
UUID eripcfvg:m10686-cc-i10892: URL https://irdat.regione.fvg.it/Distributore/download?idDset=10892&idFmt=383&type=wfs&path=SIRPAC_GEO:VIMACP_LOS_POINT_VALID_VIEW failed - URL responded with status code: 404
UUID eripcfvg:m10686-cc-i10892: URL https://irdat.regione.fvg.it/Distributore/download?idDset=10892&idFmt=383&type=wfs&path=SIRPAC_GEO:VIMACP_LOS_POINT_VALID_VIEW failed - URL responded with status code: 404
UUID eripcfvg:m10685-cc-i10891: URL https://irdat.regione.fvg.it/Distributore/download?idDset=10891&idFmt=383&type=wfs&path=SIRPAC_GEO:VIMACP_IS_POINT_VALID_VIEW failed - URL responded with status code: 404
UUID eripcfvg:m10685-cc-i10891: URL https://irdat.regione.fvg.it/Distributore/download?idDset=10891&idFmt=383&type=wfs&path=SIRPAC_GEO:VIMACP_IS_POINT_VALID_VIEW failed - URL responded with status code: 404
UUID eripcfvg:m10684-cc-i10890: URL https://irdat.regione.fvg.it/Distributore/download?idDset=10890&idFmt=383&type=wfs&path=SIRPAC_GEO:VIMACP_AI_POINT_VALID_VIEW failed - URL responded with status code: 404
UUID eripcfvg:m10684-cc-i10890: URL https://irdat.regione.fvg.it/Distributore/download?idDset=10890&idFmt=383&type=wfs&path=SIRPAC_GEO:VIMACP_AI_POINT_VALID_VIEW failed - URL responded with status code: 404
UUID eripcfvg:m10661-cc-i10834: URL https://irdat.regione.fvg.it/Distributore/download?idDset=10834&idFmt=383&type=wfs&path=SIRPAC_GEO:VIMACP_PG_POINT_VALID_VIEW failed - URL responded with status code: 404
UUID eripcfvg:m10661-cc-i10834: URL https://irdat.regione.fvg.it/Distributore/download?idDset=10834&idFmt=383&type=wfs&path=SIRPAC_GEO:VIMACP_PG_POINT_VALID_VIEW failed - URL responded with status code: 404
UUID eripcfvg:m10660-cc-i10833: URL https://irdat.regione.fvg.it/Distributore/download?idDset=10833&idFmt=383&type=wfs&path=SIRPAC_GEO:VIMACP_MCF_POINT_VALID_VIEW failed - URL responded with status code: 404
UUID eripcfvg:m10660-cc-i10833: URL https://irdat.regione.fvg.it/Distributore/download?idDset=10833&idFmt=383&type=wfs&path=SIRPAC_GEO:VIMACP_MCF_POINT_VALID_VIEW failed - URL responded with status code: 404
UUID eripcfvg:m10658-cc-i10886: URL https://irdat.regione.fvg.it/Distributore/download?idDset=10886&idFmt=383&type=wfs&path=SIRPAC_GEO:VIMACP_SI_LINE_VALID_VIEW failed - URL responded with status code: 404
UUID eripcfvg:m10658-cc-i10886: URL https://irdat.regione.fvg.it/Distributore/download?idDset=10886&idFmt=383&type=wfs&path=SIRPAC_GEO:VIMACP_SI_LINE_VALID_VIEW failed - URL responded with status code: 404
UUID eripcfvg:m10658-cc-i10885: URL https://irdat.regione.fvg.it/Distributore/download?idDset=10885&idFmt=383&type=wfs&path=SIRPAC_GEO:VIMACP_SI_AREA_VALID_VIEW failed - URL responded with status code: 404
UUID eripcfvg:m10658-cc-i10885: URL https://irdat.regione.fvg.it/Distributore/download?idDset=10885&idFmt=383&type=wfs&path=SIRPAC_GEO:VIMACP_SI_AREA_VALID_VIEW failed - URL responded with status code: 404
UUID eripcfvg:m10658-cc-i10828: URL https://irdat.regione.fvg.it/Distributore/download?idDset=10828&idFmt=383&type=wfs&path=SIRPAC_GEO:VIMACP_SI_POINT_VALID_VIEW failed - URL responded with status code: 404
UUID eripcfvg:m10658-cc-i10828: URL https://irdat.regione.fvg.it/Distributore/download?idDset=10828&idFmt=383&type=wfs&path=SIRPAC_GEO:VIMACP_SI_POINT_VALID_VIEW failed - URL responded with status code: 404
UUID eripcfvg:m10657-cc-i10827: URL https://irdat.regione.fvg.it/Distributore/download?idDset=10827&idFmt=383&type=wfs&path=SIRPAC_GEO:VIMACP_A_POINT_VALID_VIEW failed - URL responded with status code: 404
UUID eripcfvg:m10657-cc-i10827: URL https://irdat.regione.fvg.it/Distributore/download?idDset=10827&idFmt=383&type=wfs&path=SIRPAC_GEO:VIMACP_A_POINT_VALID_VIEW failed - URL responded with status code: 404
UUID r_toscan:5f256df5-15ed-4fe7-88d0-7dbb22906df6: URL https://www502.regione.toscana.it/wmsraster/com.rt.wms.RTmap/wms?map=wmsarprot&amp;service=WFS&amp;version=2.0.0&amp;request=GetFeature&amp;OUTPUTFORMAT=application/shapefile&amp;filename=dataset_nat2000_sic&amp;typename=rt_arprot.idnat2000_sic.rt.poly failed - HTTPSConnectionPool(host='www502.regione.toscana.it', port=443): Read timed out. (read timeout=10)
UUID R_SARDEG:ZTZEY: URL https://webgis.regione.sardegna.it/geoserver/ows?service=WFS&version=1.1.0&request=GetCapabilities failed - HTTPSConnectionPool(host='webgis.regione.sardegna.it', port=443): Read timed out. (read timeout=10)
UUID R_SARDEG:d65bcaf0-4841-4bb7-ad33-d9dc4b056ef3: URL https://webgis.regione.sardegna.it/geoserver/ows?service=WFS&version=1.1.0&request=GetCapabilities failed - HTTPSConnectionPool(host='webgis.regione.sardegna.it', port=443): Read timed out. (read timeout=10)
UUID R_SARDEG:d65bcaf0-4841-4bb7-ad33-d9dc4b056ef3: URL https://webgis2.regione.sardegna.it/geoserver/dbu/ows?service=WFS&version=1.0.0&request=GetFeature&typeName=dbu:ART142_VULCANI_INDICATIVI&outputFormat=SHAPE-ZIP failed - HTTPSConnectionPool(host='webgis2.regione.sardegna.it', port=443): Read timed out. (read timeout=10)
UUID R_SARDEG:ff17464f-1b5b-4b03-9361-49d9d2631863: URL https://webgis.regione.sardegna.it/geoserver/ows?service=WFS&version=1.1.0&request=GetCapabilities failed - HTTPSConnectionPool(host='webgis.regione.sardegna.it', port=443): Read timed out. (read timeout=10)
UUID R_SARDEG:ff17464f-1b5b-4b03-9361-49d9d2631863: URL https://webgis2.regione.sardegna.it/geoserver/dbu/ows?service=WFS&version=1.0.0&request=GetFeature&typeName=dbu:ART142_ZONE_INT_ARCH_IND_INDIC&outputFormat=SHAPE-ZIP failed - HTTPSConnectionPool(host='webgis2.regione.sardegna.it', port=443): Read timed out. (read timeout=10)
UUID R_SARDEG:ZOZIN: URL https://webgis.regione.sardegna.it/geoserver/ows?service=WFS&version=1.1.0&request=GetCapabilities failed - HTTPSConnectionPool(host='webgis.regione.sardegna.it', port=443): Read timed out. (read timeout=10)
UUID R_SARDEG:f52f111d-2a2e-4870-a623-6d6f11dc4f1d: URL https://webgis.regione.sardegna.it/geoserver/ows?service=WFS&version=1.1.0&request=GetCapabilities failed - HTTPSConnectionPool(host='webgis.regione.sardegna.it', port=443): Read timed out. (read timeout=10)
UUID R_SARDEG:af9dc6f7-a1f9-4611-938e-e6e0b0a4c588: URL https://webgis.regione.sardegna.it/geoserver/ows?service=WFS&version=1.1.0&request=GetCapabilities failed - HTTPSConnectionPool(host='webgis.regione.sardegna.it', port=443): Read timed out. (read timeout=10)
UUID R_SARDEG:QVILS: URL https://webgis.regione.sardegna.it/scaricocartografiaETL/usoSuolo/usoSuolo2003/usoSuolo2003Cagliari.zip failed - URL responded with status code: 404
UUID R_SARDEG:7080bd39-12b0-48e8-8cdb-a0e259e71b06: URL https://webgis2.regione.sardegna.it/geoserver/dbu/ows?service=WFS&version=1.0.0&request=GetFeature&typeName=dbu:elemento_idrico_strahler&outputFormat=SHAPE-ZIP failed - HTTPSConnectionPool(host='webgis2.regione.sardegna.it', port=443): Read timed out. (read timeout=10)
UUID R_SARDEG:11111111-2222-1111-1111-111111186452: URL https://webgis.regione.sardegna.it/scaricocartografiaETL/DBGT10K/strati_vettoriali_semplificati/Classi/02_SOSTEGNO_TRALICCIO.zip failed - URL responded with status code: 404
UUID R_SARDEG:11111111-2222-1111-1111-111111110938: URL https://webgis.regione.sardegna.it/scaricocartografiaETL/DBGT10K/strati_vettoriali_semplificati/Classi/02_MURO_SOSTEGNO_ARCHI.zip failed - URL responded with status code: 404
UUID R_SARDEG:11111111-1111-1111-1111-111111113252: URL https://webgis.regione.sardegna.it/scaricocartografiaETL/DBGT10K_2020/DBGT10K_2020_02_SOSTEGNO_TRALICCIO_PTS.zip failed - URL responded with status code: 404
UUID R_SARDEG:11111111-1111-1111-1111-111111113251: URL https://webgis.regione.sardegna.it/scaricocartografiaETL/DBGT10K_2020/DBGT10K_2020_02_SOSTEGNO_TRALICCIO_PLG.zip failed - URL responded with status code: 404
UUID R_SARDEG:11111111-1111-1111-1111-111111113244: URL https://webgis.regione.sardegna.it/scaricocartografiaETL/DBGT10K_2020/DBGT10K_2020_02_MURO_SOSTEGNO_PLG.zip failed - URL responded with status code: 404
UUID R_SARDEG:11111111-1111-1111-1111-111111113243: URL https://webgis.regione.sardegna.it/scaricocartografiaETL/DBGT10K_2020/DBGT10K_2020_02_MURO_SOSTEGNO_ARC.zip failed - URL responded with status code: 404
UUID r_toscan:ff2b13a3-bc3b-4b17-8085-fee7ee7bd94c: URL https://www502.regione.toscana.it/geoscopio/usosuolostorico.html failed - HTTPSConnectionPool(host='www502.regione.toscana.it', port=443): Read timed out. (read timeout=10)
UUID r_toscan:f03cec30-ee80-47a3-a264-bc0bbc50bb00: URL https://www502.regione.toscana.it/ows2/com.rt.wms.RTmap/wms?map=owsspeleologia&service=WFS&version=2.0.0&srsName=EPSG:3003&request=GetFeature&OUTPUTFORMAT=application/shapefile&filename=carsismo_&typename=rt_carsismo_speleologia.iddoline.point.rt,rt_carsismo_speleologia.iddoline.poly.rt,rt_carsismo_speleologia.idformecarsiche.point.rt,rt_carsismo_speleologia.idformecarsiche.poly.rt,rt_carsismo_speleologia.idsorgenticarsiche.point.rt,rt_carsismo_speleologia.idareecarsificabili.poly.rt failed - HTTPSConnectionPool(host='www502.regione.toscana.it', port=443): Read timed out. (read timeout=10)
UUID r_piemon:3ff8854a-df17-455d-ba18-536e88112d8e: URL https://gisserver.territorio.csi.it/geoserver/decsiraogc_rifiuti_consorzi/wfs? failed - URL responded with status code: 400
UUID r_friuve:m6741-cc-i5621: URL https://irdat.regione.fvg.it/Distributore/download?idDset=5621&idFmt=383&type=wfs&path=RETE_GPS:Vertici_IGM95 failed - URL responded with status code: 404
UUID r_friuve:m6741-cc-i5621: URL https://irdat.regione.fvg.it/Distributore/download?idDset=5621&idFmt=383&type=wfs&path=RETE_GPS:Vertici_IGM95 failed - URL responded with status code: 404
UUID r_friuve:m7301-cc-i1722: URL https://irdat.regione.fvg.it/Distributore/download?idDset=1722&idFmt=383&type=wfs&path=ASSEGNA_WORKSPACE:NODI_IDRAULICI failed - URL responded with status code: 404
UUID r_friuve:m7301-cc-i1722: URL https://irdat.regione.fvg.it/Distributore/download?idDset=1722&idFmt=383&type=wfs&path=ASSEGNA_WORKSPACE:NODI_IDRAULICI failed - URL responded with status code: 404
UUID r_friuve:m7281-cc-i1720: URL https://irdat.regione.fvg.it/Distributore/download?idDset=1720&idFmt=383&type=wfs&path=ASSEGNA_WORKSPACE:PRESE failed - URL responded with status code: 404
UUID r_friuve:m7281-cc-i1720: URL https://irdat.regione.fvg.it/Distributore/download?idDset=1720&idFmt=383&type=wfs&path=ASSEGNA_WORKSPACE:PRESE failed - URL responded with status code: 404
UUID r_friuve:m7261-cc-i1719: URL https://irdat.regione.fvg.it/Distributore/download?idDset=1719&idFmt=383&type=wfs&path=ASSEGNA_WORKSPACE:DERIVAZIONI_CANALI failed - URL responded with status code: 404
UUID r_friuve:m7261-cc-i1719: URL https://irdat.regione.fvg.it/Distributore/download?idDset=1719&idFmt=383&type=wfs&path=ASSEGNA_WORKSPACE:DERIVAZIONI_CANALI failed - URL responded with status code: 404
UUID r_friuve:m7241-cc-i1715: URL https://irdat.regione.fvg.it/Distributore/download?idDset=1715&idFmt=383&type=wfs&path=ASSEGNA_WORKSPACE:POZZI failed - URL responded with status code: 404
UUID r_friuve:m7241-cc-i1715: URL https://irdat.regione.fvg.it/Distributore/download?idDset=1715&idFmt=383&type=wfs&path=ASSEGNA_WORKSPACE:POZZI failed - URL responded with status code: 404
UUID r_friuve:m7221-cc-i1718: URL https://irdat.regione.fvg.it/Distributore/download?idDset=1718&idFmt=383&type=wfs&path=ASSEGNA_WORKSPACE:CENTRALI_POMPAGGIO failed - URL responded with status code: 404
UUID r_friuve:m7221-cc-i1718: URL https://irdat.regione.fvg.it/Distributore/download?idDset=1718&idFmt=383&type=wfs&path=ASSEGNA_WORKSPACE:CENTRALI_POMPAGGIO failed - URL responded with status code: 404
UUID r_friuve:m7201-cc-i1721: URL https://irdat.regione.fvg.it/Distributore/download?idDset=1721&idFmt=383&type=wfs&path=ASSEGNA_WORKSPACE:IDROVORE failed - URL responded with status code: 404
UUID r_friuve:m7201-cc-i1721: URL https://irdat.regione.fvg.it/Distributore/download?idDset=1721&idFmt=383&type=wfs&path=ASSEGNA_WORKSPACE:IDROVORE failed - URL responded with status code: 404
UUID r_friuve:m7141-cc-i1725: URL https://irdat.regione.fvg.it/Distributore/download?idDset=1725&idFmt=383&type=wfs&path=ASSEGNA_WORKSPACE:RETE_IRRIGUA failed - URL responded with status code: 404
UUID r_friuve:m7141-cc-i1725: URL https://irdat.regione.fvg.it/Distributore/download?idDset=1725&idFmt=383&type=wfs&path=ASSEGNA_WORKSPACE:RETE_IRRIGUA failed - URL responded with status code: 404
UUID r_friuve:m6261-cc-i5221: URL https://irdat.regione.fvg.it/Distributore/download?idDset=5221&idFmt=383&type=wfs&path=IDROGRAF:IDR_GIS_AMBITI_SERVITI failed - URL responded with status code: 404
UUID r_friuve:m6261-cc-i5221: URL https://irdat.regione.fvg.it/Distributore/download?idDset=5221&idFmt=383&type=wfs&path=IDROGRAF:IDR_GIS_AMBITI_SERVITI failed - URL responded with status code: 404
UUID r_friuve:m5681-cc-i1687: URL https://irdat.regione.fvg.it/Distributore/download?idDset=1687&idFmt=383&type=wfs&path=STRAT_PR:DBPRIOR_0502_INTER_STR failed - HTTPSConnectionPool(host='irdat.regione.fvg.it', port=443): Read timed out. (read timeout=10)
UUID r_friuve:m5641-cc-i1686: URL https://irdat.regione.fvg.it/Distributore/download?idDset=1686&idFmt=383&type=wfs&path=STRAT_PR:DBPRIOR_0501_TRATTO_STR failed - HTTPSConnectionPool(host='irdat.regione.fvg.it', port=443): Read timed out. (read timeout=10)
UUID r_friuve:m5641-cc-i1686: URL https://irdat.regione.fvg.it/Distributore/download?idDset=1686&idFmt=383&type=wfs&path=STRAT_PR:DBPRIOR_0501_TRATTO_STR failed - HTTPSConnectionPool(host='irdat.regione.fvg.it', port=443): Read timed out. (read timeout=10)
UUID r_friuve:m5261-cc-i4901: URL https://irdat.regione.fvg.it/Distributore/download?idDset=4901&idFmt=383&type=wfs&path=GEST_FOR:AREE_EX_BOSCO failed - URL responded with status code: 404
UUID r_friuve:m5261-cc-i4901: URL https://irdat.regione.fvg.it/Distributore/download?idDset=4901&idFmt=383&type=wfs&path=GEST_FOR:AREE_EX_BOSCO failed - URL responded with status code: 404
UUID r_friuve:m4921-cc-i1738: URL https://irdat.regione.fvg.it/Distributore/download?idDset=1738&idFmt=383&type=wfs&path=MONIT_AMB:STAZIONI_FREATIMETRICHE failed - URL responded with status code: 404
UUID r_friuve:m4921-cc-i1738: URL https://irdat.regione.fvg.it/Distributore/download?idDset=1738&idFmt=383&type=wfs&path=MONIT_AMB:STAZIONI_FREATIMETRICHE failed - URL responded with status code: 404
UUID r_friuve:m4901-cc-i1739: URL https://irdat.regione.fvg.it/Distributore/download?idDset=1739&idFmt=383&type=wfs&path=MONIT_AMB:STAZIONI_MISURAPORTATE failed - URL responded with status code: 404
UUID r_friuve:m4901-cc-i1739: URL https://irdat.regione.fvg.it/Distributore/download?idDset=1739&idFmt=383&type=wfs&path=MONIT_AMB:STAZIONI_MISURAPORTATE failed - URL responded with status code: 404
UUID r_friuve:m4562-cc-i1723: URL https://irdat.regione.fvg.it/Distributore/download?idDset=1723&idFmt=383&type=wfs&path=IDROGRAF:CONSORZI_BONIFICA_A failed - URL responded with status code: 404
UUID r_friuve:m4562-cc-i1723: URL https://irdat.regione.fvg.it/Distributore/download?idDset=1723&idFmt=383&type=wfs&path=IDROGRAF:CONSORZI_BONIFICA_A failed - URL responded with status code: 404
UUID r_friuve:m4561-cc-i1714: URL https://irdat.regione.fvg.it/Distributore/download?idDset=1714&idFmt=383&type=wfs&path=ASSEGNA_WORKSPACE:BONIFICA_SCOLO_MECC failed - URL responded with status code: 404
UUID r_friuve:m4561-cc-i1714: URL https://irdat.regione.fvg.it/Distributore/download?idDset=1714&idFmt=383&type=wfs&path=ASSEGNA_WORKSPACE:BONIFICA_SCOLO_MECC failed - URL responded with status code: 404
UUID r_friuve:m4201-cc-i1768: URL https://irdat.regione.fvg.it/Distributore/download?idDset=1768&idFmt=383&type=wfs&path=USO_SUOLO:MOLAND_ALTRESTRADE_2000 failed - HTTPSConnectionPool(host='irdat.regione.fvg.it', port=443): Read timed out. (read timeout=10)
UUID r_friuve:m4201-cc-i1768: URL https://irdat.regione.fvg.it/Distributore/download?idDset=1768&idFmt=383&type=wfs&path=USO_SUOLO:MOLAND_ALTRESTRADE_2000 failed - HTTPSConnectionPool(host='irdat.regione.fvg.it', port=443): Read timed out. (read timeout=10)
UUID r_friuve:m4201-cc-i1767: URL https://irdat.regione.fvg.it/Distributore/download?idDset=1767&idFmt=383&type=wfs&path=USO_SUOLO:MOLAND_ALTRESTRADE_1980 failed - HTTPSConnectionPool(host='irdat.regione.fvg.it', port=443): Read timed out. (read timeout=10)
UUID r_friuve:m4201-cc-i1767: URL https://irdat.regione.fvg.it/Distributore/download?idDset=1767&idFmt=383&type=wfs&path=USO_SUOLO:MOLAND_ALTRESTRADE_1980 failed - HTTPSConnectionPool(host='irdat.regione.fvg.it', port=443): Read timed out. (read timeout=10)
UUID r_friuve:m4201-cc-i1766: URL https://irdat.regione.fvg.it/Distributore/download?idDset=1766&idFmt=383&type=wfs&path=USO_SUOLO:MOLAND_ALTRESTRADE_1970 failed - HTTPSConnectionPool(host='irdat.regione.fvg.it', port=443): Read timed out. (read timeout=10)
UUID r_friuve:m4201-cc-i1766: URL https://irdat.regione.fvg.it/Distributore/download?idDset=1766&idFmt=383&type=wfs&path=USO_SUOLO:MOLAND_ALTRESTRADE_1970 failed - HTTPSConnectionPool(host='irdat.regione.fvg.it', port=443): Read timed out. (read timeout=10)
UUID r_friuve:m4201-cc-i1765: URL https://irdat.regione.fvg.it/Distributore/download?idDset=1765&idFmt=383&type=wfs&path=USO_SUOLO:MOLAND_ALTRESTRADE_1950 failed - HTTPSConnectionPool(host='irdat.regione.fvg.it', port=443): Read timed out. (read timeout=10)
UUID r_friuve:m4201-cc-i1765: URL https://irdat.regione.fvg.it/Distributore/download?idDset=1765&idFmt=383&type=wfs&path=USO_SUOLO:MOLAND_ALTRESTRADE_1950 failed - HTTPSConnectionPool(host='irdat.regione.fvg.it', port=443): Read timed out. (read timeout=10)
UUID r_friuve:m3841-cc-i1163: URL https://irdat.regione.fvg.it/Distributore/download?idDset=1163&idFmt=383&type=wfs&path=UNIT_AMM:ISPETTORATI_FORESTALI failed - URL responded with status code: 404
UUID r_friuve:m3841-cc-i1163: URL https://irdat.regione.fvg.it/Distributore/download?idDset=1163&idFmt=383&type=wfs&path=UNIT_AMM:ISPETTORATI_FORESTALI failed - URL responded with status code: 404
UUID r_friuve:m2522-cc-i2783: URL https://irdat.regione.fvg.it/Distributore/download?idDset=2783&idFmt=383&type=wfs&path=GEST_FOR:PIANI_GEST_FORESTALE failed - URL responded with status code: 404
UUID r_friuve:m2522-cc-i2783: URL https://irdat.regione.fvg.it/Distributore/download?idDset=2783&idFmt=383&type=wfs&path=GEST_FOR:PIANI_GEST_FORESTALE failed - URL responded with status code: 404
UUID r_friuve:m10791-cc-i11423: URL https://irdat.regione.fvg.it/Distributore/download?idDset=11423&idFmt=383&type=wfs&path=PPR:v_punti_vista_notevoli failed - URL responded with status code: 404
UUID r_friuve:m10791-cc-i11423: URL https://irdat.regione.fvg.it/Distributore/download?idDset=11423&idFmt=383&type=wfs&path=PPR:v_punti_vista_notevoli failed - URL responded with status code: 404
UUID r_friuve:m10787-cc-i11415: URL https://irdat.regione.fvg.it/Distributore/download?idDset=11415&idFmt=383&type=wfs&path=PPR:v_filari_e_coni failed - URL responded with status code: 404
UUID r_friuve:m10787-cc-i11415: URL https://irdat.regione.fvg.it/Distributore/download?idDset=11415&idFmt=383&type=wfs&path=PPR:v_filari_e_coni failed - URL responded with status code: 404
UUID r_friuve:m10783-cc-i11404: URL https://irdat.regione.fvg.it/Distributore/download?idDset=11404&idFmt=383&type=wfs&path=PPR:v_viabilita_rete_ecologica_ecotopi failed - URL responded with status code: 404
UUID r_friuve:m10783-cc-i11404: URL https://irdat.regione.fvg.it/Distributore/download?idDset=11404&idFmt=383&type=wfs&path=PPR:v_viabilita_rete_ecologica_ecotopi failed - URL responded with status code: 404
UUID r_friuve:m10866-cc-i11669: URL https://irdat.regione.fvg.it/Distributore/download?idDset=11669&idFmt=383&type=wfs&path=UTIL_TER:PUD failed - URL responded with status code: 404
UUID r_friuve:m10866-cc-i11669: URL https://irdat.regione.fvg.it/Distributore/download?idDset=11669&idFmt=383&type=wfs&path=UTIL_TER:PUD failed - URL responded with status code: 404
UUID r_friuve:m10779-cc-i11394: URL https://irdat.regione.fvg.it/Distributore/download?idDset=11394&idFmt=383&type=wfs&path=PPR:v_aree_rischio_archeologico failed - URL responded with status code: 404
UUID r_friuve:m10779-cc-i11394: URL https://irdat.regione.fvg.it/Distributore/download?idDset=11394&idFmt=383&type=wfs&path=PPR:v_aree_rischio_archeologico failed - URL responded with status code: 404
UUID r_friuve:m10778-cc-i11392: URL https://irdat.regione.fvg.it/Distributore/download?idDset=11392&idFmt=383&type=wfs&path=PPR:v_beni_culturali_mappali failed - URL responded with status code: 404
UUID r_friuve:m10778-cc-i11392: URL https://irdat.regione.fvg.it/Distributore/download?idDset=11392&idFmt=383&type=wfs&path=PPR:v_beni_culturali_mappali failed - URL responded with status code: 404
UUID r_friuve:m10718-cc-i11012: URL https://irdat.regione.fvg.it/Distributore/download?idDset=11012&idFmt=383&type=wfs&path=PPR:v_aree_archeologiche_sottoposte_a_tutela failed - URL responded with status code: 404
UUID r_friuve:m10718-cc-i11012: URL https://irdat.regione.fvg.it/Distributore/download?idDset=11012&idFmt=383&type=wfs&path=PPR:v_aree_archeologiche_sottoposte_a_tutela failed - URL responded with status code: 404
UUID r_friuve:m10732-cc-i11039: URL https://irdat.regione.fvg.it/Distributore/download?idDset=11039&idFmt=383&type=wfs&path=PPR:v_ulteriori_contesti_aree_interesse_archeologico failed - URL responded with status code: 404
UUID r_friuve:m10732-cc-i11039: URL https://irdat.regione.fvg.it/Distributore/download?idDset=11039&idFmt=383&type=wfs&path=PPR:v_ulteriori_contesti_aree_interesse_archeologico failed - URL responded with status code: 404
UUID r_friuve:m10726-cc-i11373: URL https://irdat.regione.fvg.it/Distributore/download?idDset=11373&idFmt=383&type=wfs&path=PPR:v_morfotipi_agrorurali failed - URL responded with status code: 404
UUID r_friuve:m10726-cc-i11373: URL https://irdat.regione.fvg.it/Distributore/download?idDset=11373&idFmt=383&type=wfs&path=PPR:v_morfotipi_agrorurali failed - URL responded with status code: 404
UUID r_friuve:m10726-cc-i11370: URL https://irdat.regione.fvg.it/Distributore/download?idDset=11370&idFmt=383&type=wfs&path=PPR:v_morfotipi_insediativi failed - URL responded with status code: 404
UUID r_friuve:m10726-cc-i11370: URL https://irdat.regione.fvg.it/Distributore/download?idDset=11370&idFmt=383&type=wfs&path=PPR:v_morfotipi_insediativi failed - URL responded with status code: 404
UUID r_friuve:m10383-cc-i7421: URL https://irdat.regione.fvg.it/Distributore/download?idDset=7421&idFmt=383&type=wfs&path=IDROGRAF:DENUNCE_POZZI failed - URL responded with status code: 404
UUID r_friuve:m10383-cc-i7421: URL https://irdat.regione.fvg.it/Distributore/download?idDset=7421&idFmt=383&type=wfs&path=IDROGRAF:DENUNCE_POZZI failed - URL responded with status code: 404
UUID R_SARDEG:d8631834-9f43-4959-95d9-0a21c046318c: URL http://webgis2.regione.sardegna.it/geoserver/ows?service=wfs&version=1.1.0&request=GetCapabilities failed - HTTPConnectionPool(host='ps-isp-usr.cec.eu.int', port=8012): Read timed out. (read timeout=10)
UUID R_SARDEG:d8631834-9f43-4959-95d9-0a21c046318c: URL http://webgis2.regione.sardegna.it/geoserver/ppr2006/ows?service=WFS&version=1.0.0&request=GetFeature&typeName=ppr06:ZONE_UMIDE_COSTIERE_REV&outputFormat=SHAPE-ZIP failed - URL responded with status code: 404
UUID r_piemon:d8bfcbdb-ff5f-40fb-a404-2e8e38a7d7a2: URL https://gisserver.territorio.csi.it/geoserver/decsiraogc_amb_direttiva_habitat/wfs? failed - URL responded with status code: 400
UUID r_piemon:af2f6ba1-3093-4160-8cc7-d004c4f5f962: URL https://gisserver.territorio.csi.it/geoserver/decsiraogc_rete_natura_2000/wfs? failed - URL responded with status code: 400
UUID r_emiro:2017-06-14T131444: URL https://servizigis.regione.emilia-romagna.it/wfs/dissesto?service=WFS%26version=2.0.0%26request=GetCapabilities failed - URL responded with status code: 400
UUID ispra_rm:Meta_Geo_DT000004_RN: URL https://sgi2.isprambiente.it/geoserver/ge-core7/wfs?service=wfs&version=2.0.0&request=GetCapabilities failed - ('Connection aborted.', ConnectionResetError(104, 'Connection reset by peer'))
UUID ingv:https://data.ingv.it/metadata/iso19115/297.xml: URL https://tsunamiarchive.ingv.it/services/tsunami/wfs/wfs?service=wfs&request=getCapabilities failed - URL responded with status code: 404
UUID ingv:https://data.ingv.it/metadata/iso19115/296.xml: URL https://tsunamiarchive.ingv.it/services/tsunami/wfs/wfs?service=WFS&request=GetCapabilities failed - URL responded with status code: 404
UUID ccpbosc:Cartography:InfrastructureAreas-05k: URL https://geoservices3.civis.bz.it/geoserver/gvcc-Cartography/ows?service=WFS&version=2.0.0&request=GetCapabilities failed - HTTPSConnectionPool(host='geoservices3.civis.bz.it', port=443): Max retries exceeded with url: /geoserver/gvcc-Cartography/ows?service=WFS&version=2.0.0&request=GetCapabilities (Caused by ProxyError('Unable to connect to proxy', ConnectTimeoutError(<urllib3.connection.HTTPSConnection object at 0x7f55c43d6690>, 'Connection to ps-isp-usr.cec.eu.int timed out. (connect timeout=10)')))
UUID r_toscan:b2eaaaad-6753-4470-a8c1-52f3e7ad8ba6: URL https://www502.regione.toscana.it/ows2/com.rt.wms.RTmap/wms?map=owsretore&service=wfs&request=getcapabilities&versione=1.3.0 failed - HTTPSConnectionPool(host='www502.regione.toscana.it', port=443): Read timed out. (read timeout=10)
UUID ispra_rm:Meta_NNB_PS2018_DT: URL https://geoviewer.nnb.isprambiente.it/geoserver/nnb/ramsar_mattm/wfs?service=wfs&version=2.0.0&request=GetCapabilities failed - URL responded with status code: 404
UUID ispra_rm:Meta_Geo_DT000028_RN: URL https://sgi2.isprambiente.it/geoserver/ge-core4/wfs?service=wfs&version=2.0.0&request=GetCapabilities failed - ('Connection aborted.', ConnectionResetError(104, 'Connection reset by peer'))
UUID ispra_rm:0002_WFD2022_HOR_RGWB_DT: URL https://sdi.isprambiente.it/geoserver/ef1/wise_2022_MonitoringSite_ITwfs?service=wfs&version=2.0.0&request=GetCapabilities failed - URL responded with status code: 404
UUID ispra_rm:006_WFD2022_SM_DT: URL https://sdi.isprambiente.it/geoserver/ef1/wise_2022_MonitoringSite_ITwfs?service=wfs&version=2.0.0&request=GetCapabilities failed - URL responded with status code: 404
