UUID dc1d92f8-27e4-4917-ad0c-eef7354c4c55: URL http://geo-inspire.trafikverket.se/MapService/wfs.axd/TN_RoadTransportNetwork?service=WFS&version=2.0.0&request=GetFeature&typenames=RoadSurfaceCategory failed - HTTPConnectionPool(host='ps-isp-usr.cec.eu.int', port=8012): Read timed out. (read timeout=10)
UUID c281e660-da7f-4cb3-ae43-bde339eb9659: URL http://geo-inspire.trafikverket.se/MapService/wfs.axd/TN_RoadTransportNetwork?service=WFS&version=2.0.0&request=GetFeature&typenames=VerticalPosition failed - HTTPConnectionPool(host='ps-isp-usr.cec.eu.int', port=8012): Read timed out. (read timeout=10)
UUID c281e660-da7f-4cb3-ae43-bde339eb9851: URL http://geo-inspire.trafikverket.se/MapService/wfs.axd/TN_RoadTransportNetwork?service=WFS&version=2.0.0&request=GetFeature&typenames=RoadNode failed - HTTPConnectionPool(host='ps-isp-usr.cec.eu.int', port=8012): Read timed out. (read timeout=10)
UUID ffec9c3b-bef0-4178-ad96-33b22712731f: URL http://geo-inspire.trafikverket.se/MapService/wfs.axd/TN_RailTransportNetwork?service=WFS&version=2.0.0&request=GetFeature&typenames=AccessRestriction failed - URL responded with status code: 400
UUID ffec9c3b-bef0-4178-ad96-33b22712731f: URL http://geo-inspire.trafikverket.se/MapService/wfs.axd/TN_RailTransportNetwork?service=WFS&version=2.0.0&request=GetFeature&typenames=AccessRestriction failed - URL responded with status code: 400
UUID e8bf918b-6f44-42d9-b34b-ca39373d227b: URL http://geo-inspire.trafikverket.se/MapService/wfs.axd/TN_RoadTransportNetwork?service=WFS&version=2.0.0&request=GetFeature&typenames=MaintenanceAuthority failed - HTTPConnectionPool(host='ps-isp-usr.cec.eu.int', port=8012): Read timed out. (read timeout=10)
UUID e8bf918b-6f44-42d9-b34b-ca39373d227b: URL http://geo-inspire.trafikverket.se/MapService/wfs.axd/TN_RoadTransportNetwork?service=WFS&version=2.0.0&request=GetFeature&typenames=MaintenanceAuthority failed - HTTPConnectionPool(host='ps-isp-usr.cec.eu.int', port=8012): Read timed out. (read timeout=10)
UUID c281e660-da7f-4cb3-ae43-bde339eb9651: URL http://geo-inspire.trafikverket.se/MapService/wfs.axd/TN_RoadTransportNetwork?service=WFS&version=2.0.0&request=GetFeature&typenames=Eroad failed - URL responded with status code: 400
UUID c281e660-da7f-4cb3-ae43-bde339eb9651: URL http://geo-inspire.trafikverket.se/MapService/wfs.axd/TN_RoadTransportNetwork?service=WFS&version=2.0.0&request=GetFeature&typenames=Eroad failed - URL responded with status code: 400
UUID ae765091-5d39-4fd4-8465-9010da995b9e: URL http://geo-inspire.trafikverket.se/MapService/wfs.axd/TN_RoadTransportNetwork failed - URL responded with status code: 400
UUID ae765091-5d39-4fd4-8465-9010da995b9e: URL http://geo-inspire.trafikverket.se/MapService/wfs.axd/TN_RoadTransportNetwork failed - URL responded with status code: 400
UUID b279267b-54a4-4c8d-bd35-7969d8eb396e: URL https://geokatalog.sjofartsverket.se/MapService/wfs.axd/InspireAuDownload failed - URL responded with status code: 400
UUID b279267b-54a4-4c8d-bd35-7969d8eb396e: URL https://geokatalog.sjofartsverket.se/MapService/wfs.axd/InspireAuDownload failed - URL responded with status code: 400
UUID 865234a7-1220-4ee3-a50c-f23fcb9e61a2: URL http://geo-inspire.trafikverket.se/MapService/wfs.axd/TN_RoadTransportNetwork?service=WFS&version=2.0.0&request=GetFeature&typenames=NumberOfLanes failed - HTTPConnectionPool(host='ps-isp-usr.cec.eu.int', port=8012): Read timed out. (read timeout=10)
UUID 779b63c3-4b59-4239-9a76-71728a28aee2: URL https://geonode.folkhalsomyndigheten.se/geoserver/ows?service=WFS&version=1.0.0&request=GetFeature&typename=geonode%3ABraHalsa_LANKarta_region&outputFormat=SHAPE-ZIP&srs=EPSG%3A3006&format_options=charset%3AUTF-8 failed - HTTPSConnectionPool(host='geonode.folkhalsomyndigheten.se', port=443): Read timed out. (read timeout=10)
UUID 779b63c3-4b59-4239-9a76-71728a28aee2: URL https://geonode.folkhalsomyndigheten.se/geoserver/ows?service=WFS&version=1.0.0&request=GetFeature&typename=geonode%3ABraHalsa_LANKarta_region&outputFormat=SHAPE-ZIP&srs=EPSG%3A3006&format_options=charset%3AUTF-8 failed - HTTPSConnectionPool(host='geonode.folkhalsomyndigheten.se', port=443): Read timed out. (read timeout=10)
UUID 8e00a38f-03ea-4409-8d4b-fd4a687a2c87: URL https://stationsregister.miljodatasamverkan.se/geoserver/stationsregistret/wfs? failed - URL responded with status code: 400
UUID a93e273f-0d12-4353-a883-a858acd55e99: URL https://geodata.naturvardsverket.se/inspire/sd/wfs? failed - URL responded with status code: 400
UUID 6d35a2fa-20d4-48e8-9747-351cfe10d3df: URL https://geonode.folkhalsomyndigheten.se/geoserver/ows?service=WFS&version=1.0.0&request=GetFeature&typename=geonode%3AExpoMiljotobak_LANKarta_region&outputFormat=SHAPE-ZIP&srs=EPSG%3A3006&format_options=charset%3AUTF-8 failed - HTTPSConnectionPool(host='geonode.folkhalsomyndigheten.se', port=443): Read timed out. (read timeout=10)
UUID 6d35a2fa-20d4-48e8-9747-351cfe10d3df: URL https://geonode.folkhalsomyndigheten.se/geoserver/ows?service=WFS&version=1.0.0&request=GetFeature&typename=geonode%3AExpoMiljotobak_LANKarta_region&outputFormat=SHAPE-ZIP&srs=EPSG%3A3006&format_options=charset%3AUTF-8 failed - HTTPSConnectionPool(host='geonode.folkhalsomyndigheten.se', port=443): Read timed out. (read timeout=10)
UUID 840b9c8e-8bbb-4293-ad8f-2e557404fc5e: URL http://geo-inspire.trafikverket.se/MapService/wfs.axd/TN_RailTransportNetwork?service=WFS&version=2.0.0&request=GetFeature&typenames=RailwayElecrification failed - URL responded with status code: 400
UUID 840b9c8e-8bbb-4293-ad8f-2e557404fc5e: URL http://geo-inspire.trafikverket.se/MapService/wfs.axd/TN_RailTransportNetwork?service=WFS&version=2.0.0&request=GetFeature&typenames=RailwayElecrification failed - URL responded with status code: 400
UUID 423cc749-5ae6-4732-9bf8-05914bb9f8ab: URL http://geo-inspire.trafikverket.se/MapService/wfs.axd/TN_RoadTransportNetwork?service=WFS&version=2.0.0&request=GetFeature&typenames=WaterwayNode failed - URL responded with status code: 400
UUID 423cc749-5ae6-4732-9bf8-05914bb9f8ab: URL http://geo-inspire.trafikverket.se/MapService/wfs.axd/TN_RoadTransportNetwork?service=WFS&version=2.0.0&request=GetFeature&typenames=FerryCrossing failed - URL responded with status code: 400
UUID 423cc749-5ae6-4732-9bf8-05914bb9f8ab: URL http://geo-inspire.trafikverket.se/MapService/wfs.axd/TN_RoadTransportNetwork?service=WFS&version=2.0.0&request=GetFeature&typenames=WaterwayNode failed - URL responded with status code: 400
UUID 423cc749-5ae6-4732-9bf8-05914bb9f8ab: URL http://geo-inspire.trafikverket.se/MapService/wfs.axd/TN_RoadTransportNetwork?service=WFS&version=2.0.0&request=GetFeature&typenames=FerryCrossing failed - URL responded with status code: 400
UUID 7428dba0-0ae5-4cf8-adb0-23e2bc9d702d: URL http://geo-inspire.trafikverket.se/MapService/wfs.axd/TN_RoadTransportNetwork?service=WFS&version=2.0.0&request=GetFeature&typenames=TrafficFlowDirection failed - HTTPConnectionPool(host='ps-isp-usr.cec.eu.int', port=8012): Read timed out. (read timeout=10)
UUID 7428dba0-0ae5-4cf8-adb0-23e2bc9d704d: URL http://geo-inspire.trafikverket.se/MapService/wfs.axd/TN_RoadTransportNetwork?service=WFS&version=2.0.0&request=GetFeature&typenames=OwnerAuthority failed - HTTPConnectionPool(host='ps-isp-usr.cec.eu.int', port=8012): Read timed out. (read timeout=10)
UUID 7428dba0-0ae5-4cf8-adb0-23e2bc9d704d: URL http://geo-inspire.trafikverket.se/MapService/wfs.axd/TN_RoadTransportNetwork?service=WFS&version=2.0.0&request=GetFeature&typenames=OwnerAuthority failed - HTTPConnectionPool(host='ps-isp-usr.cec.eu.int', port=8012): Read timed out. (read timeout=10)
UUID 58e79a60-4a59-405e-9bea-d821cc3b3a03: URL http://geo-inspire.trafikverket.se/MapService/wfs.axd/TN_RoadTransportNetwork?service=WFS&version=2.0.0&request=GetFeature&typenames=SpeedLimit failed - HTTPConnectionPool(host='ps-isp-usr.cec.eu.int', port=8012): Read timed out. (read timeout=10)
UUID 58e79a60-4a59-405e-9bea-d821cc3b3a03: URL http://geo-inspire.trafikverket.se/MapService/wfs.axd/TN_RoadTransportNetwork?service=WFS&version=2.0.0&request=GetFeature&typenames=SpeedLimit failed - HTTPConnectionPool(host='ps-isp-usr.cec.eu.int', port=8012): Read timed out. (read timeout=10)
UUID 677eb273-4987-437f-b3a7-a8175be3f310: URL https://stationsregister.miljodatasamverkan.se/geoserver/stationsregistret/wfs? failed - URL responded with status code: 400
UUID 713d13fe-ecde-4517-afe9-ca63580f3505: URL http://geo-inspire.trafikverket.se/MapService/wfs.axd/TN_RoadTransportNetwork?service=WFS&version=2.0.0&request=GetFeature&typenames=Accessrestriction failed - URL responded with status code: 400
UUID 713d13fe-ecde-4517-afe9-ca63580f3505: URL http://geo-inspire.trafikverket.se/MapService/wfs.axd/TN_RoadTransportNetwork?service=WFS&version=2.0.0&request=GetFeature&typenames=Accessrestriction failed - URL responded with status code: 400
UUID 296b253a-4b35-44c4-9502-3325b80f05a1: URL http://geo-inspire.trafikverket.se/MapService/wfs.axd/TN_RoadTransportNetwork?service=WFS&version=2.0.0&request=GetFeature&typenames=Accessrestriction failed - URL responded with status code: 400
UUID 296b253a-4b35-44c4-9502-3325b80f05a1: URL http://geo-inspire.trafikverket.se/MapService/wfs.axd/TN_RoadTransportNetwork?service=WFS&version=2.0.0&request=GetFeature&typenames=Accessrestriction failed - URL responded with status code: 400
UUID 348bb015-9ce6-4926-aab4-17cfe2b48772: URL http://geo-inspire.trafikverket.se/MapService/wfs.axd/TN_RoadTransportNetwork?service=WFS&version=2.0.0&request=GetFeature&typenames=RoadLinkSequence failed - HTTPConnectionPool(host='ps-isp-usr.cec.eu.int', port=8012): Read timed out. (read timeout=10)
UUID 348bb015-9ce6-4926-aab4-17cfe2b48772: URL http://geo-inspire.trafikverket.se/MapService/wfs.axd/TN_RoadTransportNetwork? failed - URL responded with status code: 400
UUID 1316f83f-3a38-4cf7-b929-04f6b93c574c: URL https://geonode.folkhalsomyndigheten.se/geoserver/ows?service=WFS&version=1.0.0&request=GetFeature&typename=geonode%3ABesvarTrafikbuller_LANKarta_region&outputFormat=SHAPE-ZIP&srs=EPSG%3A3006&format_options=charset%3AUTF-8 failed - HTTPSConnectionPool(host='geonode.folkhalsomyndigheten.se', port=443): Read timed out. (read timeout=10)
UUID 1316f83f-3a38-4cf7-b929-04f6b93c574c: URL https://geonode.folkhalsomyndigheten.se/geoserver/ows?service=WFS&version=1.0.0&request=GetFeature&typename=geonode%3ABesvarTrafikbuller_LANKarta_region&outputFormat=SHAPE-ZIP&srs=EPSG%3A3006&format_options=charset%3AUTF-8 failed - HTTPSConnectionPool(host='geonode.folkhalsomyndigheten.se', port=443): Read timed out. (read timeout=10)
UUID 296b253a-4b35-44c4-9502-3325b80f05a4: URL http://geo-inspire.trafikverket.se/MapService/wfs.axd/TN_RoadTransportNetwork?service=WFS&version=2.0.0&request=GetFeature&typenames=FormOfWay failed - HTTPConnectionPool(host='ps-isp-usr.cec.eu.int', port=8012): Read timed out. (read timeout=10)
UUID 296b253a-4b35-44c4-9502-3325b80f05a4: URL http://geo-inspire.trafikverket.se/MapService/wfs.axd/TN_RoadTransportNetwork?service=WFS&version=2.0.0&request=GetFeature&typenames=FormOfWay failed - HTTPConnectionPool(host='ps-isp-usr.cec.eu.int', port=8012): Read timed out. (read timeout=10)
UUID 073348de-ae24-4940-aef1-0457089fc09e: URL http://geo-inspire.trafikverket.se/MapService/wfs.axd/TN_RoadTransportNetwork?service=WFS&version=2.0.0&request=GetFeature&typenames=Road failed - HTTPConnectionPool(host='ps-isp-usr.cec.eu.int', port=8012): Read timed out. (read timeout=10)
UUID 207483e2-10b1-4ee8-b7f4-c6ebcbf85eac: URL http://geo-inspire.trafikverket.se/MapService/wfs.axd/TN_RailTransportNetwork?service=WFS&version=2.0.0&request=GetFeature&typenames=AccessRestriction failed - URL responded with status code: 400
UUID 207483e2-10b1-4ee8-b7f4-c6ebcbf85eac: URL http://geo-inspire.trafikverket.se/MapService/wfs.axd/TN_RailTransportNetwork?service=WFS&version=2.0.0&request=GetFeature&typenames=AccessRestriction failed - URL responded with status code: 400
UUID 296b253a-4b35-44c4-9502-3325b80f09a4: URL http://geo-inspire.trafikverket.se/MapService/wfs.axd/TN_RoadTransportNetwork?service=WFS&version=2.0.0&request=GetFeature&typenames=RoadName failed - HTTPConnectionPool(host='ps-isp-usr.cec.eu.int', port=8012): Read timed out. (read timeout=10)
UUID 296b253a-4b35-44c4-9502-3325b80f09a4: URL http://geo-inspire.trafikverket.se/MapService/wfs.axd/TN_RoadTransportNetwork?service=WFS&version=2.0.0&request=GetFeature&typenames=RoadName failed - HTTPConnectionPool(host='ps-isp-usr.cec.eu.int', port=8012): Read timed out. (read timeout=10)
UUID 1cc38a50-25dc-4ce1-82c1-236a720b4199: URL http://geo-inspire.trafikverket.se/MapService/wfs.axd/TN_RoadTransportNetwork?service=WFS&version=2.0.0&request=GetFeature&typenames=RoadWidth failed - HTTPConnectionPool(host='ps-isp-usr.cec.eu.int', port=8012): Read timed out. (read timeout=10)
UUID 1cc38a50-25dc-4ce1-82c1-236a720b4199: URL http://geo-inspire.trafikverket.se/MapService/wfs.axd/TN_RoadTransportNetwork?service=WFS&version=2.0.0&request=GetFeature&typenames=RoadWidth failed - HTTPConnectionPool(host='ps-isp-usr.cec.eu.int', port=8012): Read timed out. (read timeout=10)
UUID 83abb803-f3fa-4945-8ed0-927bedea8100: URL https://geodata.naturvardsverket.se/inspire/sd/wfs? failed - URL responded with status code: 400
UUID 6d5a82fa-0009-4730-af64-b013fd1feb2b: URL https://stationsregister.miljodatasamverkan.se/geoserver/stationsregistret/wfs? failed - URL responded with status code: 400
UUID ff084649-0ec8-4149-94cf-3a8cce587462: URL http://daim.lfv.se/geoserver/mais/wfs? failed - URL responded with status code: 400
UUID ff084649-0ec8-4149-94cf-3a8cce587462: URL http://daim.lfv.se/geoserver/mais/wfs? failed - URL responded with status code: 400
UUID ae8d79d2-a799-4e1b-b500-05747a428816: URL https://geodata.naturvardsverket.se/inspire/ps/wfs? failed - URL responded with status code: 400
UUID e929bec9-8709-4b7c-9cb1-c24fa2ed97d6: URL https://stationsregister.miljodatasamverkan.se/geoserver/stationsregistret/wfs? failed - URL responded with status code: 400
UUID e929bec9-8709-4b7c-9cb1-c24fa2ed97d6: URL https://stationsregister.miljodatasamverkan.se/geoserver/stationsregistret/wfs? failed - URL responded with status code: 400
UUID bfc33845-ffb9-4835-8355-76af3773d4e0: URL https://geodata.naturvardsverket.se/inspire/ps/wfs? failed - URL responded with status code: 400
UUID 55d17118-f977-46c9-8691-20baf657796e: URL https://geodata.naturvardsverket.se/inspire/ps/wfs? failed - URL responded with status code: 400
UUID dd8371a0-f692-44e3-bd0b-25de8dee8906: URL https://geodata.naturvardsverket.se/inspire/ps/wfs? failed - URL responded with status code: 400
UUID b67b2882-1a55-4643-8a11-bf05426673f4: URL https://stationsregister.miljodatasamverkan.se/geoserver/stationsregistret/wfs? failed - URL responded with status code: 400
UUID 1ecd1ac0-b2ec-49c4-9c16-4ac3276adf30: URL http://geo-inspire.trafikverket.se/MapService/wfs.axd/TN_RoadTransportNetwork?service=WFS&version=2.0.0&request=GetFeature&typenames=NetworkConnection failed - URL responded with status code: 400
UUID 1ecd1ac0-b2ec-49c4-9c16-4ac3276adf30: URL http://geo-inspire.trafikverket.se/MapService/wfs.axd/TN_RoadTransportNetwork?service=WFS&version=2.0.0&request=GetFeature&typenames=NetworkConnection failed - URL responded with status code: 400
UUID 03e6e0d2-9ff8-4234-8dba-1a1ef88cb1ad: URL https://geodata.naturvardsverket.se/inspire/ps/wfs? failed - URL responded with status code: 400
UUID 2921b01a-0baf-4702-a89f-9c5626c97844: URL https://geodata.naturvardsverket.se/inspire/ps/wfs? failed - URL responded with status code: 400
UUID 8938aa5c-1c5f-4bdf-8077-3dd06e65a947: URL https://geodata.naturvardsverket.se/inspire/sd/wfs? failed - URL responded with status code: 400
UUID f0be67ee-4c6a-4103-a443-1530d2a31411: URL https://geodata.naturvardsverket.se/inspire/sd/wfs? failed - URL responded with status code: 400
UUID 9607802d-8e24-454c-9b02-0fa158aabdeb: URL https://geodata.naturvardsverket.se/inspire/sd/wfs? failed - URL responded with status code: 400
UUID 19f10c7f-fdd4-4b30-83ae-cde13dfcbd2e: URL https://geodata.naturvardsverket.se/inspire/sd/wfs? failed - URL responded with status code: 400
UUID 887f08b3-0239-4a64-a54a-940e19bd6c29: URL https://geodata.naturvardsverket.se/inspire/sd/wfs? failed - URL responded with status code: 400
UUID 2e30c972-e082-4412-9373-f287cf6f4cb5: URL https://stationsregister.miljodatasamverkan.se/geoserver/stationsregistret/wfs? failed - URL responded with status code: 400
UUID 7fc28e72-9b3b-49e9-bf92-0b5d3c98c833: URL https://geonode.folkhalsomyndigheten.se/geoserver/ows?service=WFS&version=1.0.0&request=GetFeature&typename=geonode%3ADagligTobak_LANKarta_region&outputFormat=SHAPE-ZIP&srs=EPSG%3A3006&format_options=charset%3AUTF-8 failed - HTTPSConnectionPool(host='geonode.folkhalsomyndigheten.se', port=443): Read timed out. (read timeout=10)
UUID 7fc28e72-9b3b-49e9-bf92-0b5d3c98c833: URL https://geonode.folkhalsomyndigheten.se/geoserver/ows?service=WFS&version=1.0.0&request=GetFeature&typename=geonode%3ADagligTobak_LANKarta_region&outputFormat=SHAPE-ZIP&srs=EPSG%3A3006&format_options=charset%3AUTF-8 failed - HTTPSConnectionPool(host='geonode.folkhalsomyndigheten.se', port=443): Read timed out. (read timeout=10)
UUID 5a668a28-3eb7-4040-a545-a0414788ebd7: URL https://geodata.naturvardsverket.se/inspire/sd/wfs? failed - URL responded with status code: 400
UUID ca484b92-9b68-4561-aa42-35831c42f8f6: URL https://geodata.naturvardsverket.se/inspire/sd/wfs? failed - URL responded with status code: 400
UUID 354cb6ff-b2e5-4945-8b4e-9df1c8c401c8: URL https://geodata.naturvardsverket.se/inspire/pf/wfs? failed - URL responded with status code: 400
UUID 9b8f56df-c0c0-41c6-baea-04931a361b66: URL https://stationsregister.miljodatasamverkan.se/geoserver/stationsregistret/wfs? failed - URL responded with status code: 400
UUID adfbacaa-f3f4-4c45-8fe1-e855df2e68bd: URL https://stationsregister.miljodatasamverkan.se/geoserver/stationsregistret/wfs? failed - URL responded with status code: 400
UUID 84ec6102-56e4-40c3-9633-ffe54871fb93: URL https://geodata.naturvardsverket.se/atom/inspire/SE_UWWTD_avloppsreningsanlaggningens_serviceFeed.xml failed - URL responded with status code: 404
UUID 84ec6102-56e4-40c3-9633-ffe54871fb93: URL https://geodata.naturvardsverket.se/atom/inspire/SE_UWWTD_avloppsreningsanlaggningens_serviceFeed.xml failed - URL responded with status code: 404
UUID 5fca4342-7a48-43bf-965a-056d0d1ee896: URL https://stationsregister.miljodatasamverkan.se/geoserver/stationsregistret/wfs? failed - URL responded with status code: 400
UUID 5fca4342-7a48-43bf-965a-056d0d1ee896: URL https://stationsregister.miljodatasamverkan.se/geoserver/stationsregistret/wfs? failed - URL responded with status code: 400
UUID 63186a74-90f2-412d-ae59-cd5d3c476a44: URL https://stationsregister.miljodatasamverkan.se/geoserver/stationsregistret/wfs? failed - URL responded with status code: 400
UUID 673b6ae2-293a-4b42-ba7a-a3a44bb72cbc: URL https://geodata.naturvardsverket.se/inspire/pf/wfs? failed - URL responded with status code: 400
UUID 385662c2-091e-4483-98e3-5b117a3a6814: URL https://stationsregister.miljodatasamverkan.se/geoserver/stationsregistret/wfs? failed - URL responded with status code: 400
UUID d19a99c5-137f-4318-a9a0-55d7c4095ab3: URL https://geodata.naturvardsverket.se/geoserver/ARTER/wfs?request=getcapabilities failed - URL responded with status code: 404
UUID e3b0f9c4-5292-436b-bfd1-4a0763b3ef4f: URL https://geodata.naturvardsverket.se/inspire/sd/wfs? failed - URL responded with status code: 400
UUID 4ecf0337-11c9-4035-9d65-5b45fc94cb0f: URL https://geodata.naturvardsverket.se/inspire/sd/wfs? failed - URL responded with status code: 400
UUID f95e482c-febe-4d49-9421-6776ca3d4789: URL https://geodata.naturvardsverket.se/inspire/sd/wfs? failed - URL responded with status code: 400
UUID 52bbca40-a04c-425a-884a-adba2d244ff7: URL http://download.lantmateriet.se/hojdmodell/wcs/v1?service=WCS&version=1.0.0&request=GetCapabilities failed - URL responded with status code: 401
UUID 52bbca40-a04c-425a-884a-adba2d244ff7: URL http://download.lantmateriet.se/hojdmodell/wcs/v1?service=WCS&version=1.0.0&request=GetCapabilities failed - URL responded with status code: 401
