UUID 70f368f8-db6e-430d-9ae4-fe0acd55fe52: URL https://www.dov.vlaanderen.be/geoserver/wfs? failed - URL responded with status code: 400
UUID 4cda0378-c119-11ea-8f2c-00215caf2660: URL https://geoservice.waterinfo.be/OGRK/wcs? failed - URL responded with status code: 400
UUID b5b1fa36-1b2b-4863-ad3b-de8526d04833: URL https://vrisp4a.flaris.be/vrisgis/services/VisuaQueryOnlyExt/Waterways/MapServer/WFSServer?service=WFS&request=GetCapabilities failed - HTTPSConnectionPool(host='vrisp4a.flaris.be', port=443): Read timed out. (read timeout=10)
UUID 4ce66f1e-c119-11ea-9bc9-00215caf2660: URL https://geoservice.waterinfo.be/OGRK/wcs? failed - URL responded with status code: 400
UUID 4b6dc632-c119-11ea-a85d-00215caf2660: URL https://geoservice.waterinfo.be/OGRK/wcs? failed - URL responded with status code: 400
UUID 4cc57bb0-c119-11ea-af82-00215caf2660: URL https://geoservice.waterinfo.be/OGRK/wcs? failed - URL responded with status code: 400
UUID 4ad306ba-c119-11ea-ad19-00215caf2660: URL https://geoservice.waterinfo.be/OGRK/wcs? failed - URL responded with status code: 400
UUID 4b1f19a6-c119-11ea-b9e4-00215caf2660: URL https://geoservice.waterinfo.be/OGRK/wcs? failed - URL responded with status code: 400
UUID 4b54b296-c119-11ea-b30c-00215caf2660: URL https://geoservice.waterinfo.be/OGRK/wcs? failed - URL responded with status code: 400
UUID 4accb1ca-c119-11ea-a20f-00215caf2660: URL https://geoservice.waterinfo.be/OGRK/wcs? failed - URL responded with status code: 400
UUID 49a87ec8-c119-11ea-b9d5-00215caf2660: URL https://geoservice.waterinfo.be/OGRK/wcs? failed - URL responded with status code: 400
UUID 4942b016-c119-11ea-8488-00215caf2660: URL https://geoservice.waterinfo.be/OGRK/wcs? failed - URL responded with status code: 400
UUID 4884b8a4-c119-11ea-8cee-00215caf2660: URL https://geoservice.waterinfo.be/OGRK/wcs? failed - URL responded with status code: 400
UUID 489d844c-c119-11ea-89b0-00215caf2660: URL https://geoservice.waterinfo.be/OGRK/wcs? failed - URL responded with status code: 400
UUID 48cc3666-c119-11ea-b4d4-00215caf2660: URL https://geoservice.waterinfo.be/OGRK/wcs? failed - URL responded with status code: 400
UUID 34956db8-3eba-4c6f-9337-502e4752ce69: URL https://www.dov.vlaanderen.be/geoserver/wcs? failed - URL responded with status code: 400
UUID 4857ff76-c119-11ea-b70b-00215caf2660: URL https://geoservice.waterinfo.be/OGRK/wcs? failed - URL responded with status code: 400
UUID 48515e32-c119-11ea-94f5-00215caf2660: URL https://geoservice.waterinfo.be/OGRK/wcs? failed - URL responded with status code: 400
UUID 4afa21dc-c119-11ea-9c4c-00215caf2660: URL https://geoservice.waterinfo.be/OGRK/wcs? failed - URL responded with status code: 400
UUID 4af356a4-c119-11ea-b49c-00215caf2660: URL https://geoservice.waterinfo.be/OGRK/wcs? failed - URL responded with status code: 400
UUID aa3bfbbd-29c2-4999-ad2a-472859f6623b: URL https://www.dov.vlaanderen.be/geoserver-inspire/mineraloccurrence/wfs? failed - URL responded with status code: 400
UUID b14dc3f1-483c-40e3-b362-b0deb0dd7452: URL https://www.dov.vlaanderen.be/geoserver-inspire/boreholelogging/wfs? failed - URL responded with status code: 400
UUID 4cf8b6ec-c119-11ea-b01d-00215caf2660: URL https://geoservice.waterinfo.be/OGRK/wcs? failed - URL responded with status code: 400
UUID 4cf25bb2-c119-11ea-b523-00215caf2660: URL https://geoservice.waterinfo.be/OGRK/wcs? failed - URL responded with status code: 400
UUID 4b679474-c119-11ea-8e83-00215caf2660: URL https://geoservice.waterinfo.be/OGRK/wcs? failed - URL responded with status code: 400
UUID 4cb8e0b2-c119-11ea-8aeb-00215caf2660: URL https://geoservice.waterinfo.be/OGRK/wcs? failed - URL responded with status code: 400
UUID 4cab8692-c119-11ea-9523-00215caf2660: URL https://geoservice.waterinfo.be/OGRK/wcs? failed - URL responded with status code: 400
UUID 4ce033ec-c119-11ea-9ff5-00215caf2660: URL https://geoservice.waterinfo.be/OGRK/wcs? failed - URL responded with status code: 400
UUID 4cd24fac-c119-11ea-8dc0-00215caf2660: URL https://geoservice.waterinfo.be/OGRK/wcs? failed - URL responded with status code: 400
UUID 4b4e659e-c119-11ea-b4f8-00215caf2660: URL https://geoservice.waterinfo.be/OGRK/wcs? failed - URL responded with status code: 400
UUID 4cbf4f92-c119-11ea-9d39-00215caf2660: URL https://geoservice.waterinfo.be/OGRK/wcs? failed - URL responded with status code: 400
UUID 4b603274-c119-11ea-8066-00215caf2660: URL https://geoservice.waterinfo.be/OGRK/wcs? failed - URL responded with status code: 400
UUID 4b330290-c119-11ea-8c13-00215caf2660: URL https://geoservice.waterinfo.be/OGRK/wcs? failed - URL responded with status code: 400
UUID 4b4787b0-c119-11ea-a8a2-00215caf2660: URL https://geoservice.waterinfo.be/OGRK/wcs? failed - URL responded with status code: 400
UUID 4b2c3172-c119-11ea-872f-00215caf2660: URL https://geoservice.waterinfo.be/OGRK/wcs? failed - URL responded with status code: 400
UUID 4b0a244c-c119-11ea-a48b-00215caf2660: URL https://geoservice.waterinfo.be/OGRK/wcs? failed - URL responded with status code: 400
UUID 4b393778-c119-11ea-ab96-00215caf2660: URL https://geoservice.waterinfo.be/OGRK/wcs? failed - URL responded with status code: 400
UUID 4b03c87c-c119-11ea-8732-00215caf2660: URL https://geoservice.waterinfo.be/OGRK/wcs? failed - URL responded with status code: 400
UUID 4b17e794-c119-11ea-b650-00215caf2660: URL https://geoservice.waterinfo.be/OGRK/wcs? failed - URL responded with status code: 400
UUID 4ac655dc-c119-11ea-90dd-00215caf2660: URL https://geoservice.waterinfo.be/OGRK/wcs? failed - URL responded with status code: 400
UUID 4b1074f0-c119-11ea-8b86-00215caf2660: URL https://geoservice.waterinfo.be/OGRK/wcs? failed - URL responded with status code: 400
UUID 4adeed72-c119-11ea-8153-00215caf2660: URL https://geoservice.waterinfo.be/OGRK/wcs? failed - URL responded with status code: 400
UUID 4a8a1b08-c119-11ea-8d91-00215caf2660: URL https://geoservice.waterinfo.be/OGRK/wcs? failed - URL responded with status code: 400
UUID 4a75d4ea-c119-11ea-9602-00215caf2660: URL https://geoservice.waterinfo.be/OGRK/wcs? failed - URL responded with status code: 400
UUID 4a908e02-c119-11ea-a317-00215caf2660: URL https://geoservice.waterinfo.be/OGRK/wcs? failed - URL responded with status code: 400
UUID 4a832258-c119-11ea-bfcd-00215caf2660: URL https://geoservice.waterinfo.be/OGRK/wcs? failed - URL responded with status code: 400
UUID 490473d2-c119-11ea-a3f2-00215caf2660: URL https://geoservice.waterinfo.be/OGRK/wcs? failed - URL responded with status code: 400
UUID 49496460-c119-11ea-ad58-00215caf2660: URL https://geoservice.waterinfo.be/OGRK/wcs? failed - URL responded with status code: 400
UUID 49a23770-c119-11ea-9852-00215caf2660: URL https://geoservice.waterinfo.be/OGRK/wcs? failed - URL responded with status code: 400
UUID 499b7250-c119-11ea-90dd-00215caf2660: URL https://geoservice.waterinfo.be/OGRK/wcs? failed - URL responded with status code: 400
UUID 48c53fbe-c119-11ea-b5aa-00215caf2660: URL https://geoservice.waterinfo.be/OGRK/wcs? failed - URL responded with status code: 400
UUID 499517ca-c119-11ea-be2b-00215caf2660: URL https://geoservice.waterinfo.be/OGRK/wcs? failed - URL responded with status code: 400
UUID 493c5004-c119-11ea-8b3f-00215caf2660: URL https://geoservice.waterinfo.be/OGRK/wcs? failed - URL responded with status code: 400
UUID 4935f2ae-c119-11ea-95a7-00215caf2660: URL https://geoservice.waterinfo.be/OGRK/wcs? failed - URL responded with status code: 400
UUID 48bea4ce-c119-11ea-8bb3-00215caf2660: URL https://geoservice.waterinfo.be/OGRK/wcs? failed - URL responded with status code: 400
UUID 492aa03e-c119-11ea-9d63-00215caf2660: URL https://geoservice.waterinfo.be/OGRK/wcs? failed - URL responded with status code: 400
UUID 4989e9a4-c119-11ea-b398-00215caf2660: URL https://geoservice.waterinfo.be/OGRK/wcs? failed - URL responded with status code: 400
UUID 488b5ae2-c119-11ea-a2a0-00215caf2660: URL https://geoservice.waterinfo.be/OGRK/wcs? failed - URL responded with status code: 400
UUID 48b743c8-c119-11ea-8ebd-00215caf2660: URL https://geoservice.waterinfo.be/OGRK/wcs? failed - URL responded with status code: 400
UUID 48973fec-c119-11ea-b57d-00215caf2660: URL https://geoservice.waterinfo.be/OGRK/wcs? failed - URL responded with status code: 400
UUID 492432ee-c119-11ea-916a-00215caf2660: URL https://geoservice.waterinfo.be/OGRK/wcs? failed - URL responded with status code: 400
UUID 491d88a4-c119-11ea-906a-00215caf2660: URL https://geoservice.waterinfo.be/OGRK/wcs? failed - URL responded with status code: 400
UUID 487cea20-c119-11ea-b51d-00215caf2660: URL https://geoservice.waterinfo.be/OGRK/wcs? failed - URL responded with status code: 400
UUID 4912a8bc-c119-11ea-8485-00215caf2660: URL https://geoservice.waterinfo.be/OGRK/wcs? failed - URL responded with status code: 400
UUID 4876422e-c119-11ea-98d0-00215caf2660: URL https://geoservice.waterinfo.be/OGRK/wcs? failed - URL responded with status code: 400
UUID 486f5928-c119-11ea-a453-00215caf2660: URL https://geoservice.waterinfo.be/OGRK/wcs? failed - URL responded with status code: 400
UUID 490ab4ea-c119-11ea-b5b3-00215caf2660: URL https://geoservice.waterinfo.be/OGRK/wcs? failed - URL responded with status code: 400
UUID 485f56fe-c119-11ea-b5ba-00215caf2660: URL https://geoservice.waterinfo.be/OGRK/wcs? failed - URL responded with status code: 400
UUID 1bf53335-03f7-46b8-94b6-1b13193c9829: URL https://www.dov.vlaanderen.be/geoserver-inspire/drinkingwaterprotectionarea/wfs? failed - URL responded with status code: 400
UUID 23234dff-a8a9-4d70-a44e-f065454d38f0: URL https://www.dov.vlaanderen.be/geoserver-inspire/soilbody/wfs? failed - URL responded with status code: 400
UUID 4813450c-c119-11ea-9a15-00215caf2660: URL https://geoservice.waterinfo.be/OGRK/wcs? failed - URL responded with status code: 400
UUID 480c2204-c119-11ea-8c03-00215caf2660: URL https://geoservice.waterinfo.be/OGRK/wcs? failed - URL responded with status code: 400
UUID 18d20375-1765-4ef8-aa17-e60235aa704e: URL https://www.dov.vlaanderen.be/geoserver-inspire/organiccarboncontent/wfs? failed - URL responded with status code: 400
UUID 4804a1e6-c119-11ea-a682-00215caf2660: URL https://geoservice.waterinfo.be/OGRK/wcs? failed - URL responded with status code: 400
UUID 47fdf210-c119-11ea-8749-00215caf2660: URL https://geoservice.waterinfo.be/OGRK/wcs? failed - URL responded with status code: 400
UUID 7a950b74-176e-42db-a960-da8ce8381333: URL https://www.dov.vlaanderen.be/geoserver/wfs? failed - URL responded with status code: 400
UUID d10a1509-64e5-4313-a76d-49b5943488b4: URL https://www.dov.vlaanderen.be/geoserver-inspire/prospectingandminingpermitarea/wfs? failed - URL responded with status code: 400
UUID bc2bcaa3-cb18-4480-adcd-e4c3b0e1b4e3: URL https://www.dov.vlaanderen.be/geoserver-inspire/soilsite/wfs? failed - URL responded with status code: 400
UUID e06dbd08-4d50-40da-bf57-744fc15b9c2f: URL https://www.dov.vlaanderen.be/geoserver-inspire/naturalgeomorphologicfeature/wfs? failed - URL responded with status code: 400
UUID a8929b78-0721-42ae-9b86-bac6a647ec4b: URL https://www.dov.vlaanderen.be/geoserver-inspire/geologicfault/wfs? failed - URL responded with status code: 400
UUID b24cda0d-7d4b-428a-afbf-0d11c5c1e086: URL https://www.dov.vlaanderen.be/geoserver-inspire/phvalue/wfs? failed - URL responded with status code: 400
UUID c41ae3d2-7975-457f-94d7-4ab83d659432: URL https://www.dov.vlaanderen.be/geoserver/wcs? failed - URL responded with status code: 400
UUID e267be8d-ac9d-43c5-938d-131074fefc00: URL https://www.dov.vlaanderen.be/geoserver-inspire/environmentalmonitoringfacility/wfs? failed - URL responded with status code: 400
UUID 9058b46a-9636-4605-8bbe-47d2eb57aafe: URL https://www.dov.vlaanderen.be/geoserver-inspire/landslide/wfs? failed - URL responded with status code: 400
UUID bfbe19b1-ae84-4619-ad81-c0fe68864b5c: URL https://www.dov.vlaanderen.be/geoserver-inspire/waterbodyforwfdhorizon/wfs? failed - URL responded with status code: 400
UUID aff59fa3-584a-4276-98ad-0c086ccc2401: URL https://www.dov.vlaanderen.be/geoserver-inspire/geologicunit/wfs? failed - URL responded with status code: 400
UUID 49da1caa-8a13-464d-9e2b-8698cbdd58e3: URL https://www.dov.vlaanderen.be/geoserver-inspire/aquifersystem/wfs? failed - URL responded with status code: 400
UUID 04ae248a-3938-4cdb-9a0f-f5754cad70c9: URL https://www.dov.vlaanderen.be/geoserver/wfs? failed - URL responded with status code: 400
UUID 5a390fb9-9021-469b-9e58-864ee99d290f: URL https://www.dov.vlaanderen.be/geoserver-inspire/waterbodyforwfd/wfs? failed - URL responded with status code: 400
UUID 098faec7-a31a-4fca-ba26-4b99d82c85cd: URL https://www.dov.vlaanderen.be/geoserver/geothermie/wfs? failed - URL responded with status code: 400
UUID 684777f4-3b3c-43d3-9666-d8cd71f71766: URL https://www.dov.vlaanderen.be/geoserver-inspire/exposedelement/wfs? failed - URL responded with status code: 400
UUID 69f5ab26-a3f0-422d-9a7b-5ea23083ea86: URL https://www.dov.vlaanderen.be/geoserver/geothermie/wfs? failed - URL responded with status code: 400
UUID 20fdebdf-c237-4ea8-8bdd-8e838d832fe6: URL https://www.dov.vlaanderen.be/geoserver-inspire/gravitystation/wfs? failed - URL responded with status code: 400
UUID fe306d8f-1644-48b1-b569-2d1fb736edb9: URL https://www.dov.vlaanderen.be/geoserver-inspire/flightline/wfs? failed - URL responded with status code: 400
UUID 65d43896-da05-4d31-809c-ce8a27275b4b: URL https://www.dov.vlaanderen.be/geoserver/geothermie/wfs? failed - URL responded with status code: 400
UUID c996c86a-3963-4f7c-951e-4b986b0b71b5: URL https://www.dov.vlaanderen.be/geoserver-inspire/riskzone/wfs? failed - URL responded with status code: 400
UUID 1e4b75ea-4eed-4c1a-a8ff-0f71604b1f05: URL https://www.dov.vlaanderen.be/geoserver-inspire/mine/wfs? failed - URL responded with status code: 400
UUID 3c141da2-4e34-4dc2-9e63-40d1ebaa0355: URL https://www.dov.vlaanderen.be/geoserver-inspire/aquifer/wfs? failed - URL responded with status code: 400
UUID 83f3b408-6ee1-46d1-b4dc-af0729b301ad: URL https://www.dov.vlaanderen.be/geoserver-inspire/biologicalparameter/wfs? failed - URL responded with status code: 400
UUID be0b3d26-a5d8-4130-bbc5-b7581fcdd80e: URL https://www.dov.vlaanderen.be/geoserver-inspire/observedsoilprofile/wfs? failed - URL responded with status code: 400
UUID 7321355b-4804-41e8-bc5f-3dac993ac0a3: URL https://www.dov.vlaanderen.be/geoserver-inspire/aquitard/wfs? failed - URL responded with status code: 400
UUID 1da7cc29-dc61-4244-ac5c-30a07c21f8d7: URL https://www.dov.vlaanderen.be/geoserver-inspire/conepenetrationtest/wfs? failed - URL responded with status code: 400
UUID 782a11ec-bb30-47c5-8403-d5b9d54a4911: URL https://www.dov.vlaanderen.be/geoserver-inspire/wfs? failed - URL responded with status code: 400
UUID 48d3d9ca-90ab-4ef2-af78-8f8b4c1ba203: URL https://www.dov.vlaanderen.be/geoserver-inspire/seismicline/wfs? failed - URL responded with status code: 400
UUID 27033e0e-2651-4910-9e53-f410d9fe8572: URL https://www.dov.vlaanderen.be/geoserver-inspire/borehole/wfs? failed - URL responded with status code: 400
UUID b50fb3ef-9957-4b4b-9193-67a6bba285e4: URL https://www.dov.vlaanderen.be/geoserver-inspire/physicalparameter/wfs? failed - URL responded with status code: 400
UUID e66fe76b-36e3-4f4b-951a-5bfb701d0203: URL https://www.dov.vlaanderen.be/geoserver-inspire/chemicalparameter/wfs? failed - URL responded with status code: 400
