UUID fac7a26b-52fa-461b-a12a-3c937a211280: URL https://arealinformation.miljoeportal.dk/gis/services/Natur/MapServer/WMSServer?request=GetCapabilities&service=WMS failed - URL responded with status code: 500
UUID 997a39f7-5436-41e0-be97-3886a4cd5daa: URL https://arealinformation.miljoeportal.dk/gis/routing?http://geoserver.surfacewater.miljoeportal.dk/geoserver/ows?SERVICE=WMS&REQUEST=GetCapabilities failed - URL responded with status code: 500
UUID a3f558be-b6de-498d-a5b0-b246fb70dc68: URL http://www.kulturarv.dk/fundogfortidsminder/inspireservice/wms?request=GetCapabilities&version=1.1.1 failed - URL responded with status code: 404
UUID faab9d3d-ca22-402b-987b-85f25bd2a1ac: URL https://arealinformation.miljoeportal.dk/gis/services/Natur/MapServer/WMSServer?request=GetCapabilities&service=WMS failed - URL responded with status code: 500
UUID 81b285e6-655e-4339-a8f2-d4da0924e916: URL https://arealinformation.miljoeportal.dk/gis/services/puls/MapServer/WMSServer?request=GetCapabilities&service=WMS failed - URL responded with status code: 500
UUID 8002c09f-7ffa-4462-b062-366bec4ba9a8: URL https://arealinformation.miljoeportal.dk/gis/services/Landbrugsdrift/MapServer/WMSServer?request=GetCapabilities&service=WMS failed - URL responded with status code: 500
UUID 3862f6c0-797b-46db-94eb-8baf2d0be5e1: URL https://services.datafordeler.dk/Matrikel/MatrikelGaeldendeOgForeloebigWMS/1.0.0/WMS?username=xxx&password=yyy&service=WMS&request=GetCapabilities failed - URL responded with status code: 403
UUID 07e51b01-1903-4693-96ef-1284f747dc9e: URL https://arealinformation.miljoeportal.dk/gis/routing?http://geoserver.surfacewater.miljoeportal.dk/geoserver/ows?SERVICE=WMS&REQUEST=GetCapabilities failed - URL responded with status code: 500
UUID 020518f9-33b4-404d-8e72-9818df134716: URL https://gis.nst.dk/server/services/INSPIRE/INSPIRE_FloodRiskZone_1000aar/MapServer/WMSServer?request=GetCapabilities&service=WMS failed - HTTPSConnectionPool(host='gis.nst.dk', port=443): Read timed out. (read timeout=5)
UUID c2d39741-a5d5-4498-8154-cd0f9e3765a3: URL http://geodata.fvm.dk/geoserver/GB_MFO_og_groenne_krav/wms? failed - HTTPConnectionPool(host='ps-isp-usr.cec.eu.int', port=8012): Read timed out. (read timeout=5)
UUID bef1c8f2-074a-4bd3-9f1d-6a8dda56cccf: URL http://geodata.fvm.dk/geoserver/GB_MFO_og_groenne_krav/wms? failed - HTTPConnectionPool(host='ps-isp-usr.cec.eu.int', port=8012): Read timed out. (read timeout=5)
UUID 29bfe8d3-15f8-4e07-9fb5-a4bbfdc4c1f6: URL https://arealinformation.miljoeportal.dk/gis/routing?http://geoserver.surfacewater.miljoeportal.dk/geoserver/ows?SERVICE=WMS&REQUEST=GetCapabilities failed - URL responded with status code: 500
UUID ce25dd74-a3ed-4007-96ed-4023cbdbfa2b: URL http://geodata.fvm.dk/geoserver/GB_MFO_og_groenne_krav/wms? failed - HTTPConnectionPool(host='ps-isp-usr.cec.eu.int', port=8012): Read timed out. (read timeout=5)
UUID b05268ea-8cab-42ab-8c4e-b212cffad46d: URL http://arealinformation.miljoeportal.dk/gis/services/public/MapServer/WMSServer failed - HTTPSConnectionPool(host='arealinformation.miljoeportal.dk', port=443): Max retries exceeded with url: /gis/services/public/MapServer/WMSServer (Caused by ProxyError('Unable to connect to proxy', RemoteDisconnected('Remote end closed connection without response')))
UUID b05268ea-8cab-42ab-8c4e-b212cffad46d: URL https://arealinformation.miljoeportal.dk/gis/services/Natur/MapServer/WMSServer?request=GetCapabilities&service=WMS failed - URL responded with status code: 500
UUID d9f65961-a2e3-4216-b807-75cf45042f38: URL https://arealinformation.miljoeportal.dk/gis/routing?http://geoserver.surfacewater.miljoeportal.dk/geoserver/ows?SERVICE=WMS&REQUEST=GetCapabilities failed - URL responded with status code: 500
UUID d5e502b7-6f42-415e-bff6-15c840fb2b18: URL https://gis.nst.dk/server/services/INSPIRE/INSPIRE_FloodRiskZone_VandLoeb/MapServer/WMSServer?request=GetCapabilities&service=WMS failed - HTTPSConnectionPool(host='gis.nst.dk', port=443): Read timed out. (read timeout=5)
UUID ee940c26-d09f-4092-9aca-87ed962fc36b: URL http://geodata.fvm.dk/geoserver/Marker/wms? failed - HTTPConnectionPool(host='ps-isp-usr.cec.eu.int', port=8012): Read timed out. (read timeout=5)
UUID 8d1ac54f-7f25-4f63-aad1-4da0b0cc84d8: URL https://arealinformation.miljoeportal.dk/gis/services/puls/MapServer/WMSServer?request=GetCapabilities&service=WMS failed - URL responded with status code: 500
UUID 9509f511-3263-4b4a-9e58-2f8171a84371: URL https://arealinformation.miljoeportal.dk/gis/services/Natur/MapServer/WMSServer?request=GetCapabilities&service=WMS failed - URL responded with status code: 500
UUID 8c9b6074-f53f-424e-a318-fcbe85662345: URL https://arealinformation.miljoeportal.dk/gis/routing?http://geoserver.surfacewater.miljoeportal.dk/geoserver/ows?SERVICE=WMS&REQUEST=GetCapabilities failed - URL responded with status code: 500
UUID 8c9b6074-f53f-424e-a318-fcbe85662345: URL https://arealinformation.miljoeportal.dk/gis/routing?http://geoserver.surfacewater.miljoeportal.dk/geoserver/ows?SERVICE=WMS&REQUEST=GetCapabilities failed - URL responded with status code: 500
UUID 89f35f07-b4e6-4b43-b0a9-51cf9698a11d: URL http://geodata.fvm.dk/geoserver/GB_MFO_og_groenne_krav/wms? failed - HTTPConnectionPool(host='ps-isp-usr.cec.eu.int', port=8012): Read timed out. (read timeout=5)
UUID 2ec481e2-6b40-4045-bb45-09442e4ddfa5: URL https://gis.nst.dk/server/services/INSPIRE/INSPIRE_FloodRiskZone_50aar/MapServer/WMSServer?request=GetCapabilities&service=WMS failed - HTTPSConnectionPool(host='gis.nst.dk', port=443): Read timed out. (read timeout=5)
UUID 9efe94cd-614e-46c5-abfc-dbda6ec75f20: URL https://gis.nst.dk/server/services/INSPIRE/FloodAreas_Kombinerede/MapServer/WMSServer?request=GetCapabilities&service=WMS failed - URL responded with status code: 404
UUID 47b327b5-6c4f-4873-8584-149f52717df6: URL https://arealinformation.miljoeportal.dk/gis/routing?http://geoserver.surfacewater.miljoeportal.dk/geoserver/ows?SERVICE=WMS&REQUEST=GetCapabilities failed - URL responded with status code: 500
UUID 40a6febe-22e7-44d7-b69c-985d7d58bcf2: URL http://geodata.fvm.dk/geoserver/Markblokke/wms failed - HTTPConnectionPool(host='ps-isp-usr.cec.eu.int', port=8012): Read timed out. (read timeout=5)
UUID 14efe7d3-5e6a-4d2d-802a-1bcf6ddab051: URL https://arealinformation.miljoeportal.dk/gis/routing?http://geoserver.surfacewater.miljoeportal.dk/geoserver/ows?SERVICE=WMS&REQUEST=GetCapabilities failed - URL responded with status code: 500
