UUID ea192681-d039-42ec-b1bc-f3ce04c189ac: URL TYPE:GEONORGE-WMS@PATH:https://wms.geonorge.no/wms?@LAYER:kv_n50_kartdata failed - No connection adapters were found for 'TYPE:GEONORGE-WMS@PATH:https://wms.geonorge.no/wms?@LAYER:kv_n50_kartdata'
UUID ea192681-d039-42ec-b1bc-f3ce04c189ac: URL TYPE:GEONORGE-WMS@PATH:https://wms.geonorge.no/skwms/wms.geonorge_dekningskart?@LAYER:kv_n50_kartdata failed - No connection adapters were found for 'TYPE:GEONORGE-WMS@PATH:https://wms.geonorge.no/skwms/wms.geonorge_dekningskart?@LAYER:kv_n50_kartdata'
UUID c3da3591-cded-4584-a4b1-bc61b7d1f4f2: URL TYPE:GEONORGE-WMS@PATH:https://wms.geonorge.no/wms?@LAYER:jbv_banenettverk failed - No connection adapters were found for 'TYPE:GEONORGE-WMS@PATH:https://wms.geonorge.no/wms?@LAYER:jbv_banenettverk'
UUID c3da3591-cded-4584-a4b1-bc61b7d1f4f2: URL TYPE:GEONORGE-WMS@PATH:https://wms.geonorge.no/wms_dekningskart?@LAYER:jbv_banenettverk failed - No connection adapters were found for 'TYPE:GEONORGE-WMS@PATH:https://wms.geonorge.no/wms_dekningskart?@LAYER:jbv_banenettverk'
UUID c7ee3b10-9383-49ef-a46c-087ddb1735bb: URL TYPE:WMS@PATH:https://geo.ngu.no/mapserver/MarinBunnsedimenterWMS?@LAYER:Sedimentdannelse_Reg failed - No connection adapters were found for 'TYPE:WMS@PATH:https://geo.ngu.no/mapserver/MarinBunnsedimenterWMS?@LAYER:Sedimentdannelse_Reg'
UUID c6738716-1954-4f88-aa5f-1be7eef36b25: URL TYPE:WMS@PATH:https://geo.ngu.no/mapserver/MarinBunnsedimenterWMS/?request=getcapabilities&service=wms&version=1.3.0@LAYER:Kornstorrelse_Reg failed - No connection adapters were found for 'TYPE:WMS@PATH:https://geo.ngu.no/mapserver/MarinBunnsedimenterWMS/?request=getcapabilities&service=wms&version=1.3.0@LAYER:Kornstorrelse_Reg'
UUID a29b905c-6aaa-4283-ae2c-d167624c08a8: URL TYPE:GEONORGE-WMS@PATH:https://wms.geonorge.no/wms?@LAYER:nve_kvikkleire failed - No connection adapters were found for 'TYPE:GEONORGE-WMS@PATH:https://wms.geonorge.no/wms?@LAYER:nve_kvikkleire'
UUID a29b905c-6aaa-4283-ae2c-d167624c08a8: URL TYPE:GEONORGE-WMS@PATH:https://wms.geonorge.no/skwms/wms.geonorge_dekningskart?@LAYER:nve_kvikkleire failed - No connection adapters were found for 'TYPE:GEONORGE-WMS@PATH:https://wms.geonorge.no/skwms/wms.geonorge_dekningskart?@LAYER:nve_kvikkleire'
UUID 5857ec0a-8d2c-4cd8-baa2-0dc54ae213b4: URL TYPE:GEONORGE-WMS@PATH:https://wms.geonorge.no/wms?@LAYER:md_naturvernomr failed - No connection adapters were found for 'TYPE:GEONORGE-WMS@PATH:https://wms.geonorge.no/wms?@LAYER:md_naturvernomr'
UUID 5857ec0a-8d2c-4cd8-baa2-0dc54ae213b4: URL TYPE:GEONORGE-WMS@PATH:https://wms.geonorge.no/skwms/wms.geonorge_dekningskart?@LAYER:md_naturvernomr failed - No connection adapters were found for 'TYPE:GEONORGE-WMS@PATH:https://wms.geonorge.no/skwms/wms.geonorge_dekningskart?@LAYER:md_naturvernomr'
UUID 22485273-dc0c-4484-a8be-357105d65689: URL TYPE:GEONORGE-WMS@PATH:https://wms.geonorge.no/wms?@LAYER:avinor_lufthavnpunkt failed - No connection adapters were found for 'TYPE:GEONORGE-WMS@PATH:https://wms.geonorge.no/wms?@LAYER:avinor_lufthavnpunkt'
UUID 22485273-dc0c-4484-a8be-357105d65689: URL TYPE:GEONORGE-WMS@PATH:https://wms.geonorge.no/skwms/wms.geonorge_dekningskart?@LAYER:avinor_lufthavnpunkt failed - No connection adapters were found for 'TYPE:GEONORGE-WMS@PATH:https://wms.geonorge.no/skwms/wms.geonorge_dekningskart?@LAYER:avinor_lufthavnpunkt'
UUID a4bfd879-120f-490e-9907-68ba870664b1: URL TYPE:GEONORGE-WMS@PATH:https://wms.geonorge.no/wms?@LAYER:ra_frededebygg failed - No connection adapters were found for 'TYPE:GEONORGE-WMS@PATH:https://wms.geonorge.no/wms?@LAYER:ra_frededebygg'
UUID a4bfd879-120f-490e-9907-68ba870664b1: URL TYPE:GEONORGE-WMS@PATH:https://wms.geonorge.no/skwms/wms.geonorge_dekningskart?@LAYER:ra_frededebygg failed - No connection adapters were found for 'TYPE:GEONORGE-WMS@PATH:https://wms.geonorge.no/skwms/wms.geonorge_dekningskart?@LAYER:ra_frededebygg'
UUID 122cf146-90a9-4557-96ea-e639fb28d896: URL TYPE:GEONORGE-WMS@PATH:https://wms.geonorge.no/wms?@LAYER:ssb_statistisk_rutenett250m failed - No connection adapters were found for 'TYPE:GEONORGE-WMS@PATH:https://wms.geonorge.no/wms?@LAYER:ssb_statistisk_rutenett250m'
UUID 122cf146-90a9-4557-96ea-e639fb28d896: URL TYPE:GEONORGE-WMS@PATH:https://wms.geonorge.no/skwms/wms.geonorge_dekningskart?@LAYER:ssb_statistisk_rutenett250m failed - No connection adapters were found for 'TYPE:GEONORGE-WMS@PATH:https://wms.geonorge.no/skwms/wms.geonorge_dekningskart?@LAYER:ssb_statistisk_rutenett250m'
UUID 09a40026-00e2-4fd8-b390-afd8d6f88c63: URL TYPE:GEONORGE-WMS@PATH:https://wms.geonorge.no/wms?@LAYER:fdir_fiskeplass_redsk failed - No connection adapters were found for 'TYPE:GEONORGE-WMS@PATH:https://wms.geonorge.no/wms?@LAYER:fdir_fiskeplass_redsk'
UUID 09a40026-00e2-4fd8-b390-afd8d6f88c63: URL TYPE:GEONORGE-WMS@PATH:https://wms.geonorge.no/skwms/wms.geonorge_dekningskart?@LAYER:fdir_fiskeplass_redsk failed - No connection adapters were found for 'TYPE:GEONORGE-WMS@PATH:https://wms.geonorge.no/skwms/wms.geonorge_dekningskart?@LAYER:fdir_fiskeplass_redsk'
UUID 1489f7f8-40c8-4dc4-83b6-bcf277b56506: URL TYPE:GEONORGE-WMS@PATH:https://wms.geonorge.no/wms?@LAYER:avinor_stoysoner failed - No connection adapters were found for 'TYPE:GEONORGE-WMS@PATH:https://wms.geonorge.no/wms?@LAYER:avinor_stoysoner'
UUID 1489f7f8-40c8-4dc4-83b6-bcf277b56506: URL TYPE:GEONORGE-WMS@PATH:https://wms.geonorge.no/wms_dekningskart?@LAYER:avinor_stoysonerXX failed - No connection adapters were found for 'TYPE:GEONORGE-WMS@PATH:https://wms.geonorge.no/wms_dekningskart?@LAYER:avinor_stoysonerXX'
UUID 0fdd8501-cacd-40a4-9085-ac6d9a757a8d: URL https://kart.hi.no/data/barentswatch/bw_fisk/ows?request=GetCapabilities&service=WMS failed - HTTPSConnectionPool(host='kart.hi.no', port=443): Read timed out. (read timeout=5)
UUID e9542260-6315-4770-b085-86e95179f735: URL TYPE:GEONORGE-WMS@PATH:https://wms.geonorge.no/wms?@LAYER:nve_aktsomhet_snoskred failed - No connection adapters were found for 'TYPE:GEONORGE-WMS@PATH:https://wms.geonorge.no/wms?@LAYER:nve_aktsomhet_snoskred'
UUID e9542260-6315-4770-b085-86e95179f735: URL TYPE:GEONORGE-WMS@PATH:https://wms.geonorge.no/skwms/wms.geonorge_dekningskart?@LAYER:nve_aktsomhet_snoskred failed - No connection adapters were found for 'TYPE:GEONORGE-WMS@PATH:https://wms.geonorge.no/skwms/wms.geonorge_dekningskart?@LAYER:nve_aktsomhet_snoskred'
UUID df13894d-28f4-448c-890c-d14fd397bbd9: URL TYPE:GEONORGE-WMS@PATH:https://wms.geonorge.no/wms?@LAYER:inspire_protected_sites failed - No connection adapters were found for 'TYPE:GEONORGE-WMS@PATH:https://wms.geonorge.no/wms?@LAYER:inspire_protected_sites'
UUID df13894d-28f4-448c-890c-d14fd397bbd9: URL TYPE:GEONORGE-WMS@PATH:https://wms.geonorge.no/skwms/wms.geonorge_dekningskart?@LAYER:inspire_protected_sites failed - No connection adapters were found for 'TYPE:GEONORGE-WMS@PATH:https://wms.geonorge.no/skwms/wms.geonorge_dekningskart?@LAYER:inspire_protected_sites'
UUID d8346ab9-05ba-4f48-b33a-b7270b433c2d: URL TYPE:GEONORGE-WMS@PATH:https://wms.geonorge.no/wms?@LAYER:ssb_statistisk_rutenett1000m failed - No connection adapters were found for 'TYPE:GEONORGE-WMS@PATH:https://wms.geonorge.no/wms?@LAYER:ssb_statistisk_rutenett1000m'
UUID d8346ab9-05ba-4f48-b33a-b7270b433c2d: URL TYPE:GEONORGE-WMS@PATH:https://wms.geonorge.no/skwms/wms.geonorge_dekningskart?@LAYER:ssb_statistisk_rutenett1000m failed - No connection adapters were found for 'TYPE:GEONORGE-WMS@PATH:https://wms.geonorge.no/skwms/wms.geonorge_dekningskart?@LAYER:ssb_statistisk_rutenett1000m'
UUID d4b28454-ebd6-4425-9a66-00cb2d7e57ed: URL http://dnweb12.miljodirektoratet.no/wmsdn/infoDatasett/Info_fjordkatalogen.htm failed - HTTPConnectionPool(host='ps-isp-usr.cec.eu.int', port=8012): Read timed out. (read timeout=5)
UUID 30e1883e-70e9-4510-9e97-00edbdcddc02: URL TYPE:GEONORGE-WMS@PATH:https://wms.geonorge.no/wms?@LAYER:nve_aktsomhet_jordflomskred failed - No connection adapters were found for 'TYPE:GEONORGE-WMS@PATH:https://wms.geonorge.no/wms?@LAYER:nve_aktsomhet_jordflomskred'
UUID 30e1883e-70e9-4510-9e97-00edbdcddc02: URL TYPE:GEONORGE-WMS@PATH:https://wms.geonorge.no/wms?@LAYER:@LAYER:nve_aktsomhet_jordflomskred failed - No connection adapters were found for 'TYPE:GEONORGE-WMS@PATH:https://wms.geonorge.no/wms?@LAYER:@LAYER:nve_aktsomhet_jordflomskred'
UUID 55b401f3-2ea1-4045-9f87-22ac9d6ecf66: URL TYPE:GEONORGE-WMS@PATH:https://wms.geonorge.no/wms?@LAYER:sentrumssoner_2020 failed - No connection adapters were found for 'TYPE:GEONORGE-WMS@PATH:https://wms.geonorge.no/wms?@LAYER:sentrumssoner_2020'
UUID 55b401f3-2ea1-4045-9f87-22ac9d6ecf66: URL TYPE:GEONORGE-WMS@PATH:https://wms.geonorge.no/skwms/wms.geonorge_dekningskart?@LAYER:sentrumssoner_2020 failed - No connection adapters were found for 'TYPE:GEONORGE-WMS@PATH:https://wms.geonorge.no/skwms/wms.geonorge_dekningskart?@LAYER:sentrumssoner_2020'
UUID 30caed2f-454e-44be-b5cc-26bb5c0110ca: URL TYPE:GEONORGE-WMS@PATH:https://wms.geonorge.no/wms?@LAYER:kv_stedsnavn failed - No connection adapters were found for 'TYPE:GEONORGE-WMS@PATH:https://wms.geonorge.no/wms?@LAYER:kv_stedsnavn'
UUID 30caed2f-454e-44be-b5cc-26bb5c0110ca: URL TYPE:GEONORGE-WMS@PATH:https://wms.geonorge.no/skwms/wms.geonorge_dekningskart?@LAYER:kv_stedsnavn failed - No connection adapters were found for 'TYPE:GEONORGE-WMS@PATH:https://wms.geonorge.no/skwms/wms.geonorge_dekningskart?@LAYER:kv_stedsnavn'
UUID 3f95a194-0968-4457-a500-912958de3d39: URL TYPE:GEONORGE-WMS@PATH:https://wms.geonorge.no/wms?@LAYER:nve_elvis_elvenett failed - No connection adapters were found for 'TYPE:GEONORGE-WMS@PATH:https://wms.geonorge.no/wms?@LAYER:nve_elvis_elvenett'
UUID 32ac0653-d95c-446c-8558-bf9b79f4934e: URL TYPE:GEONORGE-WMS@PATH:https://wms.geonorge.no/wms?@LAYER:ssb_statistisk_rutenett5000m failed - No connection adapters were found for 'TYPE:GEONORGE-WMS@PATH:https://wms.geonorge.no/wms?@LAYER:ssb_statistisk_rutenett5000m'
UUID 32ac0653-d95c-446c-8558-bf9b79f4934e: URL TYPE:GEONORGE-WMS@PATH:https://wms.geonorge.no/skwms/wms.geonorge_dekningskart?@LAYER:ssb_statistisk_rutenett5000m failed - No connection adapters were found for 'TYPE:GEONORGE-WMS@PATH:https://wms.geonorge.no/skwms/wms.geonorge_dekningskart?@LAYER:ssb_statistisk_rutenett5000m'
UUID 96104f20-15f6-460e-a907-501a65e2f9ce: URL TYPE:GEONORGE-WMS@PATH:https://wms.geonorge.no/wms?@LAYER:kv_vbase failed - No connection adapters were found for 'TYPE:GEONORGE-WMS@PATH:https://wms.geonorge.no/wms?@LAYER:kv_vbase'
UUID 96104f20-15f6-460e-a907-501a65e2f9ce: URL TYPE:GEONORGE-WMS@PATH:https://wms.geonorge.no/wms?@LAYER:kv_vbase failed - No connection adapters were found for 'TYPE:GEONORGE-WMS@PATH:https://wms.geonorge.no/wms?@LAYER:kv_vbase'
UUID 7ddb1b9d-08f5-41d0-9d73-48a98d961a2e: URL TYPE:WMS@PATH:https://geo.ngu.no/mapserver/MarinBunnsedimenterWMS?@LAYER:Sedimentasjonsmiljo_Reg failed - No connection adapters were found for 'TYPE:WMS@PATH:https://geo.ngu.no/mapserver/MarinBunnsedimenterWMS?@LAYER:Sedimentasjonsmiljo_Reg'
UUID 79b687ac-7eba-4432-97e2-04dcbc98ccd6: URL TYPE:WMS@PATH:https://geo.ngu.no/mapserver/MarinBunnsedimenterWMS?@LAYER:Sedimentdannelse_Ov failed - No connection adapters were found for 'TYPE:WMS@PATH:https://geo.ngu.no/mapserver/MarinBunnsedimenterWMS?@LAYER:Sedimentdannelse_Ov'
UUID 79f0f17d-9f62-456d-b1a9-2a8c754c51c4: URL TYPE:WMS@PATH:https://geo.ngu.no/mapserver/MarinBunnsedimenterWMS?@LAYER:Det_kart_korn failed - No connection adapters were found for 'TYPE:WMS@PATH:https://geo.ngu.no/mapserver/MarinBunnsedimenterWMS?@LAYER:Det_kart_korn'
UUID 8baa6e54-774e-4789-9e64-1c50f32098f4: URL TYPE:WMS@PATH:https://geo.ngu.no/mapserver/MarinBunnsedimenterWMS?@LAYER:Det_kart_dann failed - No connection adapters were found for 'TYPE:WMS@PATH:https://geo.ngu.no/mapserver/MarinBunnsedimenterWMS?@LAYER:Det_kart_dann'
UUID a26e57bc-15bd-46db-8504-6c6ed1e7c501: URL TYPE:GEONORGE-WMS@PATH:https://wms.geonorge.no/wms?@LAYER:ngu_grusogpukk failed - No connection adapters were found for 'TYPE:GEONORGE-WMS@PATH:https://wms.geonorge.no/wms?@LAYER:ngu_grusogpukk'
UUID a26e57bc-15bd-46db-8504-6c6ed1e7c501: URL TYPE:GEONORGE-WMS@PATH:https://wms.geonorge.no/wms?@LAYER:ngu_grusogpukk failed - No connection adapters were found for 'TYPE:GEONORGE-WMS@PATH:https://wms.geonorge.no/wms?@LAYER:ngu_grusogpukk'
UUID e95008fc-0945-4d66-8bc9-e50ab3f50401: URL TYPE:GEONORGE-WMS@PATH:https://wms.geonorge.no/wms?@LAYER:nve_flomsoner failed - No connection adapters were found for 'TYPE:GEONORGE-WMS@PATH:https://wms.geonorge.no/wms?@LAYER:nve_flomsoner'
UUID e95008fc-0945-4d66-8bc9-e50ab3f50401: URL TYPE:GEONORGE-WMS@PATH:https://wms.geonorge.no/skwms/wms.geonorge_dekningskart?@LAYER:nve_flomsoner failed - No connection adapters were found for 'TYPE:GEONORGE-WMS@PATH:https://wms.geonorge.no/skwms/wms.geonorge_dekningskart?@LAYER:nve_flomsoner'
UUID cef06e8f-3ecc-4406-90d2-25e42f7c3f60: URL https://kart.hi.no/data/barentswatch/bw_pattedyr/ows?request=GetCapabilities&service=WMS failed - HTTPSConnectionPool(host='kart.hi.no', port=443): Read timed out. (read timeout=5)
UUID 31edb985-138e-46a7-a910-a0c1cd9baf4c: URL TYPE:GEONORGE-WMS@PATH:https://wms.geonorge.no/wms?@LAYER:korallrev failed - No connection adapters were found for 'TYPE:GEONORGE-WMS@PATH:https://wms.geonorge.no/wms?@LAYER:korallrev'
UUID 31edb985-138e-46a7-a910-a0c1cd9baf4c: URL TYPE:GEONORGE-WMS@PATH:https://wms.geonorge.no/wms_dekningskart?@LAYER:korallrev failed - No connection adapters were found for 'TYPE:GEONORGE-WMS@PATH:https://wms.geonorge.no/wms_dekningskart?@LAYER:korallrev'
UUID de19fbbf-3734-47a0-89f5-6c5769071cdd: URL TYPE:GEONORGE-WMS@PATH:https://wms.geonorge.no/wms?@LAYER:nve_skredhendelser failed - No connection adapters were found for 'TYPE:GEONORGE-WMS@PATH:https://wms.geonorge.no/wms?@LAYER:nve_skredhendelser'
UUID de19fbbf-3734-47a0-89f5-6c5769071cdd: URL TYPE:GEONORGE-WMS@PATH:https://wms.geonorge.no/skwms/wms.geonorge_dekningskart?@LAYER:nve_skredhendelser failed - No connection adapters were found for 'TYPE:GEONORGE-WMS@PATH:https://wms.geonorge.no/skwms/wms.geonorge_dekningskart?@LAYER:nve_skredhendelser'
UUID 60c5024f-bf93-4d7a-888a-5fe001427195: URL TYPE:GEONORGE-WMS@PATH:https://wms.geonorge.no/wms?@LAYER:nve_flom_aktsomhet failed - No connection adapters were found for 'TYPE:GEONORGE-WMS@PATH:https://wms.geonorge.no/wms?@LAYER:nve_flom_aktsomhet'
UUID 60c5024f-bf93-4d7a-888a-5fe001427195: URL TYPE:GEONORGE-WMS@PATH:https://wms.geonorge.no/skwms/wms.geonorge_dekningskart?@LAYER:nve_flom_aktsomhet failed - No connection adapters were found for 'TYPE:GEONORGE-WMS@PATH:https://wms.geonorge.no/skwms/wms.geonorge_dekningskart?@LAYER:nve_flom_aktsomhet'
UUID 17adbcac-bbb2-4efc-ab51-756573c8f178: URL TYPE:GEONORGE-WMS@PATH:https://wms.geonorge.no/wms?@LAYER:ra_kulturmiljo failed - No connection adapters were found for 'TYPE:GEONORGE-WMS@PATH:https://wms.geonorge.no/wms?@LAYER:ra_kulturmiljo'
UUID 17adbcac-bbb2-4efc-ab51-756573c8f178: URL TYPE:GEONORGE-WMS@PATH:https://wms.geonorge.no/skwms/wms.geonorge_dekningskart?@LAYER:ra_kulturmiljo failed - No connection adapters were found for 'TYPE:GEONORGE-WMS@PATH:https://wms.geonorge.no/skwms/wms.geonorge_dekningskart?@LAYER:ra_kulturmiljo'
UUID aee42bb6-d0e9-4d70-86fe-6ea76c381055: URL TYPE:GEONORGE-WMS@PATH:https://wms.geonorge.no/wms?@LAYER:kv_n1000_kartdata failed - No connection adapters were found for 'TYPE:GEONORGE-WMS@PATH:https://wms.geonorge.no/wms?@LAYER:kv_n1000_kartdata'
UUID aee42bb6-d0e9-4d70-86fe-6ea76c381055: URL TYPE:GEONORGE-WMS@PATH:https://wms.geonorge.no/skwms/wms.geonorge_dekningskart?@LAYER:kv_n1000_kartdata failed - No connection adapters were found for 'TYPE:GEONORGE-WMS@PATH:https://wms.geonorge.no/skwms/wms.geonorge_dekningskart?@LAYER:kv_n1000_kartdata'
UUID b2d5aaf8-79ac-40f3-9cd6-fdc30bc42ea1: URL TYPE:GEONORGE-WMS@PATH:https://wms.geonorge.no/wms?@LAYER:nve_skredsoner failed - No connection adapters were found for 'TYPE:GEONORGE-WMS@PATH:https://wms.geonorge.no/wms?@LAYER:nve_skredsoner'
UUID b2d5aaf8-79ac-40f3-9cd6-fdc30bc42ea1: URL TYPE:GEONORGE-WMS@PATH:https://wms.geonorge.no/skwms/wms.geonorge_dekningskart?@LAYER:nve_skredsoner failed - No connection adapters were found for 'TYPE:GEONORGE-WMS@PATH:https://wms.geonorge.no/skwms/wms.geonorge_dekningskart?@LAYER:nve_skredsoner'
UUID c92d5bef-ef1b-460c-b429-ba16e8e1a9c2: URL TYPE:GEONORGE-WMS@PATH:https://wms.geonorge.no/wms?@LAYER:kv_adminomr_kommune2024 failed - No connection adapters were found for 'TYPE:GEONORGE-WMS@PATH:https://wms.geonorge.no/wms?@LAYER:kv_adminomr_kommune2024'
UUID c92d5bef-ef1b-460c-b429-ba16e8e1a9c2: URL TYPE:GEONORGE-WMS@PATH:https://wms.geonorge.no/skwms/wms.geonorge_dekningskart?@LAYER:kv_adminomr_kommune failed - No connection adapters were found for 'TYPE:GEONORGE-WMS@PATH:https://wms.geonorge.no/skwms/wms.geonorge_dekningskart?@LAYER:kv_adminomr_kommune'
UUID 442cae64-b447-478d-b384-545bc1d9ab48: URL TYPE:GEONORGE-WMS@PATH:https://wms.geonorge.no/wms?@LAYER:kv_n250_kartdata failed - No connection adapters were found for 'TYPE:GEONORGE-WMS@PATH:https://wms.geonorge.no/wms?@LAYER:kv_n250_kartdata'
UUID 442cae64-b447-478d-b384-545bc1d9ab48: URL TYPE:GEONORGE-WMS@PATH:https://wms.geonorge.no/skwms/wms.geonorge_dekningskart?@LAYER:kv_n250_kartdata failed - No connection adapters were found for 'TYPE:GEONORGE-WMS@PATH:https://wms.geonorge.no/skwms/wms.geonorge_dekningskart?@LAYER:kv_n250_kartdata'
UUID 3be8f59c-cf30-47b5-ab5d-61abab25942b: URL TYPE:GEONORGE-WMS@PATH:https://wms.geonorge.no/wms?@LAYER:fdir_korallrev_forbudsomr failed - No connection adapters were found for 'TYPE:GEONORGE-WMS@PATH:https://wms.geonorge.no/wms?@LAYER:fdir_korallrev_forbudsomr'
UUID 3be8f59c-cf30-47b5-ab5d-61abab25942b: URL TYPE:GEONORGE-WMS@PATH:https://wms.geonorge.no/skwms/wms.geonorge_dekningskart?@LAYER:fdir_korallrev_forbudsomr failed - No connection adapters were found for 'TYPE:GEONORGE-WMS@PATH:https://wms.geonorge.no/skwms/wms.geonorge_dekningskart?@LAYER:fdir_korallrev_forbudsomr'
UUID df5c70a1-e9cf-4b2c-bf9a-7dce453830cd: URL TYPE:GEONORGE-WMS@PATH:https://wms.geonorge.no/wms?@LAYER:nve_verneplan_vassdrag failed - No connection adapters were found for 'TYPE:GEONORGE-WMS@PATH:https://wms.geonorge.no/wms?@LAYER:nve_verneplan_vassdrag'
UUID df5c70a1-e9cf-4b2c-bf9a-7dce453830cd: URL TYPE:GEONORGE-WMS@PATH:https://wms.geonorge.no/skwms/wms.geonorge_dekningskart?@LAYER:nve_verneplan_vassdrag failed - No connection adapters were found for 'TYPE:GEONORGE-WMS@PATH:https://wms.geonorge.no/skwms/wms.geonorge_dekningskart?@LAYER:nve_verneplan_vassdrag'
UUID 0a532ad0-715e-45b8-9997-8a7c3d74c47a: URL TYPE:GEONORGE-WMS@PATH:https://wms.geonorge.no/wms?@LAYER:kv_adminomr_fylke2024 failed - No connection adapters were found for 'TYPE:GEONORGE-WMS@PATH:https://wms.geonorge.no/wms?@LAYER:kv_adminomr_fylke2024'
UUID 0a532ad0-715e-45b8-9997-8a7c3d74c47a: URL TYPE:GEONORGE-WMS@PATH:https://wms.geonorge.no/skwms/wms.geonorge_dekningskart?@LAYER:kv_adminomr_fylke failed - No connection adapters were found for 'TYPE:GEONORGE-WMS@PATH:https://wms.geonorge.no/skwms/wms.geonorge_dekningskart?@LAYER:kv_adminomr_fylke'
UUID 47234f63-a9d1-43c7-b91c-db90c92d5008: URL TYPE:GEONORGE-WMS@PATH:https://wms.geonorge.no/wms?@LAYER:jbv_stoysoner_jernbane failed - No connection adapters were found for 'TYPE:GEONORGE-WMS@PATH:https://wms.geonorge.no/wms?@LAYER:jbv_stoysoner_jernbane'
UUID 47234f63-a9d1-43c7-b91c-db90c92d5008: URL TYPE:GEONORGE-WMS@PATH:https://wms.geonorge.no/skwms/wms.geonorge_dekningskart?@LAYER:jbv_stoysoner_jernbane failed - No connection adapters were found for 'TYPE:GEONORGE-WMS@PATH:https://wms.geonorge.no/skwms/wms.geonorge_dekningskart?@LAYER:jbv_stoysoner_jernbane'
UUID f7df7a18-b30f-4745-bd64-d0863812350c: URL TYPE:GEONORGE-WMS@PATH:https://wms.geonorge.no/wms?@LAYER:kv_matrikkel_adresse failed - No connection adapters were found for 'TYPE:GEONORGE-WMS@PATH:https://wms.geonorge.no/wms?@LAYER:kv_matrikkel_adresse'
UUID f7df7a18-b30f-4745-bd64-d0863812350c: URL TYPE:GEONORGE-WMS@PATH:https://wms.geonorge.no/skwms/wms.geonorge_dekningskart?@LAYER:kv_matrikkel_adresse failed - No connection adapters were found for 'TYPE:GEONORGE-WMS@PATH:https://wms.geonorge.no/skwms/wms.geonorge_dekningskart?@LAYER:kv_matrikkel_adresse'
UUID f587a15a-c72a-4b21-aae9-4132df1bdd27: URL TYPE:GEONORGE-WMS@PATH:https://wms.geonorge.no/wms?@LAYER:nve_vannkraft failed - No connection adapters were found for 'TYPE:GEONORGE-WMS@PATH:https://wms.geonorge.no/wms?@LAYER:nve_vannkraft'
UUID f587a15a-c72a-4b21-aae9-4132df1bdd27: URL TYPE:GEONORGE-WMS@PATH:https://wms.geonorge.no/skwms/wms.geonorge_dekningskart?@LAYER:nve_vannkraft failed - No connection adapters were found for 'TYPE:GEONORGE-WMS@PATH:https://wms.geonorge.no/skwms/wms.geonorge_dekningskart?@LAYER:nve_vannkraft'
UUID db4b872f-264d-434c-9574-57232f1e90d2: URL TYPE:GEONORGE-WMS@PATH:https://wms.geonorge.no/wms?@LAYER:kv_offtjeneste_grunnskole failed - No connection adapters were found for 'TYPE:GEONORGE-WMS@PATH:https://wms.geonorge.no/wms?@LAYER:kv_offtjeneste_grunnskole'
UUID db4b872f-264d-434c-9574-57232f1e90d2: URL TYPE:GEONORGE-WMS@PATH:https://wms.geonorge.no/skwms/wms.geonorge_dekningskart?@LAYER:kv_offtjeneste_grunnskole failed - No connection adapters were found for 'TYPE:GEONORGE-WMS@PATH:https://wms.geonorge.no/skwms/wms.geonorge_dekningskart?@LAYER:kv_offtjeneste_grunnskole'
UUID 51d279f8-e2be-4f5e-9f72-1a53f7535ec1: URL TYPE:GEONORGE-WMS@PATH:https://wms.geonorge.no/wms?@LAYER:kv_adm_statistiske_enheter_grunnkretser failed - No connection adapters were found for 'TYPE:GEONORGE-WMS@PATH:https://wms.geonorge.no/wms?@LAYER:kv_adm_statistiske_enheter_grunnkretser'
UUID 51d279f8-e2be-4f5e-9f72-1a53f7535ec1: URL TYPE:GEONORGE-WMS@PATH:https://wms.geonorge.no/skwms/wms.geonorge_dekningskart?@LAYER:kv_adm_statistiske_enheter_grunnkretser failed - No connection adapters were found for 'TYPE:GEONORGE-WMS@PATH:https://wms.geonorge.no/skwms/wms.geonorge_dekningskart?@LAYER:kv_adm_statistiske_enheter_grunnkretser'
UUID 041f1e6e-bdbc-4091-b48f-8a5990f3cc5b: URL TYPE:GEONORGE-WMS@PATH:https://wms.geonorge.no/wms?@LAYER:kv_adminomr_kommune failed - No connection adapters were found for 'TYPE:GEONORGE-WMS@PATH:https://wms.geonorge.no/wms?@LAYER:kv_adminomr_kommune'
UUID 041f1e6e-bdbc-4091-b48f-8a5990f3cc5b: URL TYPE:GEONORGE-WMS@PATH:https://wms.geonorge.no/skwms/wms.geonorge_dekningskart?@LAYER:kv_adminomr_kommune failed - No connection adapters were found for 'TYPE:GEONORGE-WMS@PATH:https://wms.geonorge.no/skwms/wms.geonorge_dekningskart?@LAYER:kv_adminomr_kommune'
UUID a8456aed-441a-40c4-831f-46bcbe4e6ff1: URL TYPE:GEONORGE-WMS@PATH:https://wms.geonorge.no/wms?@LAYER:md_arter_nasjon_forv failed - No connection adapters were found for 'TYPE:GEONORGE-WMS@PATH:https://wms.geonorge.no/wms?@LAYER:md_arter_nasjon_forv'
UUID 8ff1538a-a93c-4391-8d6f-3555fc37819c: URL TYPE:GEONORGE-WMS@PATH:https://wms.geonorge.no/wms?@LAYER:kyv_hovedbiled failed - No connection adapters were found for 'TYPE:GEONORGE-WMS@PATH:https://wms.geonorge.no/wms?@LAYER:kyv_hovedbiled'
UUID 8ff1538a-a93c-4391-8d6f-3555fc37819c: URL TYPE:GEONORGE-WMS@PATH:https://wms.geonorge.no/skwms/wms.geonorge_dekningskart?@LAYER:kyv_hovedledbiled failed - No connection adapters were found for 'TYPE:GEONORGE-WMS@PATH:https://wms.geonorge.no/skwms/wms.geonorge_dekningskart?@LAYER:kyv_hovedledbiled'
UUID 2751aacf-5472-4850-a208-3532a51c529a: URL TYPE:GEONORGE-WMS@PATH:https://wms.geonorge.no/wms?@LAYER:kv_dybdedata failed - No connection adapters were found for 'TYPE:GEONORGE-WMS@PATH:https://wms.geonorge.no/wms?@LAYER:kv_dybdedata'
UUID 2751aacf-5472-4850-a208-3532a51c529a: URL TYPE:GEONORGE-WMS@PATH:https://wms.geonorge.no/skwms/wms.geonorge_dekningskart?@LAYER:kv_dybdedata failed - No connection adapters were found for 'TYPE:GEONORGE-WMS@PATH:https://wms.geonorge.no/skwms/wms.geonorge_dekningskart?@LAYER:kv_dybdedata'
UUID 24d7e9d1-87f6-45a0-b38e-3447f8d7f9a1: URL TYPE:GEONORGE-WMS@PATH:https://wms.geonorge.no/wms?@LAYER:kv_matrikkel_bygningspkt failed - No connection adapters were found for 'TYPE:GEONORGE-WMS@PATH:https://wms.geonorge.no/wms?@LAYER:kv_matrikkel_bygningspkt'
UUID 24d7e9d1-87f6-45a0-b38e-3447f8d7f9a1: URL TYPE:GEONORGE-WMS@PATH:https://wms.geonorge.no/skwms/wms.geonorge_dekningskart?@LAYER:kv_matrikkel_bygningspkt failed - No connection adapters were found for 'TYPE:GEONORGE-WMS@PATH:https://wms.geonorge.no/skwms/wms.geonorge_dekningskart?@LAYER:kv_matrikkel_bygningspkt'
UUID b68212a2-ecb4-4733-8964-2882dc2ea363: URL TYPE:GEONORGE-WMS@PATH:https://wms.geonorge.no/wms?@LAYER:nve_aktsomhet_snosteinsprang failed - No connection adapters were found for 'TYPE:GEONORGE-WMS@PATH:https://wms.geonorge.no/wms?@LAYER:nve_aktsomhet_snosteinsprang'
UUID b68212a2-ecb4-4733-8964-2882dc2ea363: URL TYPE:GEONORGE-WMS@PATH:https://wms.geonorge.no/skwms/wms.geonorge_dekningskart?@LAYER:nve_aktsomhet_snosteinsprang failed - No connection adapters were found for 'TYPE:GEONORGE-WMS@PATH:https://wms.geonorge.no/skwms/wms.geonorge_dekningskart?@LAYER:nve_aktsomhet_snosteinsprang'
UUID 4ca8af5e-ffc7-4636-847d-4eca92c4a3b0: URL TYPE:GEONORGE-WMS@PATH:https://wms.geonorge.no/wms?@LAYER:fdir_akvakulturlokalitet failed - No connection adapters were found for 'TYPE:GEONORGE-WMS@PATH:https://wms.geonorge.no/wms?@LAYER:fdir_akvakulturlokalitet'
UUID 4ca8af5e-ffc7-4636-847d-4eca92c4a3b0: URL TYPE:GEONORGE-WMS@PATH:https://wms.geonorge.no/skwms/wms.geonorge_dekningskart?@LAYER:fdir_akvakulturlokalitet failed - No connection adapters were found for 'TYPE:GEONORGE-WMS@PATH:https://wms.geonorge.no/skwms/wms.geonorge_dekningskart?@LAYER:fdir_akvakulturlokalitet'
UUID a965a979-c12a-4b26-90a0-f09de47dbecd: URL TYPE:GEONORGE-WMS@PATH:https://wms.geonorge.no/wms?@LAYER:arealbruk failed - No connection adapters were found for 'TYPE:GEONORGE-WMS@PATH:https://wms.geonorge.no/wms?@LAYER:arealbruk'
UUID a965a979-c12a-4b26-90a0-f09de47dbecd: URL TYPE:GEONORGE-WMS@PATH:https://wms.geonorge.no/skwms/wms.geonorge_dekningskart?@LAYER:ssb_arealbruk failed - No connection adapters were found for 'TYPE:GEONORGE-WMS@PATH:https://wms.geonorge.no/skwms/wms.geonorge_dekningskart?@LAYER:ssb_arealbruk'
UUID 02c6d51c-4e8c-4948-a620-dc046c8cb747: URL TYPE:GEONORGE-WMS@PATH:https://wms.geonorge.no/wms?@LAYER:nve_aktsomhet_steinsprang failed - No connection adapters were found for 'TYPE:GEONORGE-WMS@PATH:https://wms.geonorge.no/wms?@LAYER:nve_aktsomhet_steinsprang'
UUID 02c6d51c-4e8c-4948-a620-dc046c8cb747: URL TYPE:GEONORGE-WMS@PATH:https://wms.geonorge.no/skwms/wms.geonorge_dekningskart?@LAYER:nve_aktsomhet_steinsprang failed - No connection adapters were found for 'TYPE:GEONORGE-WMS@PATH:https://wms.geonorge.no/skwms/wms.geonorge_dekningskart?@LAYER:nve_aktsomhet_steinsprang'
UUID b3c319bd-910d-4663-8ce8-23a246afe879: URL TYPE:GEONORGE-WMS@PATH:https://wms.geonorge.no/wms?@LAYER:dm_bergrettigheter failed - No connection adapters were found for 'TYPE:GEONORGE-WMS@PATH:https://wms.geonorge.no/wms?@LAYER:dm_bergrettigheter'
UUID b3c319bd-910d-4663-8ce8-23a246afe879: URL TYPE:GEONORGE-WMS@PATH:https://wms.geonorge.no/skwms/wms.geonorge_dekningskart?@LAYER:dm_bergrettigheter failed - No connection adapters were found for 'TYPE:GEONORGE-WMS@PATH:https://wms.geonorge.no/skwms/wms.geonorge_dekningskart?@LAYER:dm_bergrettigheter'
